<?xml version="1.0" encoding="UTF-8"?>
<coverage generated="1776459428539" clover="3.2.0">
  <project timestamp="1776459428539" name="All files">
    <metrics statements="745" coveredstatements="603" conditionals="613" coveredconditionals="435" methods="332" coveredmethods="230" elements="1690" coveredelements="1268" complexity="0" loc="745" ncloc="745" packages="4" files="14" classes="14"/>
    <package name="components">
      <metrics statements="105" coveredstatements="87" conditionals="53" coveredconditionals="31" methods="52" coveredmethods="42"/>
      <file name="ConfirmDialog.tsx" path="/home/tymur/University/c5s2-pui-lab1/src/components/ConfirmDialog.tsx">
        <metrics statements="5" coveredstatements="4" conditionals="2" coveredconditionals="0" methods="2" coveredmethods="1"/>
        <line num="1" count="4" type="stmt"/>
        <line num="2" count="4" type="stmt"/>
        <line num="8" count="4" type="stmt"/>
        <line num="13" count="9" type="stmt"/>
        <line num="14" count="0" type="cond" truecount="0" falsecount="2"/>
      </file>
      <file name="CreateEventDialog.tsx" path="/home/tymur/University/c5s2-pui-lab1/src/components/CreateEventDialog.tsx">
        <metrics statements="12" coveredstatements="10" conditionals="2" coveredconditionals="0" methods="5" coveredmethods="3"/>
        <line num="1" count="3" type="stmt"/>
        <line num="2" count="3" type="stmt"/>
        <line num="3" count="3" type="stmt"/>
        <line num="4" count="3" type="stmt"/>
        <line num="12" count="3" type="stmt"/>
        <line num="16" count="72" type="stmt"/>
        <line num="17" count="72" type="stmt"/>
        <line num="19" count="72" type="stmt"/>
        <line num="20" count="0" type="cond" truecount="0" falsecount="2"/>
        <line num="27" count="0" type="stmt"/>
        <line num="33" count="62" type="stmt"/>
        <line num="37" count="3" type="stmt"/>
      </file>
      <file name="EditEventDialog.tsx" path="/home/tymur/University/c5s2-pui-lab1/src/components/EditEventDialog.tsx">
        <metrics statements="25" coveredstatements="24" conditionals="7" coveredconditionals="5" methods="13" coveredmethods="12"/>
        <line num="1" count="3" type="stmt"/>
        <line num="2" count="3" type="stmt"/>
        <line num="3" count="3" type="stmt"/>
        <line num="4" count="3" type="stmt"/>
        <line num="8" count="3" type="stmt"/>
        <line num="19" count="51" type="stmt"/>
        <line num="20" count="51" type="stmt"/>
        <line num="21" count="51" type="stmt"/>
        <line num="23" count="51" type="stmt"/>
        <line num="24" count="0" type="cond" truecount="0" falsecount="2"/>
        <line num="36" count="16" type="stmt"/>
        <line num="41" count="21" type="stmt"/>
        <line num="46" count="1" type="stmt"/>
        <line num="47" count="1" type="stmt"/>
        <line num="48" count="1" type="stmt"/>
        <line num="49" count="1" type="stmt"/>
        <line num="59" count="16" type="stmt"/>
        <line num="60" count="16" type="stmt"/>
        <line num="61" count="16" type="stmt"/>
        <line num="68" count="1" type="stmt"/>
        <line num="78" count="1" type="stmt"/>
        <line num="87" count="100" type="stmt"/>
        <line num="92" count="2" type="stmt"/>
        <line num="95" count="1" type="stmt"/>
        <line num="110" count="3" type="stmt"/>
      </file>
      <file name="Navigation.tsx" path="/home/tymur/University/c5s2-pui-lab1/src/components/Navigation.tsx">
        <metrics statements="16" coveredstatements="14" conditionals="18" coveredconditionals="11" methods="9" coveredmethods="8"/>
        <line num="1" count="1" type="stmt"/>
        <line num="2" count="1" type="stmt"/>
        <line num="3" count="1" type="stmt"/>
        <line num="5" count="1" type="stmt"/>
        <line num="6" count="8" type="stmt"/>
        <line num="7" count="8" type="stmt"/>
        <line num="10" count="0" type="stmt"/>
        <line num="11" count="0" type="stmt"/>
        <line num="14" count="8" type="stmt"/>
        <line num="20" count="2" type="cond" truecount="1" falsecount="1"/>
        <line num="25" count="2" type="cond" truecount="1" falsecount="1"/>
        <line num="30" count="2" type="cond" truecount="1" falsecount="1"/>
        <line num="43" count="8" type="cond" truecount="1" falsecount="1"/>
        <line num="51" count="2" type="cond" truecount="1" falsecount="1"/>
        <line num="60" count="6" type="cond" truecount="1" falsecount="1"/>
        <line num="65" count="6" type="cond" truecount="1" falsecount="1"/>
      </file>
      <file name="TableList.tsx" path="/home/tymur/University/c5s2-pui-lab1/src/components/TableList.tsx">
        <metrics statements="47" coveredstatements="35" conditionals="24" coveredconditionals="15" methods="23" coveredmethods="18"/>
        <line num="1" count="3" type="stmt"/>
        <line num="2" count="3" type="stmt"/>
        <line num="3" count="3" type="stmt"/>
        <line num="20" count="245" type="stmt"/>
        <line num="21" count="245" type="cond" truecount="1" falsecount="1"/>
        <line num="25" count="0" type="stmt"/>
        <line num="26" count="0" type="cond" truecount="0" falsecount="2"/>
        <line num="30" count="2931" type="cond" truecount="1" falsecount="1"/>
        <line num="33" count="3" type="stmt"/>
        <line num="50" count="408" type="stmt"/>
        <line num="51" count="245" type="stmt"/>
        <line num="54" count="408" type="stmt"/>
        <line num="55" count="408" type="stmt"/>
        <line num="56" count="408" type="stmt"/>
        <line num="58" count="408" type="stmt"/>
        <line num="59" count="408" type="cond" truecount="2" falsecount="0"/>
        <line num="61" count="308" type="stmt"/>
        <line num="62" count="122" type="cond" truecount="1" falsecount="1"/>
        <line num="63" count="0" type="stmt"/>
        <line num="64" count="0" type="stmt"/>
        <line num="65" count="0" type="stmt"/>
        <line num="66" count="0" type="cond" truecount="0" falsecount="2"/>
        <line num="69" count="308" type="stmt"/>
        <line num="71" count="308" type="stmt"/>
        <line num="72" count="308" type="stmt"/>
        <line num="73" count="308" type="stmt"/>
        <line num="74" count="308" type="stmt"/>
        <line num="75" count="308" type="stmt"/>
        <line num="79" count="408" type="stmt"/>
        <line num="80" count="0" type="stmt"/>
        <line num="81" count="0" type="stmt"/>
        <line num="82" count="0" type="stmt"/>
        <line num="83" count="0" type="stmt"/>
        <line num="84" count="0" type="stmt"/>
        <line num="87" count="835" type="stmt"/>
        <line num="90" count="408" type="stmt"/>
        <line num="91" count="1281" type="stmt"/>
        <line num="96" count="408" type="stmt"/>
        <line num="97" count="835" type="stmt"/>
        <line num="101" count="408" type="stmt"/>
        <line num="112" count="835" type="stmt"/>
        <line num="136" count="1019" type="stmt"/>
        <line num="143" count="45" type="stmt"/>
        <line num="146" count="2096" type="stmt"/>
        <line num="159" count="616" type="stmt"/>
        <line num="160" count="616" type="stmt"/>
        <line num="163" count="0" type="stmt"/>
      </file>
    </package>
    <package name="components.__tests__">
      <metrics statements="8" coveredstatements="8" conditionals="0" coveredconditionals="0" methods="2" coveredmethods="2"/>
      <file name="nav-test-helper.tsx" path="/home/tymur/University/c5s2-pui-lab1/src/components/__tests__/nav-test-helper.tsx">
        <metrics statements="8" coveredstatements="8" conditionals="0" coveredconditionals="0" methods="2" coveredmethods="2"/>
        <line num="1" count="1" type="stmt"/>
        <line num="2" count="1" type="stmt"/>
        <line num="3" count="1" type="stmt"/>
        <line num="5" count="1" type="stmt"/>
        <line num="6" count="4" type="stmt"/>
        <line num="7" count="4" type="stmt"/>
        <line num="8" count="4" type="stmt"/>
        <line num="10" count="4" type="stmt"/>
      </file>
    </package>
    <package name="utils">
      <metrics statements="41" coveredstatements="40" conditionals="33" coveredconditionals="32" methods="9" coveredmethods="9"/>
      <file name="formatters.ts" path="/home/tymur/University/c5s2-pui-lab1/src/utils/formatters.ts">
        <metrics statements="41" coveredstatements="40" conditionals="33" coveredconditionals="32" methods="9" coveredmethods="9"/>
        <line num="1" count="4" type="stmt"/>
        <line num="6" count="545" type="stmt"/>
        <line num="7" count="545" type="cond" truecount="2" falsecount="0"/>
        <line num="10" count="4" type="stmt"/>
        <line num="11" count="7" type="cond" truecount="4" falsecount="0"/>
        <line num="12" count="5" type="cond" truecount="2" falsecount="0"/>
        <line num="17" count="3" type="stmt"/>
        <line num="18" count="2" type="cond" truecount="1" falsecount="1"/>
        <line num="19" count="2" type="cond" truecount="4" falsecount="0"/>
        <line num="20" count="1" type="stmt"/>
        <line num="24" count="1" type="stmt"/>
        <line num="26" count="0" type="stmt"/>
        <line num="29" count="4" type="stmt"/>
        <line num="35" count="14" type="cond" truecount="2" falsecount="0"/>
        <line num="36" count="12" type="stmt"/>
        <line num="38" count="2" type="stmt"/>
        <line num="40" count="14" type="cond" truecount="2" falsecount="0"/>
        <line num="41" count="13" type="stmt"/>
        <line num="42" count="13" type="cond" truecount="2" falsecount="0"/>
        <line num="43" count="9" type="stmt"/>
        <line num="47" count="2118" type="stmt"/>
        <line num="51" count="530" type="stmt"/>
        <line num="55" count="529" type="stmt"/>
        <line num="58" count="4" type="stmt"/>
        <line num="59" count="530" type="stmt"/>
        <line num="60" count="530" type="stmt"/>
        <line num="61" count="530" type="stmt"/>
        <line num="63" count="530" type="stmt"/>
        <line num="64" count="8" type="stmt"/>
        <line num="65" count="8" type="cond" truecount="2" falsecount="0"/>
        <line num="68" count="530" type="cond" truecount="2" falsecount="0"/>
        <line num="69" count="1" type="stmt"/>
        <line num="71" count="529" type="cond" truecount="2" falsecount="0"/>
        <line num="72" count="2" type="stmt"/>
        <line num="74" count="527" type="cond" truecount="2" falsecount="0"/>
        <line num="75" count="5" type="stmt"/>
        <line num="77" count="522" type="cond" truecount="2" falsecount="0"/>
        <line num="78" count="1" type="stmt"/>
        <line num="80" count="521" type="stmt"/>
        <line num="83" count="4" type="stmt"/>
        <line num="84" count="8" type="stmt"/>
      </file>
    </package>
    <package name="views">
      <metrics statements="591" coveredstatements="468" conditionals="527" coveredconditionals="372" methods="269" coveredmethods="177"/>
      <file name="AboutView.tsx" path="/home/tymur/University/c5s2-pui-lab1/src/views/AboutView.tsx">
        <metrics statements="2" coveredstatements="2" conditionals="0" coveredconditionals="0" methods="1" coveredmethods="1"/>
        <line num="1" count="1" type="stmt"/>
        <line num="2" count="3" type="stmt"/>
      </file>
      <file name="ContactsView.tsx" path="/home/tymur/University/c5s2-pui-lab1/src/views/ContactsView.tsx">
        <metrics statements="109" coveredstatements="86" conditionals="91" coveredconditionals="73" methods="56" coveredmethods="41"/>
        <line num="1" count="1" type="stmt"/>
        <line num="2" count="1" type="stmt"/>
        <line num="3" count="1" type="stmt"/>
        <line num="4" count="1" type="stmt"/>
        <line num="5" count="1" type="stmt"/>
        <line num="6" count="1" type="stmt"/>
        <line num="7" count="1" type="stmt"/>
        <line num="8" count="1" type="stmt"/>
        <line num="9" count="1" type="stmt"/>
        <line num="10" count="1" type="stmt"/>
        <line num="16" count="1" type="stmt"/>
        <line num="20" count="1" type="stmt"/>
        <line num="26" count="295" type="cond" truecount="2" falsecount="0"/>
        <line num="27" count="293" type="stmt"/>
        <line num="34" count="1" type="stmt"/>
        <line num="38" count="1" type="stmt"/>
        <line num="45" count="58" type="cond" truecount="4" falsecount="0"/>
        <line num="48" count="58" type="stmt"/>
        <line num="74" count="10" type="stmt"/>
        <line num="75" count="10" type="stmt"/>
        <line num="76" count="10" type="stmt"/>
        <line num="77" count="10" type="stmt"/>
        <line num="78" count="10" type="stmt"/>
        <line num="79" count="0" type="cond" truecount="0" falsecount="2"/>
        <line num="84" count="8" type="stmt"/>
        <line num="85" count="0" type="stmt"/>
        <line num="86" count="0" type="stmt"/>
        <line num="87" count="0" type="stmt"/>
        <line num="94" count="1" type="stmt"/>
        <line num="105" count="1" type="stmt"/>
        <line num="106" count="81" type="stmt"/>
        <line num="107" count="81" type="cond" truecount="1" falsecount="1"/>
        <line num="108" count="81" type="stmt"/>
        <line num="109" count="81" type="stmt"/>
        <line num="110" count="81" type="stmt"/>
        <line num="111" count="81" type="stmt"/>
        <line num="114" count="81" type="stmt"/>
        <line num="117" count="81" type="stmt"/>
        <line num="118" count="81" type="stmt"/>
        <line num="119" count="81" type="stmt"/>
        <line num="120" count="81" type="stmt"/>
        <line num="122" count="127" type="stmt"/>
        <line num="124" count="81" type="cond" truecount="2" falsecount="0"/>
        <line num="126" count="176" type="stmt"/>
        <line num="127" count="84" type="stmt"/>
        <line num="130" count="84" type="cond" truecount="1" falsecount="1"/>
        <line num="133" count="171" type="stmt"/>
        <line num="134" count="43" type="stmt"/>
        <line num="137" count="43" type="cond" truecount="1" falsecount="1"/>
        <line num="142" count="7" type="cond" truecount="1" falsecount="1"/>
        <line num="143" count="7" type="cond" truecount="2" falsecount="0"/>
        <line num="144" count="6" type="stmt"/>
        <line num="146" count="6" type="stmt"/>
        <line num="147" count="6" type="stmt"/>
        <line num="149" count="6" type="stmt"/>
        <line num="151" count="1" type="cond" truecount="1" falsecount="1"/>
        <line num="152" count="1" type="stmt"/>
        <line num="157" count="1" type="cond" truecount="1" falsecount="1"/>
        <line num="158" count="2" type="stmt"/>
        <line num="159" count="1" type="stmt"/>
        <line num="160" count="1" type="stmt"/>
        <line num="161" count="1" type="stmt"/>
        <line num="162" count="1" type="stmt"/>
        <line num="163" count="1" type="stmt"/>
        <line num="167" count="1" type="stmt"/>
        <line num="174" count="1" type="stmt"/>
        <line num="175" count="1" type="stmt"/>
        <line num="176" count="1" type="stmt"/>
        <line num="179" count="81" type="stmt"/>
        <line num="183" count="252" type="stmt"/>
        <line num="188" count="252" type="stmt"/>
        <line num="192" count="81" type="stmt"/>
        <line num="197" count="58" type="stmt"/>
        <line num="206" count="58" type="stmt"/>
        <line num="211" count="58" type="stmt"/>
        <line num="215" count="81" type="stmt"/>
        <line num="221" count="2" type="stmt"/>
        <line num="226" count="14" type="stmt"/>
        <line num="235" count="0" type="stmt"/>
        <line num="256" count="2" type="stmt"/>
        <line num="275" count="0" type="stmt"/>
        <line num="280" count="0" type="stmt"/>
        <line num="285" count="0" type="stmt"/>
        <line num="295" count="1" type="cond" truecount="1" falsecount="1"/>
        <line num="307" count="23" type="stmt"/>
        <line num="312" count="0" type="stmt"/>
        <line num="313" count="0" type="stmt"/>
        <line num="314" count="0" type="stmt"/>
        <line num="322" count="0" type="stmt"/>
        <line num="323" count="0" type="stmt"/>
        <line num="324" count="0" type="stmt"/>
        <line num="328" count="1" type="stmt"/>
        <line num="334" count="1" type="stmt"/>
        <line num="344" count="24" type="stmt"/>
        <line num="349" count="0" type="stmt"/>
        <line num="350" count="0" type="stmt"/>
        <line num="351" count="0" type="stmt"/>
        <line num="359" count="0" type="stmt"/>
        <line num="360" count="0" type="stmt"/>
        <line num="361" count="0" type="stmt"/>
        <line num="365" count="0" type="stmt"/>
        <line num="371" count="1" type="stmt"/>
        <line num="384" count="13" type="stmt"/>
        <line num="397" count="19" type="stmt"/>
        <line num="411" count="19" type="stmt"/>
        <line num="440" count="1" type="cond" truecount="1" falsecount="1"/>
        <line num="441" count="0" type="stmt"/>
        <line num="477" count="1" type="stmt"/>
        <line num="484" count="0" type="stmt"/>
      </file>
      <file name="EngObjectsView.tsx" path="/home/tymur/University/c5s2-pui-lab1/src/views/EngObjectsView.tsx">
        <metrics statements="265" coveredstatements="202" conditionals="271" coveredconditionals="187" methods="128" coveredmethods="80"/>
        <line num="1" count="1" type="stmt"/>
        <line num="2" count="1" type="stmt"/>
        <line num="3" count="1" type="stmt"/>
        <line num="4" count="1" type="stmt"/>
        <line num="5" count="1" type="stmt"/>
        <line num="6" count="1" type="stmt"/>
        <line num="7" count="1" type="stmt"/>
        <line num="8" count="1" type="stmt"/>
        <line num="9" count="1" type="stmt"/>
        <line num="10" count="1" type="stmt"/>
        <line num="11" count="1" type="stmt"/>
        <line num="12" count="1" type="stmt"/>
        <line num="13" count="1" type="stmt"/>
        <line num="26" count="98" type="stmt"/>
        <line num="30" count="388" type="stmt"/>
        <line num="31" count="388" type="stmt"/>
        <line num="35" count="314" type="cond" truecount="3" falsecount="1"/>
        <line num="36" count="239" type="stmt"/>
        <line num="37" count="397" type="cond" truecount="2" falsecount="0"/>
        <line num="38" count="396" type="stmt"/>
        <line num="39" count="239" type="cond" truecount="2" falsecount="0"/>
        <line num="43" count="2" type="stmt"/>
        <line num="44" count="2" type="cond" truecount="2" falsecount="0"/>
        <line num="45" count="2" type="cond" truecount="1" falsecount="5"/>
        <line num="46" count="2" type="cond" truecount="1" falsecount="1"/>
        <line num="47" count="4" type="stmt"/>
        <line num="48" count="4" type="stmt"/>
        <line num="49" count="4" type="stmt"/>
        <line num="50" count="4" type="stmt"/>
        <line num="51" count="2" type="cond" truecount="1" falsecount="1"/>
        <line num="52" count="2" type="cond" truecount="1" falsecount="1"/>
        <line num="53" count="2" type="cond" truecount="2" falsecount="0"/>
        <line num="59" count="1" type="stmt"/>
        <line num="64" count="1" type="stmt"/>
        <line num="71" count="92" type="stmt"/>
        <line num="78" count="1" type="stmt"/>
        <line num="82" count="1" type="stmt"/>
        <line num="89" count="46" type="cond" truecount="4" falsecount="0"/>
        <line num="92" count="46" type="stmt"/>
        <line num="103" count="89" type="stmt"/>
        <line num="124" count="17" type="stmt"/>
        <line num="125" count="17" type="stmt"/>
        <line num="126" count="17" type="stmt"/>
        <line num="127" count="17" type="stmt"/>
        <line num="128" count="0" type="cond" truecount="0" falsecount="2"/>
        <line num="133" count="15" type="stmt"/>
        <line num="134" count="0" type="stmt"/>
        <line num="139" count="0" type="stmt"/>
        <line num="143" count="1" type="stmt"/>
        <line num="157" count="21" type="stmt"/>
        <line num="158" count="21" type="stmt"/>
        <line num="159" count="21" type="stmt"/>
        <line num="160" count="0" type="cond" truecount="0" falsecount="2"/>
        <line num="169" count="19" type="stmt"/>
        <line num="173" count="0" type="stmt"/>
        <line num="177" count="1" type="stmt"/>
        <line num="187" count="1" type="stmt"/>
        <line num="190" count="65" type="stmt"/>
        <line num="191" count="63" type="cond" truecount="2" falsecount="2"/>
        <line num="192" count="63" type="cond" truecount="2" falsecount="2"/>
        <line num="193" count="63" type="cond" truecount="1" falsecount="1"/>
        <line num="194" count="0" type="cond" truecount="0" falsecount="4"/>
        <line num="220" count="97" type="stmt"/>
        <line num="226" count="300" type="cond" truecount="2" falsecount="0"/>
        <line num="227" count="300" type="stmt"/>
        <line num="256" count="300" type="stmt"/>
        <line num="257" count="300" type="cond" truecount="2" falsecount="0"/>
        <line num="263" count="300" type="stmt"/>
        <line num="272" count="97" type="stmt"/>
        <line num="289" count="0" type="stmt"/>
        <line num="290" count="0" type="cond" truecount="0" falsecount="2"/>
        <line num="291" count="0" type="stmt"/>
        <line num="292" count="0" type="stmt"/>
        <line num="294" count="0" type="stmt"/>
        <line num="295" count="0" type="cond" truecount="0" falsecount="2"/>
        <line num="301" count="0" type="stmt"/>
        <line num="305" count="0" type="stmt"/>
        <line num="310" count="0" type="stmt"/>
        <line num="320" count="0" type="stmt"/>
        <line num="325" count="0" type="stmt"/>
        <line num="328" count="0" type="stmt"/>
        <line num="341" count="0" type="cond" truecount="0" falsecount="2"/>
        <line num="369" count="56" type="stmt"/>
        <line num="371" count="56" type="stmt"/>
        <line num="372" count="17" type="cond" truecount="2" falsecount="0"/>
        <line num="376" count="56" type="stmt"/>
        <line num="377" count="55" type="cond" truecount="1" falsecount="1"/>
        <line num="378" count="55" type="cond" truecount="1" falsecount="1"/>
        <line num="379" count="55" type="cond" truecount="1" falsecount="1"/>
        <line num="380" count="55" type="stmt"/>
        <line num="383" count="108" type="stmt"/>
        <line num="384" count="56" type="cond" truecount="2" falsecount="0"/>
        <line num="385" count="4" type="stmt"/>
        <line num="388" count="56" type="stmt"/>
        <line num="393" count="90" type="stmt"/>
        <line num="407" count="90" type="stmt"/>
        <line num="414" count="56" type="stmt"/>
        <line num="422" count="1" type="stmt"/>
        <line num="432" count="0" type="stmt"/>
        <line num="452" count="4" type="stmt"/>
        <line num="460" count="0" type="stmt"/>
        <line num="464" count="0" type="stmt"/>
        <line num="494" count="56" type="stmt"/>
        <line num="496" count="56" type="stmt"/>
        <line num="497" count="17" type="cond" truecount="2" falsecount="0"/>
        <line num="501" count="57" type="stmt"/>
        <line num="503" count="110" type="stmt"/>
        <line num="504" count="56" type="cond" truecount="2" falsecount="0"/>
        <line num="505" count="4" type="stmt"/>
        <line num="508" count="56" type="stmt"/>
        <line num="513" count="92" type="stmt"/>
        <line num="525" count="92" type="stmt"/>
        <line num="526" count="92" type="stmt"/>
        <line num="537" count="56" type="stmt"/>
        <line num="545" count="1" type="stmt"/>
        <line num="555" count="0" type="stmt"/>
        <line num="566" count="2" type="stmt"/>
        <line num="578" count="2" type="stmt"/>
        <line num="588" count="0" type="stmt"/>
        <line num="593" count="0" type="stmt"/>
        <line num="609" count="1" type="stmt"/>
        <line num="610" count="97" type="stmt"/>
        <line num="611" count="97" type="cond" truecount="1" falsecount="1"/>
        <line num="612" count="97" type="stmt"/>
        <line num="613" count="97" type="stmt"/>
        <line num="614" count="97" type="stmt"/>
        <line num="615" count="97" type="stmt"/>
        <line num="618" count="97" type="stmt"/>
        <line num="621" count="97" type="stmt"/>
        <line num="622" count="97" type="stmt"/>
        <line num="623" count="97" type="stmt"/>
        <line num="624" count="97" type="stmt"/>
        <line num="625" count="97" type="stmt"/>
        <line num="626" count="97" type="stmt"/>
        <line num="627" count="97" type="stmt"/>
        <line num="628" count="97" type="stmt"/>
        <line num="629" count="97" type="stmt"/>
        <line num="630" count="97" type="stmt"/>
        <line num="631" count="97" type="stmt"/>
        <line num="632" count="97" type="stmt"/>
        <line num="634" count="97" type="stmt"/>
        <line num="635" count="97" type="stmt"/>
        <line num="636" count="97" type="stmt"/>
        <line num="638" count="97" type="stmt"/>
        <line num="639" count="97" type="stmt"/>
        <line num="640" count="84" type="stmt"/>
        <line num="643" count="172" type="stmt"/>
        <line num="645" count="97" type="stmt"/>
        <line num="646" count="3" type="stmt"/>
        <line num="647" count="3" type="cond" truecount="4" falsecount="0"/>
        <line num="651" count="97" type="cond" truecount="4" falsecount="0"/>
        <line num="653" count="97" type="stmt"/>
        <line num="654" count="3" type="cond" truecount="4" falsecount="0"/>
        <line num="656" count="97" type="stmt"/>
        <line num="658" count="51" type="cond" truecount="2" falsecount="0"/>
        <line num="661" count="8" type="cond" truecount="2" falsecount="0"/>
        <line num="666" count="97" type="stmt"/>
        <line num="668" count="51" type="stmt"/>
        <line num="669" count="88" type="cond" truecount="4" falsecount="0"/>
        <line num="674" count="97" type="stmt"/>
        <line num="675" count="54" type="cond" truecount="2" falsecount="0"/>
        <line num="676" count="2" type="stmt"/>
        <line num="677" count="11" type="cond" truecount="2" falsecount="0"/>
        <line num="678" count="11" type="cond" truecount="1" falsecount="1"/>
        <line num="679" count="11" type="cond" truecount="2" falsecount="0"/>
        <line num="680" count="7" type="stmt"/>
        <line num="681" count="7" type="cond" truecount="5" falsecount="1"/>
        <line num="685" count="97" type="stmt"/>
        <line num="686" count="15" type="stmt"/>
        <line num="687" count="15" type="stmt"/>
        <line num="688" count="15" type="stmt"/>
        <line num="689" count="15" type="stmt"/>
        <line num="690" count="15" type="stmt"/>
        <line num="693" count="97" type="stmt"/>
        <line num="694" count="4" type="cond" truecount="1" falsecount="1"/>
        <line num="695" count="4" type="cond" truecount="2" falsecount="0"/>
        <line num="696" count="2" type="stmt"/>
        <line num="697" count="2" type="stmt"/>
        <line num="699" count="2" type="cond" truecount="1" falsecount="1"/>
        <line num="700" count="2" type="stmt"/>
        <line num="701" count="2" type="stmt"/>
        <line num="702" count="2" type="cond" truecount="2" falsecount="0"/>
        <line num="703" count="1" type="stmt"/>
        <line num="704" count="1" type="stmt"/>
        <line num="705" count="1" type="cond" truecount="1" falsecount="1"/>
        <line num="706" count="0" type="stmt"/>
        <line num="711" count="1" type="stmt"/>
        <line num="720" count="1" type="stmt"/>
        <line num="722" count="2" type="stmt"/>
        <line num="724" count="2" type="stmt"/>
        <line num="728" count="97" type="stmt"/>
        <line num="729" count="1" type="cond" truecount="1" falsecount="1"/>
        <line num="730" count="1" type="stmt"/>
        <line num="731" count="1" type="stmt"/>
        <line num="732" count="1" type="stmt"/>
        <line num="733" count="1" type="stmt"/>
        <line num="734" count="1" type="stmt"/>
        <line num="738" count="0" type="cond" truecount="0" falsecount="2"/>
        <line num="739" count="0" type="cond" truecount="0" falsecount="2"/>
        <line num="740" count="0" type="stmt"/>
        <line num="744" count="0" type="cond" truecount="0" falsecount="2"/>
        <line num="745" count="0" type="stmt"/>
        <line num="746" count="0" type="cond" truecount="0" falsecount="2"/>
        <line num="750" count="0" type="cond" truecount="0" falsecount="2"/>
        <line num="751" count="0" type="cond" truecount="0" falsecount="2"/>
        <line num="752" count="0" type="stmt"/>
        <line num="756" count="0" type="cond" truecount="0" falsecount="2"/>
        <line num="757" count="0" type="stmt"/>
        <line num="758" count="0" type="cond" truecount="0" falsecount="2"/>
        <line num="762" count="1" type="stmt"/>
        <line num="767" count="1" type="stmt"/>
        <line num="768" count="1" type="stmt"/>
        <line num="769" count="1" type="stmt"/>
        <line num="773" count="1" type="cond" truecount="1" falsecount="1"/>
        <line num="774" count="1" type="stmt"/>
        <line num="778" count="1" type="stmt"/>
        <line num="779" count="1" type="stmt"/>
        <line num="783" count="1" type="cond" truecount="1" falsecount="1"/>
        <line num="784" count="1" type="stmt"/>
        <line num="788" count="1" type="stmt"/>
        <line num="789" count="1" type="stmt"/>
        <line num="792" count="97" type="stmt"/>
        <line num="793" count="0" type="cond" truecount="0" falsecount="4"/>
        <line num="794" count="0" type="stmt"/>
        <line num="799" count="0" type="stmt"/>
        <line num="800" count="0" type="stmt"/>
        <line num="801" count="0" type="stmt"/>
        <line num="802" count="0" type="stmt"/>
        <line num="805" count="97" type="cond" truecount="2" falsecount="0"/>
        <line num="806" count="97" type="cond" truecount="2" falsecount="0"/>
        <line num="809" count="97" type="cond" truecount="2" falsecount="0"/>
        <line num="810" count="133" type="stmt"/>
        <line num="813" count="97" type="stmt"/>
        <line num="818" count="2" type="stmt"/>
        <line num="838" count="0" type="stmt"/>
        <line num="851" count="15" type="stmt"/>
        <line num="871" count="2" type="stmt"/>
        <line num="884" count="0" type="stmt"/>
        <line num="902" count="34" type="stmt"/>
        <line num="912" count="0" type="stmt"/>
        <line num="914" count="0" type="stmt"/>
        <line num="928" count="0" type="stmt"/>
        <line num="932" count="34" type="stmt"/>
        <line num="940" count="0" type="stmt"/>
        <line num="946" count="0" type="stmt"/>
        <line num="966" count="55" type="stmt"/>
        <line num="971" count="110" type="cond" truecount="1" falsecount="1"/>
        <line num="972" count="1" type="stmt"/>
        <line num="988" count="0" type="stmt"/>
        <line num="1011" count="2" type="stmt"/>
        <line num="1017" count="1" type="stmt"/>
        <line num="1029" count="2" type="stmt"/>
        <line num="1035" count="1" type="stmt"/>
        <line num="1052" count="1" type="stmt"/>
        <line num="1059" count="0" type="stmt"/>
        <line num="1066" count="0" type="stmt"/>
        <line num="1073" count="0" type="stmt"/>
        <line num="1078" count="0" type="stmt"/>
        <line num="1079" count="0" type="stmt"/>
        <line num="1083" count="0" type="stmt"/>
        <line num="1084" count="0" type="stmt"/>
        <line num="1090" count="0" type="stmt"/>
        <line num="1091" count="0" type="stmt"/>
        <line num="1095" count="0" type="stmt"/>
        <line num="1096" count="0" type="stmt"/>
      </file>
      <file name="ExtratasksView.tsx" path="/home/tymur/University/c5s2-pui-lab1/src/views/ExtratasksView.tsx">
        <metrics statements="157" coveredstatements="121" conditionals="140" coveredconditionals="87" methods="70" coveredmethods="42"/>
        <line num="1" count="1" type="stmt"/>
        <line num="2" count="1" type="stmt"/>
        <line num="3" count="1" type="stmt"/>
        <line num="4" count="1" type="stmt"/>
        <line num="5" count="1" type="stmt"/>
        <line num="6" count="1" type="stmt"/>
        <line num="7" count="1" type="stmt"/>
        <line num="8" count="1" type="stmt"/>
        <line num="9" count="1" type="stmt"/>
        <line num="10" count="1" type="stmt"/>
        <line num="11" count="1" type="stmt"/>
        <line num="12" count="1" type="stmt"/>
        <line num="19" count="44" type="stmt"/>
        <line num="23" count="2" type="stmt"/>
        <line num="24" count="2" type="cond" truecount="2" falsecount="0"/>
        <line num="25" count="2" type="cond" truecount="1" falsecount="5"/>
        <line num="26" count="2" type="cond" truecount="1" falsecount="1"/>
        <line num="27" count="2" type="stmt"/>
        <line num="28" count="2" type="stmt"/>
        <line num="29" count="2" type="stmt"/>
        <line num="30" count="2" type="stmt"/>
        <line num="31" count="2" type="cond" truecount="1" falsecount="1"/>
        <line num="32" count="2" type="cond" truecount="1" falsecount="1"/>
        <line num="33" count="2" type="cond" truecount="2" falsecount="0"/>
        <line num="39" count="1" type="stmt"/>
        <line num="43" count="1" type="stmt"/>
        <line num="50" count="225" type="cond" truecount="4" falsecount="0"/>
        <line num="53" count="225" type="stmt"/>
        <line num="64" count="42" type="stmt"/>
        <line num="85" count="23" type="stmt"/>
        <line num="86" count="23" type="stmt"/>
        <line num="87" count="23" type="stmt"/>
        <line num="88" count="23" type="stmt"/>
        <line num="89" count="0" type="cond" truecount="0" falsecount="2"/>
        <line num="94" count="21" type="stmt"/>
        <line num="95" count="0" type="stmt"/>
        <line num="100" count="0" type="stmt"/>
        <line num="104" count="1" type="stmt"/>
        <line num="129" count="48" type="stmt"/>
        <line num="131" count="48" type="stmt"/>
        <line num="132" count="13" type="cond" truecount="1" falsecount="1"/>
        <line num="135" count="48" type="stmt"/>
        <line num="136" count="50" type="stmt"/>
        <line num="138" count="48" type="stmt"/>
        <line num="143" count="44" type="stmt"/>
        <line num="155" count="44" type="stmt"/>
        <line num="156" count="44" type="stmt"/>
        <line num="167" count="48" type="stmt"/>
        <line num="175" count="0" type="stmt"/>
        <line num="185" count="0" type="stmt"/>
        <line num="196" count="0" type="stmt"/>
        <line num="207" count="0" type="stmt"/>
        <line num="212" count="0" type="stmt"/>
        <line num="228" count="1" type="stmt"/>
        <line num="229" count="78" type="stmt"/>
        <line num="230" count="78" type="cond" truecount="1" falsecount="1"/>
        <line num="231" count="78" type="stmt"/>
        <line num="232" count="78" type="stmt"/>
        <line num="233" count="78" type="stmt"/>
        <line num="234" count="78" type="stmt"/>
        <line num="237" count="78" type="stmt"/>
        <line num="240" count="78" type="stmt"/>
        <line num="241" count="78" type="stmt"/>
        <line num="242" count="78" type="stmt"/>
        <line num="243" count="78" type="stmt"/>
        <line num="244" count="78" type="stmt"/>
        <line num="245" count="78" type="stmt"/>
        <line num="246" count="78" type="stmt"/>
        <line num="247" count="78" type="stmt"/>
        <line num="248" count="78" type="stmt"/>
        <line num="249" count="78" type="stmt"/>
        <line num="251" count="78" type="stmt"/>
        <line num="252" count="78" type="stmt"/>
        <line num="253" count="64" type="stmt"/>
        <line num="256" count="106" type="stmt"/>
        <line num="258" count="78" type="stmt"/>
        <line num="259" count="13" type="stmt"/>
        <line num="260" count="13" type="stmt"/>
        <line num="261" count="13" type="stmt"/>
        <line num="262" count="13" type="stmt"/>
        <line num="265" count="78" type="stmt"/>
        <line num="266" count="4" type="cond" truecount="1" falsecount="1"/>
        <line num="267" count="4" type="cond" truecount="2" falsecount="0"/>
        <line num="268" count="2" type="stmt"/>
        <line num="269" count="2" type="stmt"/>
        <line num="271" count="2" type="cond" truecount="1" falsecount="1"/>
        <line num="272" count="2" type="stmt"/>
        <line num="273" count="2" type="stmt"/>
        <line num="274" count="2" type="cond" truecount="2" falsecount="0"/>
        <line num="275" count="1" type="stmt"/>
        <line num="276" count="1" type="stmt"/>
        <line num="277" count="1" type="cond" truecount="1" falsecount="1"/>
        <line num="278" count="0" type="stmt"/>
        <line num="283" count="1" type="stmt"/>
        <line num="292" count="1" type="stmt"/>
        <line num="294" count="2" type="stmt"/>
        <line num="296" count="2" type="stmt"/>
        <line num="300" count="78" type="stmt"/>
        <line num="301" count="1" type="cond" truecount="1" falsecount="1"/>
        <line num="302" count="1" type="stmt"/>
        <line num="303" count="1" type="stmt"/>
        <line num="304" count="1" type="stmt"/>
        <line num="305" count="1" type="stmt"/>
        <line num="306" count="1" type="stmt"/>
        <line num="310" count="0" type="cond" truecount="0" falsecount="2"/>
        <line num="311" count="0" type="cond" truecount="0" falsecount="2"/>
        <line num="312" count="0" type="stmt"/>
        <line num="316" count="0" type="cond" truecount="0" falsecount="2"/>
        <line num="317" count="0" type="stmt"/>
        <line num="318" count="0" type="cond" truecount="0" falsecount="2"/>
        <line num="322" count="1" type="stmt"/>
        <line num="326" count="1" type="stmt"/>
        <line num="327" count="1" type="stmt"/>
        <line num="328" count="1" type="stmt"/>
        <line num="332" count="1" type="cond" truecount="1" falsecount="1"/>
        <line num="333" count="1" type="stmt"/>
        <line num="337" count="1" type="stmt"/>
        <line num="338" count="1" type="stmt"/>
        <line num="341" count="78" type="stmt"/>
        <line num="342" count="0" type="cond" truecount="0" falsecount="4"/>
        <line num="343" count="0" type="stmt"/>
        <line num="348" count="0" type="stmt"/>
        <line num="349" count="0" type="stmt"/>
        <line num="350" count="0" type="stmt"/>
        <line num="351" count="0" type="stmt"/>
        <line num="354" count="78" type="cond" truecount="2" falsecount="0"/>
        <line num="355" count="92" type="stmt"/>
        <line num="358" count="78" type="stmt"/>
        <line num="363" count="183" type="cond" truecount="2" falsecount="0"/>
        <line num="364" count="183" type="stmt"/>
        <line num="384" count="183" type="stmt"/>
        <line num="388" count="78" type="stmt"/>
        <line num="394" count="2" type="stmt"/>
        <line num="413" count="0" type="stmt"/>
        <line num="425" count="19" type="stmt"/>
        <line num="445" count="2" type="stmt"/>
        <line num="458" count="0" type="stmt"/>
        <line num="476" count="21" type="stmt"/>
        <line num="486" count="0" type="stmt"/>
        <line num="488" count="0" type="stmt"/>
        <line num="501" count="0" type="stmt"/>
        <line num="505" count="63" type="stmt"/>
        <line num="513" count="0" type="stmt"/>
        <line num="519" count="0" type="stmt"/>
        <line num="539" count="23" type="stmt"/>
        <line num="544" count="32" type="cond" truecount="1" falsecount="1"/>
        <line num="545" count="1" type="stmt"/>
        <line num="561" count="0" type="stmt"/>
        <line num="582" count="2" type="stmt"/>
        <line num="588" count="0" type="stmt"/>
        <line num="608" count="1" type="stmt"/>
        <line num="615" count="0" type="stmt"/>
        <line num="622" count="0" type="stmt"/>
        <line num="627" count="0" type="stmt"/>
        <line num="628" count="0" type="stmt"/>
        <line num="631" count="0" type="stmt"/>
        <line num="632" count="0" type="stmt"/>
      </file>
      <file name="LoginView.tsx" path="/home/tymur/University/c5s2-pui-lab1/src/views/LoginView.tsx">
        <metrics statements="18" coveredstatements="18" conditionals="4" coveredconditionals="4" methods="4" coveredmethods="4"/>
        <line num="1" count="1" type="stmt"/>
        <line num="2" count="1" type="stmt"/>
        <line num="3" count="1" type="stmt"/>
        <line num="4" count="1" type="stmt"/>
        <line num="5" count="1" type="stmt"/>
        <line num="7" count="1" type="stmt"/>
        <line num="8" count="49" type="stmt"/>
        <line num="9" count="49" type="stmt"/>
        <line num="10" count="49" type="stmt"/>
        <line num="11" count="49" type="stmt"/>
        <line num="12" count="49" type="stmt"/>
        <line num="15" count="2" type="stmt"/>
        <line num="16" count="2" type="cond" truecount="2" falsecount="0"/>
        <line num="17" count="1" type="stmt"/>
        <line num="19" count="1" type="stmt"/>
        <line num="23" count="49" type="stmt"/>
        <line num="34" count="33" type="stmt"/>
        <line num="44" count="9" type="stmt"/>
      </file>
      <file name="ProfileView.tsx" path="/home/tymur/University/c5s2-pui-lab1/src/views/ProfileView.tsx">
        <metrics statements="8" coveredstatements="8" conditionals="4" coveredconditionals="4" methods="2" coveredmethods="2"/>
        <line num="1" count="1" type="stmt"/>
        <line num="7" count="1" type="stmt"/>
        <line num="10" count="6" type="cond" truecount="2" falsecount="0"/>
        <line num="11" count="5" type="cond" truecount="2" falsecount="0"/>
        <line num="12" count="4" type="stmt"/>
        <line num="15" count="1" type="stmt"/>
        <line num="16" count="6" type="stmt"/>
        <line num="18" count="6" type="stmt"/>
      </file>
      <file name="RegisterView.tsx" path="/home/tymur/University/c5s2-pui-lab1/src/views/RegisterView.tsx">
        <metrics statements="32" coveredstatements="31" conditionals="17" coveredconditionals="17" methods="8" coveredmethods="7"/>
        <line num="1" count="1" type="stmt"/>
        <line num="2" count="1" type="stmt"/>
        <line num="3" count="1" type="stmt"/>
        <line num="4" count="1" type="stmt"/>
        <line num="5" count="1" type="stmt"/>
        <line num="6" count="1" type="stmt"/>
        <line num="8" count="1" type="stmt"/>
        <line num="9" count="82" type="stmt"/>
        <line num="10" count="82" type="stmt"/>
        <line num="11" count="82" type="stmt"/>
        <line num="12" count="82" type="stmt"/>
        <line num="13" count="82" type="stmt"/>
        <line num="14" count="82" type="stmt"/>
        <line num="15" count="82" type="stmt"/>
        <line num="16" count="82" type="stmt"/>
        <line num="17" count="82" type="stmt"/>
        <line num="20" count="3" type="stmt"/>
        <line num="21" count="3" type="cond" truecount="7" falsecount="0"/>
        <line num="22" count="1" type="stmt"/>
        <line num="23" count="1" type="stmt"/>
        <line num="25" count="2" type="cond" truecount="2" falsecount="0"/>
        <line num="26" count="2" type="cond" truecount="2" falsecount="0"/>
        <line num="27" count="1" type="stmt"/>
        <line num="28" count="1" type="stmt"/>
        <line num="30" count="1" type="stmt"/>
        <line num="33" count="82" type="stmt"/>
        <line num="44" count="35" type="stmt"/>
        <line num="54" count="14" type="stmt"/>
        <line num="64" count="8" type="stmt"/>
        <line num="74" count="14" type="stmt"/>
        <line num="82" count="0" type="stmt"/>
        <line num="95" count="2" type="stmt"/>
      </file>
    </package>
  </project>
</coverage>
