{"/home/tymur/University/c5s2-pui-lab1/src/components/ConfirmDialog.tsx": {"path":"/home/tymur/University/c5s2-pui-lab1/src/components/ConfirmDialog.tsx","statementMap":{"0":{"start":{"line":8,"column":0},"end":{"line":8,"column":24}},"1":{"start":{"line":1,"column":0},"end":{"line":1,"column":48}},"2":{"start":{"line":2,"column":0},"end":{"line":2,"column":null}},"3":{"start":{"line":13,"column":1},"end":{"line":23,"column":3}},"4":{"start":{"line":14,"column":41},"end":{"line":14,"column":63}},"5":{"start":{"line":14,"column":52},"end":{"line":14,"column":63}}},"fnMap":{"0":{"name":"ConfirmDialog","decl":{"start":{"line":8,"column":24},"end":{"line":8,"column":37}},"loc":{"start":{"line":12,"column":1},"end":{"line":24,"column":1}}},"1":{"name":"(anonymous_1)","decl":{"start":{"line":14,"column":29},"end":{"line":14,"column":30}},"loc":{"start":{"line":14,"column":38},"end":{"line":14,"column":65}}}},"branchMap":{"0":{"loc":{"start":{"line":14,"column":41},"end":{"line":14,"column":63}},"type":"if","locations":[{"start":{"line":14,"column":41},"end":{"line":14,"column":63}},{"start":{},"end":{}}]}},"s":{"0":4,"1":4,"2":4,"3":9,"4":0,"5":0},"f":{"0":9,"1":0},"b":{"0":[0,0]}}
,"/home/tymur/University/c5s2-pui-lab1/src/components/CreateEventDialog.tsx": {"path":"/home/tymur/University/c5s2-pui-lab1/src/components/CreateEventDialog.tsx","statementMap":{"0":{"start":{"line":12,"column":0},"end":{"line":12,"column":24}},"1":{"start":{"line":1,"column":0},"end":{"line":1,"column":33}},"2":{"start":{"line":2,"column":0},"end":{"line":2,"column":48}},"3":{"start":{"line":3,"column":0},"end":{"line":3,"column":46}},"4":{"start":{"line":4,"column":0},"end":{"line":4,"column":null}},"5":{"start":{"line":16,"column":35},"end":{"line":16,"column":82}},"6":{"start":{"line":17,"column":25},"end":{"line":17,"column":37}},"7":{"start":{"line":19,"column":1},"end":{"line":41,"column":3}},"8":{"start":{"line":20,"column":41},"end":{"line":20,"column":63}},"9":{"start":{"line":20,"column":52},"end":{"line":20,"column":63}},"10":{"start":{"line":27,"column":67},"end":{"line":27,"column":95}},"11":{"start":{"line":33,"column":20},"end":{"line":33,"column":43}},"12":{"start":{"line":37,"column":53},"end":{"line":37,"column":83}}},"fnMap":{"0":{"name":"CreateEventDialog","decl":{"start":{"line":12,"column":24},"end":{"line":12,"column":41}},"loc":{"start":{"line":15,"column":1},"end":{"line":42,"column":1}}},"1":{"name":"(anonymous_1)","decl":{"start":{"line":20,"column":29},"end":{"line":20,"column":30}},"loc":{"start":{"line":20,"column":38},"end":{"line":20,"column":65}}},"2":{"name":"(anonymous_2)","decl":{"start":{"line":27,"column":62},"end":{"line":27,"column":63}},"loc":{"start":{"line":27,"column":67},"end":{"line":27,"column":95}}},"3":{"name":"(anonymous_3)","decl":{"start":{"line":33,"column":15},"end":{"line":33,"column":16}},"loc":{"start":{"line":33,"column":20},"end":{"line":33,"column":43}}},"4":{"name":"(anonymous_4)","decl":{"start":{"line":37,"column":47},"end":{"line":37,"column":50}},"loc":{"start":{"line":37,"column":53},"end":{"line":37,"column":83}}}},"branchMap":{"0":{"loc":{"start":{"line":20,"column":41},"end":{"line":20,"column":63}},"type":"if","locations":[{"start":{"line":20,"column":41},"end":{"line":20,"column":63}},{"start":{},"end":{}}]}},"s":{"0":3,"1":3,"2":3,"3":3,"4":3,"5":72,"6":72,"7":72,"8":0,"9":0,"10":0,"11":62,"12":3},"f":{"0":72,"1":0,"2":0,"3":62,"4":3},"b":{"0":[0,0]}}
,"/home/tymur/University/c5s2-pui-lab1/src/components/EditEventDialog.tsx": {"path":"/home/tymur/University/c5s2-pui-lab1/src/components/EditEventDialog.tsx","statementMap":{"0":{"start":{"line":8,"column":0},"end":{"line":8,"column":24}},"1":{"start":{"line":1,"column":0},"end":{"line":1,"column":33}},"2":{"start":{"line":2,"column":0},"end":{"line":2,"column":48}},"3":{"start":{"line":3,"column":0},"end":{"line":3,"column":46}},"4":{"start":{"line":4,"column":0},"end":{"line":4,"column":104}},"5":{"start":{"line":19,"column":26},"end":{"line":19,"column":46}},"6":{"start":{"line":20,"column":28},"end":{"line":20,"column":62}},"7":{"start":{"line":21,"column":34},"end":{"line":21,"column":73}},"8":{"start":{"line":23,"column":2},"end":{"line":118,"column":4}},"9":{"start":{"line":24,"column":43},"end":{"line":24,"column":65}},"10":{"start":{"line":24,"column":54},"end":{"line":24,"column":65}},"11":{"start":{"line":36,"column":27},"end":{"line":36,"column":50}},"12":{"start":{"line":41,"column":12},"end":{"line":41,"column":25}},"13":{"start":{"line":46,"column":31},"end":{"line":46,"column":61}},"14":{"start":{"line":47,"column":31},"end":{"line":47,"column":41}},"15":{"start":{"line":48,"column":18},"end":{"line":48,"column":57}},"16":{"start":{"line":49,"column":18},"end":{"line":49,"column":33}},"17":{"start":{"line":59,"column":31},"end":{"line":59,"column":41}},"18":{"start":{"line":60,"column":18},"end":{"line":60,"column":71}},"19":{"start":{"line":61,"column":18},"end":{"line":61,"column":33}},"20":{"start":{"line":68,"column":31},"end":{"line":68,"column":72}},"21":{"start":{"line":68,"column":63},"end":{"line":68,"column":70}},"22":{"start":{"line":78,"column":27},"end":{"line":78,"column":73}},"23":{"start":{"line":87,"column":14},"end":{"line":87,"column":32}},"24":{"start":{"line":92,"column":20},"end":{"line":95,"column":null}},"25":{"start":{"line":95,"column":50},"end":{"line":95,"column":61}},"26":{"start":{"line":110,"column":27},"end":{"line":110,"column":63}}},"fnMap":{"0":{"name":"EditEventDialog","decl":{"start":{"line":8,"column":24},"end":{"line":8,"column":39}},"loc":{"start":{"line":18,"column":1},"end":{"line":119,"column":1}}},"1":{"name":"(anonymous_1)","decl":{"start":{"line":24,"column":31},"end":{"line":24,"column":32}},"loc":{"start":{"line":24,"column":40},"end":{"line":24,"column":67}}},"2":{"name":"(anonymous_2)","decl":{"start":{"line":36,"column":20},"end":{"line":36,"column":21}},"loc":{"start":{"line":36,"column":27},"end":{"line":36,"column":50}}},"3":{"name":"(anonymous_3)","decl":{"start":{"line":40,"column":21},"end":{"line":40,"column":22}},"loc":{"start":{"line":41,"column":12},"end":{"line":41,"column":25}}},"4":{"name":"(anonymous_4)","decl":{"start":{"line":45,"column":26},"end":{"line":45,"column":27}},"loc":{"start":{"line":45,"column":32},"end":{"line":50,"column":17}}},"5":{"name":"(anonymous_5)","decl":{"start":{"line":58,"column":26},"end":{"line":58,"column":27}},"loc":{"start":{"line":58,"column":32},"end":{"line":62,"column":17}}},"6":{"name":"(anonymous_6)","decl":{"start":{"line":68,"column":25},"end":{"line":68,"column":28}},"loc":{"start":{"line":68,"column":31},"end":{"line":68,"column":72}}},"7":{"name":"(anonymous_7)","decl":{"start":{"line":68,"column":53},"end":{"line":68,"column":54}},"loc":{"start":{"line":68,"column":63},"end":{"line":68,"column":70}}},"8":{"name":"(anonymous_8)","decl":{"start":{"line":78,"column":21},"end":{"line":78,"column":24}},"loc":{"start":{"line":78,"column":27},"end":{"line":78,"column":73}}},"9":{"name":"(anonymous_9)","decl":{"start":{"line":86,"column":23},"end":{"line":86,"column":24}},"loc":{"start":{"line":87,"column":14},"end":{"line":87,"column":32}}},"10":{"name":"(anonymous_10)","decl":{"start":{"line":91,"column":28},"end":{"line":91,"column":29}},"loc":{"start":{"line":92,"column":20},"end":{"line":95,"column":null}}},"11":{"name":"(anonymous_11)","decl":{"start":{"line":95,"column":42},"end":{"line":95,"column":43}},"loc":{"start":{"line":95,"column":50},"end":{"line":95,"column":61}}},"12":{"name":"(anonymous_12)","decl":{"start":{"line":110,"column":21},"end":{"line":110,"column":24}},"loc":{"start":{"line":110,"column":27},"end":{"line":110,"column":63}}}},"branchMap":{"0":{"loc":{"start":{"line":24,"column":43},"end":{"line":24,"column":65}},"type":"if","locations":[{"start":{"line":24,"column":43},"end":{"line":24,"column":65}},{"start":{},"end":{}}]},"1":{"loc":{"start":{"line":83,"column":9},"end":{"line":102,"column":null}},"type":"binary-expr","locations":[{"start":{"line":83,"column":9},"end":{"line":83,"column":14}},{"start":{"line":83,"column":18},"end":{"line":83,"column":34}},{"start":{"line":84,"column":10},"end":{"line":101,"column":null}}]},"2":{"loc":{"start":{"line":93,"column":22},"end":{"line":95,"column":62}},"type":"cond-expr","locations":[{"start":{"line":94,"column":26},"end":{"line":94,"column":45}},{"start":{"line":95,"column":26},"end":{"line":95,"column":62}}]}},"s":{"0":3,"1":3,"2":3,"3":3,"4":3,"5":51,"6":51,"7":51,"8":51,"9":0,"10":0,"11":16,"12":21,"13":1,"14":1,"15":1,"16":1,"17":16,"18":16,"19":16,"20":1,"21":1,"22":1,"23":100,"24":2,"25":1,"26":3},"f":{"0":51,"1":0,"2":16,"3":21,"4":1,"5":16,"6":1,"7":1,"8":1,"9":100,"10":2,"11":1,"12":3},"b":{"0":[0,0],"1":[51,51,50],"2":[1,1]}}
,"/home/tymur/University/c5s2-pui-lab1/src/components/Navigation.tsx": {"path":"/home/tymur/University/c5s2-pui-lab1/src/components/Navigation.tsx","statementMap":{"0":{"start":{"line":5,"column":0},"end":{"line":5,"column":24}},"1":{"start":{"line":1,"column":0},"end":{"line":1,"column":56}},"2":{"start":{"line":2,"column":0},"end":{"line":2,"column":48}},"3":{"start":{"line":3,"column":0},"end":{"line":3,"column":36}},"4":{"start":{"line":6,"column":38},"end":{"line":6,"column":47}},"5":{"start":{"line":7,"column":19},"end":{"line":7,"column":32}},"6":{"start":{"line":10,"column":4},"end":{"line":10,"column":13}},"7":{"start":{"line":11,"column":4},"end":{"line":11,"column":23}},"8":{"start":{"line":14,"column":2},"end":{"line":71,"column":4}},"9":{"start":{"line":20,"column":14},"end":{"line":20,"column":133}},"10":{"start":{"line":25,"column":14},"end":{"line":25,"column":131}},"11":{"start":{"line":30,"column":14},"end":{"line":30,"column":129}},"12":{"start":{"line":43,"column":10},"end":{"line":43,"column":128}},"13":{"start":{"line":51,"column":14},"end":{"line":51,"column":128}},"14":{"start":{"line":60,"column":14},"end":{"line":60,"column":131}},"15":{"start":{"line":65,"column":14},"end":{"line":65,"column":127}}},"fnMap":{"0":{"name":"Navigation","decl":{"start":{"line":5,"column":24},"end":{"line":5,"column":34}},"loc":{"start":{"line":5,"column":34},"end":{"line":72,"column":1}}},"1":{"name":"handleLogout","decl":{"start":{"line":9,"column":11},"end":{"line":9,"column":23}},"loc":{"start":{"line":9,"column":23},"end":{"line":12,"column":3}}},"2":{"name":"(anonymous_2)","decl":{"start":{"line":19,"column":13},"end":{"line":19,"column":14}},"loc":{"start":{"line":20,"column":14},"end":{"line":20,"column":133}}},"3":{"name":"(anonymous_3)","decl":{"start":{"line":24,"column":13},"end":{"line":24,"column":14}},"loc":{"start":{"line":25,"column":14},"end":{"line":25,"column":131}}},"4":{"name":"(anonymous_4)","decl":{"start":{"line":29,"column":13},"end":{"line":29,"column":14}},"loc":{"start":{"line":30,"column":14},"end":{"line":30,"column":129}}},"5":{"name":"(anonymous_5)","decl":{"start":{"line":42,"column":9},"end":{"line":42,"column":10}},"loc":{"start":{"line":43,"column":10},"end":{"line":43,"column":128}}},"6":{"name":"(anonymous_6)","decl":{"start":{"line":50,"column":13},"end":{"line":50,"column":14}},"loc":{"start":{"line":51,"column":14},"end":{"line":51,"column":128}}},"7":{"name":"(anonymous_7)","decl":{"start":{"line":59,"column":13},"end":{"line":59,"column":14}},"loc":{"start":{"line":60,"column":14},"end":{"line":60,"column":131}}},"8":{"name":"(anonymous_8)","decl":{"start":{"line":64,"column":13},"end":{"line":64,"column":14}},"loc":{"start":{"line":65,"column":14},"end":{"line":65,"column":127}}}},"branchMap":{"0":{"loc":{"start":{"line":16,"column":7},"end":{"line":38,"column":null}},"type":"cond-expr","locations":[{"start":{"line":17,"column":8},"end":{"line":33,"column":null}},{"start":{"line":36,"column":8},"end":{"line":36,"column":null}}]},"1":{"loc":{"start":{"line":20,"column":31},"end":{"line":20,"column":61}},"type":"cond-expr","locations":[{"start":{"line":20,"column":42},"end":{"line":20,"column":51}},{"start":{"line":20,"column":54},"end":{"line":20,"column":61}}]},"2":{"loc":{"start":{"line":25,"column":31},"end":{"line":25,"column":61}},"type":"cond-expr","locations":[{"start":{"line":25,"column":42},"end":{"line":25,"column":51}},{"start":{"line":25,"column":54},"end":{"line":25,"column":61}}]},"3":{"loc":{"start":{"line":30,"column":31},"end":{"line":30,"column":61}},"type":"cond-expr","locations":[{"start":{"line":30,"column":42},"end":{"line":30,"column":51}},{"start":{"line":30,"column":54},"end":{"line":30,"column":61}}]},"4":{"loc":{"start":{"line":43,"column":27},"end":{"line":43,"column":57}},"type":"cond-expr","locations":[{"start":{"line":43,"column":38},"end":{"line":43,"column":47}},{"start":{"line":43,"column":50},"end":{"line":43,"column":57}}]},"5":{"loc":{"start":{"line":47,"column":7},"end":{"line":68,"column":null}},"type":"cond-expr","locations":[{"start":{"line":48,"column":8},"end":{"line":54,"column":null}},{"start":{"line":57,"column":8},"end":{"line":67,"column":null}}]},"6":{"loc":{"start":{"line":51,"column":31},"end":{"line":51,"column":61}},"type":"cond-expr","locations":[{"start":{"line":51,"column":42},"end":{"line":51,"column":51}},{"start":{"line":51,"column":54},"end":{"line":51,"column":61}}]},"7":{"loc":{"start":{"line":60,"column":31},"end":{"line":60,"column":61}},"type":"cond-expr","locations":[{"start":{"line":60,"column":42},"end":{"line":60,"column":51}},{"start":{"line":60,"column":54},"end":{"line":60,"column":61}}]},"8":{"loc":{"start":{"line":65,"column":31},"end":{"line":65,"column":61}},"type":"cond-expr","locations":[{"start":{"line":65,"column":42},"end":{"line":65,"column":51}},{"start":{"line":65,"column":54},"end":{"line":65,"column":61}}]}},"s":{"0":1,"1":1,"2":1,"3":1,"4":8,"5":8,"6":0,"7":0,"8":8,"9":2,"10":2,"11":2,"12":8,"13":2,"14":6,"15":6},"f":{"0":8,"1":0,"2":2,"3":2,"4":2,"5":8,"6":2,"7":6,"8":6},"b":{"0":[2,6],"1":[0,2],"2":[0,2],"3":[0,2],"4":[0,8],"5":[2,6],"6":[0,2],"7":[0,6],"8":[0,6]}}
,"/home/tymur/University/c5s2-pui-lab1/src/components/TableList.tsx": {"path":"/home/tymur/University/c5s2-pui-lab1/src/components/TableList.tsx","statementMap":{"0":{"start":{"line":33,"column":0},"end":{"line":33,"column":24}},"1":{"start":{"line":1,"column":0},"end":{"line":1,"column":71}},"2":{"start":{"line":2,"column":0},"end":{"line":2,"column":33}},"3":{"start":{"line":3,"column":0},"end":{"line":3,"column":null}},"4":{"start":{"line":20,"column":11},"end":{"line":20,"column":42}},"5":{"start":{"line":21,"column":1},"end":{"line":21,"column":37}},"6":{"start":{"line":25,"column":11},"end":{"line":25,"column":46}},"7":{"start":{"line":26,"column":1},"end":{"line":26,"column":36}},"8":{"start":{"line":30,"column":1},"end":{"line":30,"column":68}},"9":{"start":{"line":50,"column":29},"end":{"line":51,"column":null}},"10":{"start":{"line":51,"column":2},"end":{"line":51,"column":51}},"11":{"start":{"line":51,"column":23},"end":{"line":51,"column":50}},"12":{"start":{"line":54,"column":21},"end":{"line":54,"column":48}},"13":{"start":{"line":55,"column":16},"end":{"line":55,"column":25}},"14":{"start":{"line":56,"column":19},"end":{"line":56,"column":28}},"15":{"start":{"line":58,"column":1},"end":{"line":77,"column":26}},"16":{"start":{"line":59,"column":2},"end":{"line":59,"column":25}},"17":{"start":{"line":59,"column":18},"end":{"line":59,"column":25}},"18":{"start":{"line":61,"column":22},"end":{"line":67,"column":3}},"19":{"start":{"line":62,"column":3},"end":{"line":62,"column":44}},"20":{"start":{"line":62,"column":37},"end":{"line":62,"column":44}},"21":{"start":{"line":63,"column":17},"end":{"line":63,"column":43}},"22":{"start":{"line":64,"column":16},"end":{"line":64,"column":71}},"23":{"start":{"line":65,"column":16},"end":{"line":65,"column":57}},"24":{"start":{"line":66,"column":3},"end":{"line":66,"column":83}},"25":{"start":{"line":66,"column":23},"end":{"line":66,"column":81}},"26":{"start":{"line":66,"column":43},"end":{"line":66,"column":79}},"27":{"start":{"line":69,"column":20},"end":{"line":69,"column":57}},"28":{"start":{"line":69,"column":28},"end":{"line":69,"column":55}},"29":{"start":{"line":71,"column":2},"end":{"line":71,"column":54}},"30":{"start":{"line":72,"column":2},"end":{"line":72,"column":50}},"31":{"start":{"line":73,"column":2},"end":{"line":76,"column":4}},"32":{"start":{"line":74,"column":3},"end":{"line":74,"column":58}},"33":{"start":{"line":75,"column":3},"end":{"line":75,"column":54}},"34":{"start":{"line":79,"column":21},"end":{"line":85,"column":2}},"35":{"start":{"line":80,"column":2},"end":{"line":80,"column":33}},"36":{"start":{"line":81,"column":2},"end":{"line":81,"column":29}},"37":{"start":{"line":82,"column":2},"end":{"line":82,"column":39}},"38":{"start":{"line":83,"column":2},"end":{"line":83,"column":21}},"39":{"start":{"line":84,"column":2},"end":{"line":84,"column":22}},"40":{"start":{"line":87,"column":20},"end":{"line":87,"column":53}},"41":{"start":{"line":87,"column":44},"end":{"line":87,"column":49}},"42":{"start":{"line":90,"column":25},"end":{"line":91,"column":null}},"43":{"start":{"line":91,"column":2},"end":{"line":91,"column":51}},"44":{"start":{"line":91,"column":42},"end":{"line":91,"column":47}},"45":{"start":{"line":96,"column":2},"end":{"line":97,"column":null}},"46":{"start":{"line":97,"column":25},"end":{"line":97,"column":38}},"47":{"start":{"line":101,"column":1},"end":{"line":177,"column":3}},"48":{"start":{"line":112,"column":7},"end":{"line":113,"column":null}},"49":{"start":{"line":136,"column":7},"end":{"line":137,"column":null}},"50":{"start":{"line":143,"column":23},"end":{"line":143,"column":43}},"51":{"start":{"line":146,"column":9},"end":{"line":146,"column":28}},"52":{"start":{"line":159,"column":19},"end":{"line":159,"column":51}},"53":{"start":{"line":160,"column":4},"end":{"line":174,"column":6}},"54":{"start":{"line":163,"column":26},"end":{"line":163,"column":43}}},"fnMap":{"0":{"name":"parseTwWidth","decl":{"start":{"line":19,"column":9},"end":{"line":19,"column":21}},"loc":{"start":{"line":19,"column":40},"end":{"line":22,"column":1}}},"1":{"name":"parseTwMinWidth","decl":{"start":{"line":24,"column":9},"end":{"line":24,"column":24}},"loc":{"start":{"line":24,"column":43},"end":{"line":27,"column":1}}},"2":{"name":"withoutW","decl":{"start":{"line":29,"column":9},"end":{"line":29,"column":17}},"loc":{"start":{"line":29,"column":36},"end":{"line":31,"column":1}}},"3":{"name":"TableList","decl":{"start":{"line":33,"column":24},"end":{"line":33,"column":33}},"loc":{"start":{"line":49,"column":1},"end":{"line":178,"column":1}}},"4":{"name":"(anonymous_4)","decl":{"start":{"line":50,"column":48},"end":{"line":50,"column":51}},"loc":{"start":{"line":51,"column":2},"end":{"line":51,"column":51}}},"5":{"name":"(anonymous_5)","decl":{"start":{"line":51,"column":14},"end":{"line":51,"column":15}},"loc":{"start":{"line":51,"column":23},"end":{"line":51,"column":50}}},"6":{"name":"(anonymous_6)","decl":{"start":{"line":58,"column":11},"end":{"line":58,"column":14}},"loc":{"start":{"line":58,"column":16},"end":{"line":77,"column":2}}},"7":{"name":"(anonymous_7)","decl":{"start":{"line":61,"column":22},"end":{"line":61,"column":23}},"loc":{"start":{"line":61,"column":40},"end":{"line":67,"column":3}}},"8":{"name":"(anonymous_8)","decl":{"start":{"line":66,"column":13},"end":{"line":66,"column":14}},"loc":{"start":{"line":66,"column":23},"end":{"line":66,"column":81}}},"9":{"name":"(anonymous_9)","decl":{"start":{"line":66,"column":32},"end":{"line":66,"column":33}},"loc":{"start":{"line":66,"column":43},"end":{"line":66,"column":79}}},"10":{"name":"(anonymous_10)","decl":{"start":{"line":69,"column":20},"end":{"line":69,"column":23}},"loc":{"start":{"line":69,"column":25},"end":{"line":69,"column":57}}},"11":{"name":"(anonymous_11)","decl":{"start":{"line":73,"column":9},"end":{"line":73,"column":12}},"loc":{"start":{"line":73,"column":14},"end":{"line":76,"column":3}}},"12":{"name":"(anonymous_12)","decl":{"start":{"line":79,"column":21},"end":{"line":79,"column":22}},"loc":{"start":{"line":79,"column":63},"end":{"line":85,"column":2}}},"13":{"name":"(anonymous_13)","decl":{"start":{"line":87,"column":34},"end":{"line":87,"column":35}},"loc":{"start":{"line":87,"column":44},"end":{"line":87,"column":49}}},"14":{"name":"(anonymous_14)","decl":{"start":{"line":90,"column":36},"end":{"line":90,"column":37}},"loc":{"start":{"line":91,"column":2},"end":{"line":91,"column":51}}},"15":{"name":"(anonymous_15)","decl":{"start":{"line":91,"column":32},"end":{"line":91,"column":33}},"loc":{"start":{"line":91,"column":42},"end":{"line":91,"column":47}}},"16":{"name":"(anonymous_16)","decl":{"start":{"line":97,"column":15},"end":{"line":97,"column":16}},"loc":{"start":{"line":97,"column":25},"end":{"line":97,"column":38}}},"17":{"name":"(anonymous_17)","decl":{"start":{"line":111,"column":19},"end":{"line":111,"column":20}},"loc":{"start":{"line":112,"column":7},"end":{"line":113,"column":null}}},"18":{"name":"(anonymous_18)","decl":{"start":{"line":135,"column":16},"end":{"line":135,"column":17}},"loc":{"start":{"line":136,"column":7},"end":{"line":137,"column":null}}},"19":{"name":"(anonymous_19)","decl":{"start":{"line":143,"column":17},"end":{"line":143,"column":20}},"loc":{"start":{"line":143,"column":23},"end":{"line":143,"column":43}}},"20":{"name":"(anonymous_20)","decl":{"start":{"line":145,"column":21},"end":{"line":145,"column":22}},"loc":{"start":{"line":146,"column":9},"end":{"line":146,"column":28}}},"21":{"name":"(anonymous_21)","decl":{"start":{"line":158,"column":37},"end":{"line":158,"column":38}},"loc":{"start":{"line":158,"column":48},"end":{"line":175,"column":4}}},"22":{"name":"(anonymous_22)","decl":{"start":{"line":163,"column":19},"end":{"line":163,"column":20}},"loc":{"start":{"line":163,"column":26},"end":{"line":163,"column":43}}}},"branchMap":{"0":{"loc":{"start":{"line":21,"column":8},"end":{"line":21,"column":36}},"type":"cond-expr","locations":[{"start":{"line":21,"column":12},"end":{"line":21,"column":30}},{"start":{"line":21,"column":33},"end":{"line":21,"column":36}}]},"1":{"loc":{"start":{"line":26,"column":8},"end":{"line":26,"column":35}},"type":"cond-expr","locations":[{"start":{"line":26,"column":12},"end":{"line":26,"column":30}},{"start":{"line":26,"column":33},"end":{"line":26,"column":35}}]},"2":{"loc":{"start":{"line":30,"column":8},"end":{"line":30,"column":67}},"type":"binary-expr","locations":[{"start":{"line":30,"column":8},"end":{"line":30,"column":54}},{"start":{"line":30,"column":58},"end":{"line":30,"column":67}}]},"3":{"loc":{"start":{"line":59,"column":2},"end":{"line":59,"column":25}},"type":"if","locations":[{"start":{"line":59,"column":2},"end":{"line":59,"column":25}},{"start":{},"end":{}}]},"4":{"loc":{"start":{"line":62,"column":3},"end":{"line":62,"column":44}},"type":"if","locations":[{"start":{"line":62,"column":3},"end":{"line":62,"column":44}},{"start":{},"end":{}}]},"5":{"loc":{"start":{"line":66,"column":43},"end":{"line":66,"column":79}},"type":"cond-expr","locations":[{"start":{"line":66,"column":71},"end":{"line":66,"column":75}},{"start":{"line":66,"column":78},"end":{"line":66,"column":79}}]},"6":{"loc":{"start":{"line":114,"column":47},"end":{"line":114,"column":96}},"type":"binary-expr","locations":[{"start":{"line":114,"column":47},"end":{"line":114,"column":64}},{"start":{"line":114,"column":68},"end":{"line":114,"column":96}}]},"7":{"loc":{"start":{"line":140,"column":9},"end":{"line":140,"column":45}},"type":"binary-expr","locations":[{"start":{"line":140,"column":9},"end":{"line":140,"column":30}},{"start":{"line":140,"column":34},"end":{"line":140,"column":45}}]},"8":{"loc":{"start":{"line":137,"column":13},"end":{"line":137,"column":24}},"type":"binary-expr","locations":[{"start":{"line":137,"column":13},"end":{"line":137,"column":19}},{"start":{"line":137,"column":23},"end":{"line":137,"column":24}}]},"9":{"loc":{"start":{"line":158,"column":4},"end":{"line":175,"column":5}},"type":"binary-expr","locations":[{"start":{"line":158,"column":4},"end":{"line":158,"column":13}},{"start":{"line":158,"column":17},"end":{"line":175,"column":5}}]},"10":{"loc":{"start":{"line":164,"column":16},"end":{"line":164,"column":56}},"type":"cond-expr","locations":[{"start":{"line":164,"column":40},"end":{"line":164,"column":46}},{"start":{"line":164,"column":49},"end":{"line":164,"column":56}}]},"11":{"loc":{"start":{"line":169,"column":7},"end":{"line":171,"column":103}},"type":"cond-expr","locations":[{"start":{"line":170,"column":10},"end":{"line":170,"column":96}},{"start":{"line":171,"column":10},"end":{"line":171,"column":103}}]}},"s":{"0":3,"1":3,"2":3,"3":3,"4":245,"5":245,"6":0,"7":0,"8":2931,"9":408,"10":115,"11":245,"12":408,"13":408,"14":408,"15":408,"16":408,"17":100,"18":308,"19":122,"20":122,"21":0,"22":0,"23":0,"24":0,"25":0,"26":0,"27":308,"28":131,"29":308,"30":308,"31":308,"32":308,"33":308,"34":408,"35":0,"36":0,"37":0,"38":0,"39":0,"40":408,"41":835,"42":408,"43":835,"44":1281,"45":408,"46":835,"47":408,"48":835,"49":1019,"50":45,"51":2096,"52":616,"53":616,"54":0},"f":{"0":245,"1":0,"2":2931,"3":408,"4":115,"5":245,"6":408,"7":122,"8":0,"9":0,"10":131,"11":308,"12":0,"13":835,"14":835,"15":1281,"16":835,"17":835,"18":1019,"19":45,"20":2096,"21":616,"22":0},"b":{"0":[245,0],"1":[0,0],"2":[2931,0],"3":[100,308],"4":[122,0],"5":[0,0],"6":[835,194],"7":[1019,133],"8":[1019,0],"9":[408,308],"10":[616,0],"11":[308,308]}}
,"/home/tymur/University/c5s2-pui-lab1/src/components/__tests__/nav-test-helper.tsx": {"path":"/home/tymur/University/c5s2-pui-lab1/src/components/__tests__/nav-test-helper.tsx","statementMap":{"0":{"start":{"line":5,"column":0},"end":{"line":5,"column":16}},"1":{"start":{"line":1,"column":0},"end":{"line":1,"column":34}},"2":{"start":{"line":2,"column":0},"end":{"line":2,"column":36}},"3":{"start":{"line":3,"column":0},"end":{"line":3,"column":39}},"4":{"start":{"line":6,"column":20},"end":{"line":6,"column":29}},"5":{"start":{"line":7,"column":2},"end":{"line":9,"column":14}},"6":{"start":{"line":8,"column":4},"end":{"line":8,"column":38}},"7":{"start":{"line":10,"column":2},"end":{"line":10,"column":24}}},"fnMap":{"0":{"name":"LoginAndNav","decl":{"start":{"line":5,"column":16},"end":{"line":5,"column":27}},"loc":{"start":{"line":5,"column":27},"end":{"line":11,"column":1}}},"1":{"name":"(anonymous_2)","decl":{"start":{"line":7,"column":12},"end":{"line":7,"column":15}},"loc":{"start":{"line":7,"column":17},"end":{"line":9,"column":3}}}},"branchMap":{},"s":{"0":1,"1":1,"2":1,"3":1,"4":4,"5":4,"6":4,"7":4},"f":{"0":4,"1":4},"b":{}}
,"/home/tymur/University/c5s2-pui-lab1/src/utils/formatters.ts": {"path":"/home/tymur/University/c5s2-pui-lab1/src/utils/formatters.ts","statementMap":{"0":{"start":{"line":1,"column":0},"end":{"line":1,"column":16}},"1":{"start":{"line":10,"column":0},"end":{"line":10,"column":16}},"2":{"start":{"line":29,"column":0},"end":{"line":29,"column":16}},"3":{"start":{"line":58,"column":0},"end":{"line":58,"column":16}},"4":{"start":{"line":83,"column":0},"end":{"line":83,"column":16}},"5":{"start":{"line":6,"column":15},"end":{"line":6,"column":67}},"6":{"start":{"line":7,"column":1},"end":{"line":7,"column":57}},"7":{"start":{"line":11,"column":1},"end":{"line":11,"column":55}},"8":{"start":{"line":11,"column":44},"end":{"line":11,"column":55}},"9":{"start":{"line":12,"column":1},"end":{"line":17,"column":23}},"10":{"start":{"line":17,"column":2},"end":{"line":17,"column":23}},"11":{"start":{"line":18,"column":1},"end":{"line":25,"column":2}},"12":{"start":{"line":19,"column":2},"end":{"line":23,"column":3}},"13":{"start":{"line":20,"column":3},"end":{"line":22,"column":5}},"14":{"start":{"line":24,"column":2},"end":{"line":24,"column":23}},"15":{"start":{"line":26,"column":1},"end":{"line":26,"column":12}},"16":{"start":{"line":35,"column":1},"end":{"line":39,"column":2}},"17":{"start":{"line":36,"column":2},"end":{"line":36,"column":35}},"18":{"start":{"line":38,"column":2},"end":{"line":38,"column":12}},"19":{"start":{"line":40,"column":1},"end":{"line":40,"column":38}},"20":{"start":{"line":40,"column":24},"end":{"line":40,"column":38}},"21":{"start":{"line":41,"column":18},"end":{"line":41,"column":37}},"22":{"start":{"line":42,"column":1},"end":{"line":42,"column":39}},"23":{"start":{"line":42,"column":23},"end":{"line":42,"column":39}},"24":{"start":{"line":43,"column":1},"end":{"line":43,"column":15}},"25":{"start":{"line":47,"column":1},"end":{"line":47,"column":35}},"26":{"start":{"line":51,"column":1},"end":{"line":51,"column":54}},"27":{"start":{"line":55,"column":1},"end":{"line":55,"column":74}},"28":{"start":{"line":59,"column":21},"end":{"line":59,"column":60}},"29":{"start":{"line":60,"column":17},"end":{"line":60,"column":38}},"30":{"start":{"line":61,"column":16},"end":{"line":61,"column":31}},"31":{"start":{"line":63,"column":18},"end":{"line":66,"column":2}},"32":{"start":{"line":64,"column":15},"end":{"line":64,"column":52}},"33":{"start":{"line":65,"column":2},"end":{"line":65,"column":64}},"34":{"start":{"line":68,"column":1},"end":{"line":70,"column":2}},"35":{"start":{"line":69,"column":2},"end":{"line":69,"column":60}},"36":{"start":{"line":71,"column":1},"end":{"line":73,"column":2}},"37":{"start":{"line":72,"column":2},"end":{"line":72,"column":65}},"38":{"start":{"line":74,"column":1},"end":{"line":76,"column":2}},"39":{"start":{"line":75,"column":2},"end":{"line":75,"column":66}},"40":{"start":{"line":77,"column":1},"end":{"line":79,"column":2}},"41":{"start":{"line":78,"column":2},"end":{"line":78,"column":20}},"42":{"start":{"line":80,"column":1},"end":{"line":80,"column":42}},"43":{"start":{"line":84,"column":1},"end":{"line":84,"column":36}}},"fnMap":{"0":{"name":"formatContactName","decl":{"start":{"line":1,"column":16},"end":{"line":1,"column":33}},"loc":{"start":{"line":5,"column":1},"end":{"line":8,"column":1}}},"1":{"name":"formatDisplayValue","decl":{"start":{"line":10,"column":16},"end":{"line":10,"column":34}},"loc":{"start":{"line":10,"column":49},"end":{"line":27,"column":1}}},"2":{"name":"formatNounNumber","decl":{"start":{"line":29,"column":16},"end":{"line":29,"column":32}},"loc":{"start":{"line":32,"column":15},"end":{"line":44,"column":1}}},"3":{"name":"pad","decl":{"start":{"line":46,"column":9},"end":{"line":46,"column":12}},"loc":{"start":{"line":46,"column":22},"end":{"line":48,"column":1}}},"4":{"name":"hhmm","decl":{"start":{"line":50,"column":9},"end":{"line":50,"column":13}},"loc":{"start":{"line":50,"column":21},"end":{"line":52,"column":1}}},"5":{"name":"yyyymmdd","decl":{"start":{"line":54,"column":9},"end":{"line":54,"column":17}},"loc":{"start":{"line":54,"column":25},"end":{"line":56,"column":1}}},"6":{"name":"formatTimeDigestible","decl":{"start":{"line":58,"column":16},"end":{"line":58,"column":36}},"loc":{"start":{"line":58,"column":58},"end":{"line":81,"column":1}}},"7":{"name":"(anonymous_7)","decl":{"start":{"line":63,"column":18},"end":{"line":63,"column":19}},"loc":{"start":{"line":63,"column":74},"end":{"line":66,"column":2}}},"8":{"name":"formatTimeFull","decl":{"start":{"line":83,"column":16},"end":{"line":83,"column":30}},"loc":{"start":{"line":83,"column":38},"end":{"line":85,"column":1}}}},"branchMap":{"0":{"loc":{"start":{"line":7,"column":8},"end":{"line":7,"column":56}},"type":"cond-expr","locations":[{"start":{"line":7,"column":27},"end":{"line":7,"column":42}},{"start":{"line":7,"column":45},"end":{"line":7,"column":56}}]},"1":{"loc":{"start":{"line":11,"column":1},"end":{"line":11,"column":55}},"type":"if","locations":[{"start":{"line":11,"column":1},"end":{"line":11,"column":55}},{"start":{},"end":{}}]},"2":{"loc":{"start":{"line":11,"column":5},"end":{"line":11,"column":42}},"type":"binary-expr","locations":[{"start":{"line":11,"column":5},"end":{"line":11,"column":19}},{"start":{"line":11,"column":23},"end":{"line":11,"column":42}}]},"3":{"loc":{"start":{"line":12,"column":1},"end":{"line":17,"column":23}},"type":"if","locations":[{"start":{"line":12,"column":1},"end":{"line":17,"column":23}},{"start":{},"end":{}}]},"4":{"loc":{"start":{"line":13,"column":2},"end":{"line":15,"column":28}},"type":"binary-expr","locations":[{"start":{"line":13,"column":2},"end":{"line":13,"column":27}},{"start":{"line":14,"column":2},"end":{"line":14,"column":27}},{"start":{"line":15,"column":2},"end":{"line":15,"column":28}}]},"5":{"loc":{"start":{"line":18,"column":1},"end":{"line":25,"column":2}},"type":"if","locations":[{"start":{"line":18,"column":1},"end":{"line":25,"column":2}},{"start":{},"end":{}}]},"6":{"loc":{"start":{"line":19,"column":2},"end":{"line":23,"column":3}},"type":"if","locations":[{"start":{"line":19,"column":2},"end":{"line":23,"column":3}},{"start":{},"end":{}}]},"7":{"loc":{"start":{"line":19,"column":6},"end":{"line":19,"column":41}},"type":"binary-expr","locations":[{"start":{"line":19,"column":6},"end":{"line":19,"column":22}},{"start":{"line":19,"column":26},"end":{"line":19,"column":41}}]},"8":{"loc":{"start":{"line":35,"column":1},"end":{"line":39,"column":2}},"type":"if","locations":[{"start":{"line":35,"column":1},"end":{"line":39,"column":2}},{"start":{"line":37,"column":8},"end":{"line":39,"column":2}}]},"9":{"loc":{"start":{"line":40,"column":1},"end":{"line":40,"column":38}},"type":"if","locations":[{"start":{"line":40,"column":1},"end":{"line":40,"column":38}},{"start":{},"end":{}}]},"10":{"loc":{"start":{"line":42,"column":1},"end":{"line":42,"column":39}},"type":"if","locations":[{"start":{"line":42,"column":1},"end":{"line":42,"column":39}},{"start":{},"end":{}}]},"11":{"loc":{"start":{"line":65,"column":9},"end":{"line":65,"column":63}},"type":"cond-expr","locations":[{"start":{"line":65,"column":18},"end":{"line":65,"column":37}},{"start":{"line":65,"column":40},"end":{"line":65,"column":63}}]},"12":{"loc":{"start":{"line":68,"column":1},"end":{"line":70,"column":2}},"type":"if","locations":[{"start":{"line":68,"column":1},"end":{"line":70,"column":2}},{"start":{},"end":{}}]},"13":{"loc":{"start":{"line":71,"column":1},"end":{"line":73,"column":2}},"type":"if","locations":[{"start":{"line":71,"column":1},"end":{"line":73,"column":2}},{"start":{},"end":{}}]},"14":{"loc":{"start":{"line":74,"column":1},"end":{"line":76,"column":2}},"type":"if","locations":[{"start":{"line":74,"column":1},"end":{"line":76,"column":2}},{"start":{},"end":{}}]},"15":{"loc":{"start":{"line":77,"column":1},"end":{"line":79,"column":2}},"type":"if","locations":[{"start":{"line":77,"column":1},"end":{"line":79,"column":2}},{"start":{},"end":{}}]}},"s":{"0":4,"1":4,"2":4,"3":4,"4":4,"5":545,"6":545,"7":7,"8":2,"9":5,"10":3,"11":2,"12":2,"13":1,"14":1,"15":0,"16":14,"17":12,"18":2,"19":14,"20":1,"21":13,"22":13,"23":4,"24":9,"25":2118,"26":530,"27":529,"28":530,"29":530,"30":530,"31":530,"32":8,"33":8,"34":530,"35":1,"36":529,"37":2,"38":527,"39":5,"40":522,"41":1,"42":521,"43":8},"f":{"0":545,"1":7,"2":14,"3":2118,"4":530,"5":529,"6":530,"7":8,"8":8},"b":{"0":[544,1],"1":[2,5],"2":[7,6],"3":[3,2],"4":[5,4,3],"5":[2,0],"6":[1,1],"7":[2,1],"8":[12,2],"9":[1,13],"10":[4,9],"11":[7,1],"12":[1,529],"13":[2,527],"14":[5,522],"15":[1,521]}}
,"/home/tymur/University/c5s2-pui-lab1/src/views/AboutView.tsx": {"path":"/home/tymur/University/c5s2-pui-lab1/src/views/AboutView.tsx","statementMap":{"0":{"start":{"line":1,"column":0},"end":{"line":1,"column":24}},"1":{"start":{"line":2,"column":1},"end":{"line":25,"column":3}}},"fnMap":{"0":{"name":"AboutView","decl":{"start":{"line":1,"column":24},"end":{"line":1,"column":33}},"loc":{"start":{"line":1,"column":33},"end":{"line":26,"column":1}}}},"branchMap":{},"s":{"0":1,"1":3},"f":{"0":3},"b":{}}
,"/home/tymur/University/c5s2-pui-lab1/src/views/ContactsView.tsx": {"path":"/home/tymur/University/c5s2-pui-lab1/src/views/ContactsView.tsx","statementMap":{"0":{"start":{"line":105,"column":0},"end":{"line":105,"column":24}},"1":{"start":{"line":1,"column":0},"end":{"line":1,"column":33}},"2":{"start":{"line":2,"column":0},"end":{"line":2,"column":70}},"3":{"start":{"line":3,"column":0},"end":{"line":3,"column":33}},"4":{"start":{"line":4,"column":0},"end":{"line":4,"column":48}},"5":{"start":{"line":5,"column":0},"end":{"line":5,"column":46}},"6":{"start":{"line":6,"column":0},"end":{"line":6,"column":104}},"7":{"start":{"line":7,"column":0},"end":{"line":7,"column":76}},"8":{"start":{"line":8,"column":0},"end":{"line":8,"column":55}},"9":{"start":{"line":9,"column":0},"end":{"line":9,"column":55}},"10":{"start":{"line":10,"column":0},"end":{"line":10,"column":49}},"11":{"start":{"line":16,"column":65},"end":{"line":19,"column":2}},"12":{"start":{"line":20,"column":65},"end":{"line":23,"column":2}},"13":{"start":{"line":26,"column":2},"end":{"line":26,"column":25}},"14":{"start":{"line":26,"column":13},"end":{"line":26,"column":25}},"15":{"start":{"line":27,"column":2},"end":{"line":31,"column":4}},"16":{"start":{"line":34,"column":62},"end":{"line":37,"column":2}},"17":{"start":{"line":38,"column":62},"end":{"line":41,"column":2}},"18":{"start":{"line":45,"column":4},"end":{"line":47,"column":32}},"19":{"start":{"line":48,"column":2},"end":{"line":52,"column":4}},"20":{"start":{"line":74,"column":28},"end":{"line":74,"column":40}},"21":{"start":{"line":75,"column":30},"end":{"line":75,"column":42}},"22":{"start":{"line":76,"column":26},"end":{"line":76,"column":38}},"23":{"start":{"line":77,"column":26},"end":{"line":77,"column":38}},"24":{"start":{"line":78,"column":2},"end":{"line":99,"column":4}},"25":{"start":{"line":79,"column":43},"end":{"line":79,"column":65}},"26":{"start":{"line":79,"column":54},"end":{"line":79,"column":65}},"27":{"start":{"line":84,"column":67},"end":{"line":84,"column":91}},"28":{"start":{"line":85,"column":64},"end":{"line":85,"column":89}},"29":{"start":{"line":86,"column":69},"end":{"line":86,"column":92}},"30":{"start":{"line":87,"column":68},"end":{"line":87,"column":91}},"31":{"start":{"line":94,"column":58},"end":{"line":94,"column":98}},"32":{"start":{"line":106,"column":26},"end":{"line":106,"column":35}},"33":{"start":{"line":107,"column":2},"end":{"line":107,"column":60}},"34":{"start":{"line":107,"column":20},"end":{"line":107,"column":60}},"35":{"start":{"line":108,"column":81},"end":{"line":108,"column":94}},"36":{"start":{"line":109,"column":19},"end":{"line":109,"column":32}},"37":{"start":{"line":110,"column":19},"end":{"line":110,"column":32}},"38":{"start":{"line":111,"column":38},"end":{"line":112,"column":null}},"39":{"start":{"line":114,"column":40},"end":{"line":115,"column":null}},"40":{"start":{"line":117,"column":36},"end":{"line":117,"column":51}},"41":{"start":{"line":118,"column":28},"end":{"line":118,"column":58}},"42":{"start":{"line":119,"column":44},"end":{"line":119,"column":59}},"43":{"start":{"line":120,"column":38},"end":{"line":120,"column":53}},"44":{"start":{"line":122,"column":19},"end":{"line":122,"column":60}},"45":{"start":{"line":122,"column":40},"end":{"line":122,"column":59}},"46":{"start":{"line":124,"column":38},"end":{"line":139,"column":8}},"47":{"start":{"line":126,"column":21},"end":{"line":126,"column":70}},"48":{"start":{"line":126,"column":42},"end":{"line":126,"column":69}},"49":{"start":{"line":127,"column":19},"end":{"line":131,"column":8}},"50":{"start":{"line":130,"column":35},"end":{"line":130,"column":62}},"51":{"start":{"line":133,"column":19},"end":{"line":133,"column":66}},"52":{"start":{"line":133,"column":38},"end":{"line":133,"column":65}},"53":{"start":{"line":134,"column":17},"end":{"line":138,"column":8}},"54":{"start":{"line":137,"column":33},"end":{"line":137,"column":60}},"55":{"start":{"line":142,"column":4},"end":{"line":142,"column":26}},"56":{"start":{"line":142,"column":19},"end":{"line":142,"column":26}},"57":{"start":{"line":143,"column":4},"end":{"line":153,"column":5}},"58":{"start":{"line":144,"column":6},"end":{"line":148,"column":9}},"59":{"start":{"line":146,"column":42},"end":{"line":146,"column":50}},"60":{"start":{"line":147,"column":42},"end":{"line":147,"column":50}},"61":{"start":{"line":149,"column":6},"end":{"line":149,"column":25}},"62":{"start":{"line":151,"column":6},"end":{"line":151,"column":48}},"63":{"start":{"line":151,"column":17},"end":{"line":151,"column":48}},"64":{"start":{"line":152,"column":6},"end":{"line":152,"column":26}},"65":{"start":{"line":157,"column":4},"end":{"line":157,"column":26}},"66":{"start":{"line":157,"column":19},"end":{"line":157,"column":26}},"67":{"start":{"line":158,"column":19},"end":{"line":158,"column":65}},"68":{"start":{"line":158,"column":40},"end":{"line":158,"column":60}},"69":{"start":{"line":159,"column":4},"end":{"line":159,"column":31}},"70":{"start":{"line":160,"column":4},"end":{"line":160,"column":26}},"71":{"start":{"line":161,"column":4},"end":{"line":161,"column":28}},"72":{"start":{"line":162,"column":4},"end":{"line":162,"column":24}},"73":{"start":{"line":163,"column":4},"end":{"line":163,"column":27}},"74":{"start":{"line":167,"column":32},"end":{"line":173,"column":6}},"75":{"start":{"line":174,"column":4},"end":{"line":174,"column":27}},"76":{"start":{"line":175,"column":4},"end":{"line":175,"column":33}},"77":{"start":{"line":176,"column":4},"end":{"line":176,"column":25}},"78":{"start":{"line":179,"column":56},"end":{"line":190,"column":4}},"79":{"start":{"line":183,"column":19},"end":{"line":183,"column":79}},"80":{"start":{"line":188,"column":19},"end":{"line":188,"column":46}},"81":{"start":{"line":192,"column":60},"end":{"line":213,"column":4}},"82":{"start":{"line":197,"column":8},"end":{"line":199,"column":null}},"83":{"start":{"line":206,"column":22},"end":{"line":206,"column":96}},"84":{"start":{"line":211,"column":22},"end":{"line":211,"column":88}},"85":{"start":{"line":215,"column":2},"end":{"line":488,"column":4}},"86":{"start":{"line":221,"column":27},"end":{"line":221,"column":46}},"87":{"start":{"line":226,"column":58},"end":{"line":226,"column":78}},"88":{"start":{"line":226,"column":79},"end":{"line":226,"column":99}},"89":{"start":{"line":226,"column":100},"end":{"line":226,"column":125}},"90":{"start":{"line":235,"column":29},"end":{"line":235,"column":51}},"91":{"start":{"line":256,"column":33},"end":{"line":256,"column":55}},"92":{"start":{"line":275,"column":43},"end":{"line":275,"column":113}},"93":{"start":{"line":280,"column":43},"end":{"line":280,"column":114}},"94":{"start":{"line":285,"column":43},"end":{"line":285,"column":112}},"95":{"start":{"line":295,"column":41},"end":{"line":295,"column":119}},"96":{"start":{"line":307,"column":26},"end":{"line":307,"column":39}},"97":{"start":{"line":312,"column":46},"end":{"line":312,"column":62}},"98":{"start":{"line":313,"column":32},"end":{"line":313,"column":81}},"99":{"start":{"line":314,"column":32},"end":{"line":314,"column":62}},"100":{"start":{"line":322,"column":46},"end":{"line":322,"column":62}},"101":{"start":{"line":323,"column":32},"end":{"line":323,"column":81}},"102":{"start":{"line":324,"column":32},"end":{"line":324,"column":62}},"103":{"start":{"line":328,"column":45},"end":{"line":328,"column":113}},"104":{"start":{"line":328,"column":102},"end":{"line":328,"column":109}},"105":{"start":{"line":334,"column":41},"end":{"line":334,"column":110}},"106":{"start":{"line":344,"column":26},"end":{"line":344,"column":39}},"107":{"start":{"line":349,"column":46},"end":{"line":349,"column":62}},"108":{"start":{"line":350,"column":32},"end":{"line":350,"column":81}},"109":{"start":{"line":351,"column":32},"end":{"line":351,"column":62}},"110":{"start":{"line":359,"column":46},"end":{"line":359,"column":62}},"111":{"start":{"line":360,"column":32},"end":{"line":360,"column":81}},"112":{"start":{"line":361,"column":32},"end":{"line":361,"column":62}},"113":{"start":{"line":365,"column":45},"end":{"line":365,"column":113}},"114":{"start":{"line":365,"column":102},"end":{"line":365,"column":109}},"115":{"start":{"line":371,"column":41},"end":{"line":371,"column":110}},"116":{"start":{"line":384,"column":39},"end":{"line":384,"column":84}},"117":{"start":{"line":397,"column":28},"end":{"line":397,"column":41}},"118":{"start":{"line":411,"column":28},"end":{"line":411,"column":41}},"119":{"start":{"line":440,"column":30},"end":{"line":441,"column":92}},"120":{"start":{"line":440,"column":58},"end":{"line":440,"column":119}},"121":{"start":{"line":441,"column":35},"end":{"line":441,"column":92}},"122":{"start":{"line":477,"column":26},"end":{"line":477,"column":49}},"123":{"start":{"line":484,"column":26},"end":{"line":484,"column":46}}},"fnMap":{"0":{"name":"KindBadge","decl":{"start":{"line":25,"column":9},"end":{"line":25,"column":18}},"loc":{"start":{"line":25,"column":55},"end":{"line":32,"column":1}}},"1":{"name":"ObjStatusBadge","decl":{"start":{"line":43,"column":9},"end":{"line":43,"column":23}},"loc":{"start":{"line":43,"column":106},"end":{"line":53,"column":1}}},"2":{"name":"CreateContactDialog","decl":{"start":{"line":70,"column":9},"end":{"line":70,"column":28}},"loc":{"start":{"line":73,"column":1},"end":{"line":100,"column":1}}},"3":{"name":"(anonymous_4)","decl":{"start":{"line":79,"column":31},"end":{"line":79,"column":32}},"loc":{"start":{"line":79,"column":40},"end":{"line":79,"column":67}}},"4":{"name":"(anonymous_5)","decl":{"start":{"line":84,"column":62},"end":{"line":84,"column":63}},"loc":{"start":{"line":84,"column":67},"end":{"line":84,"column":91}}},"5":{"name":"(anonymous_6)","decl":{"start":{"line":85,"column":59},"end":{"line":85,"column":60}},"loc":{"start":{"line":85,"column":64},"end":{"line":85,"column":89}}},"6":{"name":"(anonymous_7)","decl":{"start":{"line":86,"column":64},"end":{"line":86,"column":65}},"loc":{"start":{"line":86,"column":69},"end":{"line":86,"column":92}}},"7":{"name":"(anonymous_8)","decl":{"start":{"line":87,"column":63},"end":{"line":87,"column":64}},"loc":{"start":{"line":87,"column":68},"end":{"line":87,"column":91}}},"8":{"name":"(anonymous_9)","decl":{"start":{"line":94,"column":52},"end":{"line":94,"column":55}},"loc":{"start":{"line":94,"column":58},"end":{"line":94,"column":98}}},"9":{"name":"ContactsView","decl":{"start":{"line":105,"column":24},"end":{"line":105,"column":36}},"loc":{"start":{"line":105,"column":36},"end":{"line":489,"column":1}}},"10":{"name":"(anonymous_11)","decl":{"start":{"line":122,"column":33},"end":{"line":122,"column":34}},"loc":{"start":{"line":122,"column":40},"end":{"line":122,"column":59}}},"11":{"name":"(anonymous_12)","decl":{"start":{"line":126,"column":14},"end":{"line":126,"column":17}},"loc":{"start":{"line":126,"column":21},"end":{"line":126,"column":70}}},"12":{"name":"(anonymous_13)","decl":{"start":{"line":126,"column":37},"end":{"line":126,"column":38}},"loc":{"start":{"line":126,"column":42},"end":{"line":126,"column":69}}},"13":{"name":"(anonymous_14)","decl":{"start":{"line":127,"column":11},"end":{"line":127,"column":14}},"loc":{"start":{"line":127,"column":19},"end":{"line":131,"column":8}}},"14":{"name":"(anonymous_15)","decl":{"start":{"line":130,"column":30},"end":{"line":130,"column":31}},"loc":{"start":{"line":130,"column":35},"end":{"line":130,"column":62}}},"15":{"name":"(anonymous_16)","decl":{"start":{"line":133,"column":14},"end":{"line":133,"column":15}},"loc":{"start":{"line":133,"column":19},"end":{"line":133,"column":66}}},"16":{"name":"(anonymous_17)","decl":{"start":{"line":133,"column":33},"end":{"line":133,"column":34}},"loc":{"start":{"line":133,"column":38},"end":{"line":133,"column":65}}},"17":{"name":"(anonymous_18)","decl":{"start":{"line":134,"column":11},"end":{"line":134,"column":12}},"loc":{"start":{"line":134,"column":17},"end":{"line":138,"column":8}}},"18":{"name":"(anonymous_19)","decl":{"start":{"line":137,"column":28},"end":{"line":137,"column":29}},"loc":{"start":{"line":137,"column":33},"end":{"line":137,"column":60}}},"19":{"name":"handleEditToggle","decl":{"start":{"line":141,"column":11},"end":{"line":141,"column":27}},"loc":{"start":{"line":141,"column":27},"end":{"line":154,"column":3}}},"20":{"name":"(anonymous_21)","decl":{"start":{"line":146,"column":34},"end":{"line":146,"column":35}},"loc":{"start":{"line":146,"column":42},"end":{"line":146,"column":50}}},"21":{"name":"(anonymous_22)","decl":{"start":{"line":147,"column":34},"end":{"line":147,"column":35}},"loc":{"start":{"line":147,"column":42},"end":{"line":147,"column":50}}},"22":{"name":"handleDelete","decl":{"start":{"line":156,"column":11},"end":{"line":156,"column":23}},"loc":{"start":{"line":156,"column":23},"end":{"line":164,"column":3}}},"23":{"name":"(anonymous_24)","decl":{"start":{"line":158,"column":33},"end":{"line":158,"column":34}},"loc":{"start":{"line":158,"column":40},"end":{"line":158,"column":60}}},"24":{"name":"handleCreate","decl":{"start":{"line":166,"column":11},"end":{"line":166,"column":23}},"loc":{"start":{"line":166,"column":91},"end":{"line":177,"column":3}}},"25":{"name":"(anonymous_26)","decl":{"start":{"line":183,"column":12},"end":{"line":183,"column":13}},"loc":{"start":{"line":183,"column":19},"end":{"line":183,"column":79}}},"26":{"name":"(anonymous_27)","decl":{"start":{"line":188,"column":12},"end":{"line":188,"column":13}},"loc":{"start":{"line":188,"column":19},"end":{"line":188,"column":46}}},"27":{"name":"(anonymous_28)","decl":{"start":{"line":196,"column":12},"end":{"line":196,"column":13}},"loc":{"start":{"line":197,"column":8},"end":{"line":199,"column":null}}},"28":{"name":"(anonymous_29)","decl":{"start":{"line":206,"column":12},"end":{"line":206,"column":13}},"loc":{"start":{"line":206,"column":22},"end":{"line":206,"column":96}}},"29":{"name":"(anonymous_30)","decl":{"start":{"line":211,"column":12},"end":{"line":211,"column":13}},"loc":{"start":{"line":211,"column":22},"end":{"line":211,"column":88}}},"30":{"name":"(anonymous_31)","decl":{"start":{"line":221,"column":21},"end":{"line":221,"column":24}},"loc":{"start":{"line":221,"column":27},"end":{"line":221,"column":46}}},"31":{"name":"(anonymous_32)","decl":{"start":{"line":226,"column":49},"end":{"line":226,"column":50}},"loc":{"start":{"line":226,"column":55},"end":{"line":226,"column":127}}},"32":{"name":"(anonymous_33)","decl":{"start":{"line":235,"column":23},"end":{"line":235,"column":26}},"loc":{"start":{"line":235,"column":29},"end":{"line":235,"column":51}}},"33":{"name":"(anonymous_34)","decl":{"start":{"line":256,"column":27},"end":{"line":256,"column":30}},"loc":{"start":{"line":256,"column":33},"end":{"line":256,"column":55}}},"34":{"name":"(anonymous_35)","decl":{"start":{"line":275,"column":36},"end":{"line":275,"column":37}},"loc":{"start":{"line":275,"column":43},"end":{"line":275,"column":113}}},"35":{"name":"(anonymous_36)","decl":{"start":{"line":280,"column":36},"end":{"line":280,"column":37}},"loc":{"start":{"line":280,"column":43},"end":{"line":280,"column":114}}},"36":{"name":"(anonymous_37)","decl":{"start":{"line":285,"column":36},"end":{"line":285,"column":37}},"loc":{"start":{"line":285,"column":43},"end":{"line":285,"column":112}}},"37":{"name":"(anonymous_38)","decl":{"start":{"line":295,"column":34},"end":{"line":295,"column":35}},"loc":{"start":{"line":295,"column":41},"end":{"line":295,"column":119}}},"38":{"name":"(anonymous_39)","decl":{"start":{"line":306,"column":41},"end":{"line":306,"column":42}},"loc":{"start":{"line":307,"column":26},"end":{"line":307,"column":39}}},"39":{"name":"(anonymous_40)","decl":{"start":{"line":311,"column":40},"end":{"line":311,"column":41}},"loc":{"start":{"line":311,"column":47},"end":{"line":315,"column":31}}},"40":{"name":"(anonymous_41)","decl":{"start":{"line":321,"column":40},"end":{"line":321,"column":41}},"loc":{"start":{"line":321,"column":47},"end":{"line":325,"column":31}}},"41":{"name":"(anonymous_42)","decl":{"start":{"line":328,"column":39},"end":{"line":328,"column":42}},"loc":{"start":{"line":328,"column":45},"end":{"line":328,"column":113}}},"42":{"name":"(anonymous_43)","decl":{"start":{"line":328,"column":92},"end":{"line":328,"column":93}},"loc":{"start":{"line":328,"column":102},"end":{"line":328,"column":109}}},"43":{"name":"(anonymous_44)","decl":{"start":{"line":334,"column":35},"end":{"line":334,"column":38}},"loc":{"start":{"line":334,"column":41},"end":{"line":334,"column":110}}},"44":{"name":"(anonymous_45)","decl":{"start":{"line":343,"column":41},"end":{"line":343,"column":42}},"loc":{"start":{"line":344,"column":26},"end":{"line":344,"column":39}}},"45":{"name":"(anonymous_46)","decl":{"start":{"line":348,"column":40},"end":{"line":348,"column":41}},"loc":{"start":{"line":348,"column":47},"end":{"line":352,"column":31}}},"46":{"name":"(anonymous_47)","decl":{"start":{"line":358,"column":40},"end":{"line":358,"column":41}},"loc":{"start":{"line":358,"column":47},"end":{"line":362,"column":31}}},"47":{"name":"(anonymous_48)","decl":{"start":{"line":365,"column":39},"end":{"line":365,"column":42}},"loc":{"start":{"line":365,"column":45},"end":{"line":365,"column":113}}},"48":{"name":"(anonymous_49)","decl":{"start":{"line":365,"column":92},"end":{"line":365,"column":93}},"loc":{"start":{"line":365,"column":102},"end":{"line":365,"column":109}}},"49":{"name":"(anonymous_50)","decl":{"start":{"line":371,"column":35},"end":{"line":371,"column":38}},"loc":{"start":{"line":371,"column":41},"end":{"line":371,"column":110}}},"50":{"name":"(anonymous_51)","decl":{"start":{"line":384,"column":32},"end":{"line":384,"column":33}},"loc":{"start":{"line":384,"column":39},"end":{"line":384,"column":84}}},"51":{"name":"(anonymous_52)","decl":{"start":{"line":396,"column":46},"end":{"line":396,"column":47}},"loc":{"start":{"line":397,"column":28},"end":{"line":397,"column":41}}},"52":{"name":"(anonymous_53)","decl":{"start":{"line":410,"column":46},"end":{"line":410,"column":47}},"loc":{"start":{"line":411,"column":28},"end":{"line":411,"column":41}}},"53":{"name":"(anonymous_54)","decl":{"start":{"line":439,"column":43},"end":{"line":439,"column":44}},"loc":{"start":{"line":439,"column":52},"end":{"line":442,"column":29}}},"54":{"name":"(anonymous_55)","decl":{"start":{"line":477,"column":20},"end":{"line":477,"column":23}},"loc":{"start":{"line":477,"column":26},"end":{"line":477,"column":49}}},"55":{"name":"(anonymous_56)","decl":{"start":{"line":484,"column":20},"end":{"line":484,"column":23}},"loc":{"start":{"line":484,"column":26},"end":{"line":484,"column":46}}}},"branchMap":{"0":{"loc":{"start":{"line":26,"column":2},"end":{"line":26,"column":25}},"type":"if","locations":[{"start":{"line":26,"column":2},"end":{"line":26,"column":25}},{"start":{},"end":{}}]},"1":{"loc":{"start":{"line":45,"column":4},"end":{"line":47,"column":32}},"type":"cond-expr","locations":[{"start":{"line":46,"column":8},"end":{"line":46,"column":37}},{"start":{"line":47,"column":8},"end":{"line":47,"column":32}}]},"2":{"loc":{"start":{"line":45,"column":4},"end":{"line":45,"column":43}},"type":"binary-expr","locations":[{"start":{"line":45,"column":4},"end":{"line":45,"column":26}},{"start":{"line":45,"column":30},"end":{"line":45,"column":43}}]},"3":{"loc":{"start":{"line":79,"column":43},"end":{"line":79,"column":65}},"type":"if","locations":[{"start":{"line":79,"column":43},"end":{"line":79,"column":65}},{"start":{},"end":{}}]},"4":{"loc":{"start":{"line":95,"column":22},"end":{"line":95,"column":48}},"type":"binary-expr","locations":[{"start":{"line":95,"column":22},"end":{"line":95,"column":28}},{"start":{"line":95,"column":32},"end":{"line":95,"column":39}},{"start":{"line":95,"column":43},"end":{"line":95,"column":48}}]},"5":{"loc":{"start":{"line":107,"column":2},"end":{"line":107,"column":60}},"type":"if","locations":[{"start":{"line":107,"column":2},"end":{"line":107,"column":60}},{"start":{},"end":{}}]},"6":{"loc":{"start":{"line":112,"column":4},"end":{"line":112,"column":54}},"type":"binary-expr","locations":[{"start":{"line":112,"column":4},"end":{"line":112,"column":35}},{"start":{"line":112,"column":39},"end":{"line":112,"column":54}}]},"7":{"loc":{"start":{"line":115,"column":4},"end":{"line":115,"column":55}},"type":"cond-expr","locations":[{"start":{"line":115,"column":38},"end":{"line":115,"column":46}},{"start":{"line":115,"column":49},"end":{"line":115,"column":55}}]},"8":{"loc":{"start":{"line":124,"column":38},"end":{"line":139,"column":8}},"type":"cond-expr","locations":[{"start":{"line":124,"column":49},"end":{"line":139,"column":4}},{"start":{"line":139,"column":6},"end":{"line":139,"column":8}}]},"9":{"loc":{"start":{"line":130,"column":14},"end":{"line":130,"column":77}},"type":"binary-expr","locations":[{"start":{"line":130,"column":14},"end":{"line":130,"column":70}},{"start":{"line":130,"column":74},"end":{"line":130,"column":77}}]},"10":{"loc":{"start":{"line":137,"column":14},"end":{"line":137,"column":75}},"type":"binary-expr","locations":[{"start":{"line":137,"column":14},"end":{"line":137,"column":68}},{"start":{"line":137,"column":72},"end":{"line":137,"column":75}}]},"11":{"loc":{"start":{"line":142,"column":4},"end":{"line":142,"column":26}},"type":"if","locations":[{"start":{"line":142,"column":4},"end":{"line":142,"column":26}},{"start":{},"end":{}}]},"12":{"loc":{"start":{"line":143,"column":4},"end":{"line":153,"column":5}},"type":"if","locations":[{"start":{"line":143,"column":4},"end":{"line":153,"column":5}},{"start":{"line":150,"column":11},"end":{"line":153,"column":5}}]},"13":{"loc":{"start":{"line":151,"column":6},"end":{"line":151,"column":48}},"type":"if","locations":[{"start":{"line":151,"column":6},"end":{"line":151,"column":48}},{"start":{},"end":{}}]},"14":{"loc":{"start":{"line":157,"column":4},"end":{"line":157,"column":26}},"type":"if","locations":[{"start":{"line":157,"column":4},"end":{"line":157,"column":26}},{"start":{},"end":{}}]},"15":{"loc":{"start":{"line":169,"column":13},"end":{"line":169,"column":55}},"type":"binary-expr","locations":[{"start":{"line":169,"column":13},"end":{"line":169,"column":42}},{"start":{"line":169,"column":46},"end":{"line":169,"column":55}}]},"16":{"loc":{"start":{"line":171,"column":21},"end":{"line":171,"column":44}},"type":"binary-expr","locations":[{"start":{"line":171,"column":21},"end":{"line":171,"column":31}},{"start":{"line":171,"column":35},"end":{"line":171,"column":44}}]},"17":{"loc":{"start":{"line":171,"column":54},"end":{"line":171,"column":78}},"type":"binary-expr","locations":[{"start":{"line":171,"column":54},"end":{"line":171,"column":65}},{"start":{"line":171,"column":69},"end":{"line":171,"column":78}}]},"18":{"loc":{"start":{"line":171,"column":86},"end":{"line":171,"column":108}},"type":"binary-expr","locations":[{"start":{"line":171,"column":86},"end":{"line":171,"column":95}},{"start":{"line":171,"column":99},"end":{"line":171,"column":108}}]},"19":{"loc":{"start":{"line":199,"column":59},"end":{"line":199,"column":110}},"type":"cond-expr","locations":[{"start":{"line":199,"column":84},"end":{"line":199,"column":92}},{"start":{"line":199,"column":95},"end":{"line":199,"column":110}}]},"20":{"loc":{"start":{"line":218,"column":38},"end":{"line":218,"column":82}},"type":"binary-expr","locations":[{"start":{"line":218,"column":38},"end":{"line":218,"column":62}},{"start":{"line":218,"column":66},"end":{"line":218,"column":82}}]},"21":{"loc":{"start":{"line":230,"column":39},"end":{"line":230,"column":81}},"type":"binary-expr","locations":[{"start":{"line":230,"column":39},"end":{"line":230,"column":61}},{"start":{"line":230,"column":65},"end":{"line":230,"column":81}}]},"22":{"loc":{"start":{"line":231,"column":9},"end":{"line":469,"column":null}},"type":"cond-expr","locations":[{"start":{"line":232,"column":10},"end":{"line":464,"column":null}},{"start":{"line":467,"column":10},"end":{"line":467,"column":null}}]},"23":{"loc":{"start":{"line":246,"column":27},"end":{"line":246,"column":60}},"type":"cond-expr","locations":[{"start":{"line":246,"column":39},"end":{"line":246,"column":48}},{"start":{"line":246,"column":51},"end":{"line":246,"column":60}}]},"24":{"loc":{"start":{"line":247,"column":29},"end":{"line":247,"column":102}},"type":"cond-expr","locations":[{"start":{"line":247,"column":41},"end":{"line":247,"column":85}},{"start":{"line":247,"column":88},"end":{"line":247,"column":102}}]},"25":{"loc":{"start":{"line":250,"column":19},"end":{"line":250,"column":56}},"type":"cond-expr","locations":[{"start":{"line":250,"column":31},"end":{"line":250,"column":41}},{"start":{"line":250,"column":44},"end":{"line":250,"column":56}}]},"26":{"loc":{"start":{"line":265,"column":15},"end":{"line":462,"column":null}},"type":"cond-expr","locations":[{"start":{"line":266,"column":16},"end":{"line":386,"column":null}},{"start":{"line":389,"column":16},"end":{"line":461,"column":null}}]},"27":{"loc":{"start":{"line":265,"column":15},"end":{"line":265,"column":33}},"type":"binary-expr","locations":[{"start":{"line":265,"column":15},"end":{"line":265,"column":24}},{"start":{"line":265,"column":28},"end":{"line":265,"column":33}}]},"28":{"loc":{"start":{"line":274,"column":33},"end":{"line":274,"column":55}},"type":"binary-expr","locations":[{"start":{"line":274,"column":33},"end":{"line":274,"column":49}},{"start":{"line":274,"column":53},"end":{"line":274,"column":55}}]},"29":{"loc":{"start":{"line":279,"column":33},"end":{"line":279,"column":56}},"type":"binary-expr","locations":[{"start":{"line":279,"column":33},"end":{"line":279,"column":50}},{"start":{"line":279,"column":54},"end":{"line":279,"column":56}}]},"30":{"loc":{"start":{"line":284,"column":33},"end":{"line":284,"column":54}},"type":"binary-expr","locations":[{"start":{"line":284,"column":33},"end":{"line":284,"column":48}},{"start":{"line":284,"column":52},"end":{"line":284,"column":54}}]},"31":{"loc":{"start":{"line":294,"column":31},"end":{"line":294,"column":47}},"type":"binary-expr","locations":[{"start":{"line":294,"column":31},"end":{"line":294,"column":41}},{"start":{"line":294,"column":45},"end":{"line":294,"column":47}}]},"32":{"loc":{"start":{"line":295,"column":69},"end":{"line":295,"column":116}},"type":"binary-expr","locations":[{"start":{"line":295,"column":69},"end":{"line":295,"column":103}},{"start":{"line":295,"column":107},"end":{"line":295,"column":116}}]},"33":{"loc":{"start":{"line":310,"column":37},"end":{"line":310,"column":48}},"type":"binary-expr","locations":[{"start":{"line":310,"column":37},"end":{"line":310,"column":42}},{"start":{"line":310,"column":46},"end":{"line":310,"column":48}}]},"34":{"loc":{"start":{"line":347,"column":37},"end":{"line":347,"column":48}},"type":"binary-expr","locations":[{"start":{"line":347,"column":37},"end":{"line":347,"column":42}},{"start":{"line":347,"column":46},"end":{"line":347,"column":48}}]},"35":{"loc":{"start":{"line":392,"column":21},"end":{"line":403,"column":null}},"type":"binary-expr","locations":[{"start":{"line":392,"column":21},"end":{"line":392,"column":46}},{"start":{"line":393,"column":22},"end":{"line":402,"column":null}}]},"36":{"loc":{"start":{"line":398,"column":31},"end":{"line":398,"column":103}},"type":"binary-expr","locations":[{"start":{"line":398,"column":31},"end":{"line":398,"column":36}},{"start":{"line":398,"column":40},"end":{"line":398,"column":103}}]},"37":{"loc":{"start":{"line":406,"column":21},"end":{"line":417,"column":null}},"type":"binary-expr","locations":[{"start":{"line":406,"column":21},"end":{"line":406,"column":46}},{"start":{"line":407,"column":22},"end":{"line":416,"column":null}}]},"38":{"loc":{"start":{"line":412,"column":31},"end":{"line":412,"column":103}},"type":"binary-expr","locations":[{"start":{"line":412,"column":31},"end":{"line":412,"column":36}},{"start":{"line":412,"column":40},"end":{"line":412,"column":103}}]},"39":{"loc":{"start":{"line":423,"column":23},"end":{"line":428,"column":null}},"type":"cond-expr","locations":[{"start":{"line":424,"column":24},"end":{"line":425,"column":null}},{"start":{"line":428,"column":24},"end":{"line":428,"column":99}}]},"40":{"loc":{"start":{"line":434,"column":23},"end":{"line":446,"column":null}},"type":"cond-expr","locations":[{"start":{"line":435,"column":24},"end":{"line":443,"column":null}},{"start":{"line":446,"column":24},"end":{"line":446,"column":115}}]},"41":{"loc":{"start":{"line":440,"column":30},"end":{"line":441,"column":92}},"type":"if","locations":[{"start":{"line":440,"column":30},"end":{"line":441,"column":92}},{"start":{"line":441,"column":35},"end":{"line":441,"column":92}}]},"42":{"loc":{"start":{"line":454,"column":21},"end":{"line":459,"column":null}},"type":"cond-expr","locations":[{"start":{"line":455,"column":22},"end":{"line":456,"column":null}},{"start":{"line":459,"column":22},"end":{"line":459,"column":97}}]},"43":{"loc":{"start":{"line":473,"column":7},"end":{"line":478,"column":null}},"type":"binary-expr","locations":[{"start":{"line":473,"column":7},"end":{"line":473,"column":20}},{"start":{"line":474,"column":8},"end":{"line":477,"column":null}}]},"44":{"loc":{"start":{"line":481,"column":7},"end":{"line":485,"column":null}},"type":"binary-expr","locations":[{"start":{"line":481,"column":7},"end":{"line":481,"column":17}},{"start":{"line":482,"column":8},"end":{"line":484,"column":null}}]}},"s":{"0":1,"1":1,"2":1,"3":1,"4":1,"5":1,"6":1,"7":1,"8":1,"9":1,"10":1,"11":1,"12":1,"13":295,"14":2,"15":293,"16":1,"17":1,"18":58,"19":58,"20":10,"21":10,"22":10,"23":10,"24":10,"25":0,"26":0,"27":8,"28":0,"29":0,"30":0,"31":1,"32":81,"33":81,"34":0,"35":81,"36":81,"37":81,"38":81,"39":81,"40":81,"41":81,"42":81,"43":81,"44":81,"45":127,"46":81,"47":172,"48":176,"49":84,"50":84,"51":129,"52":171,"53":43,"54":43,"55":7,"56":0,"57":7,"58":6,"59":6,"60":6,"61":6,"62":1,"63":1,"64":1,"65":1,"66":0,"67":1,"68":2,"69":1,"70":1,"71":1,"72":1,"73":1,"74":1,"75":1,"76":1,"77":1,"78":81,"79":252,"80":252,"81":81,"82":58,"83":58,"84":58,"85":81,"86":2,"87":14,"88":14,"89":14,"90":0,"91":2,"92":0,"93":0,"94":0,"95":1,"96":23,"97":0,"98":0,"99":0,"100":0,"101":0,"102":0,"103":1,"104":1,"105":1,"106":24,"107":0,"108":0,"109":0,"110":0,"111":0,"112":0,"113":0,"114":0,"115":1,"116":13,"117":19,"118":19,"119":1,"120":1,"121":0,"122":1,"123":0},"f":{"0":295,"1":58,"2":10,"3":0,"4":8,"5":0,"6":0,"7":0,"8":1,"9":81,"10":127,"11":172,"12":176,"13":84,"14":84,"15":129,"16":171,"17":43,"18":43,"19":7,"20":6,"21":6,"22":1,"23":2,"24":1,"25":252,"26":252,"27":58,"28":58,"29":58,"30":2,"31":14,"32":0,"33":2,"34":0,"35":0,"36":0,"37":1,"38":23,"39":0,"40":0,"41":1,"42":1,"43":1,"44":24,"45":0,"46":0,"47":0,"48":0,"49":1,"50":13,"51":19,"52":19,"53":1,"54":1,"55":0},"b":{"0":[2,293],"1":[2,56],"2":[58,2],"3":[0,0],"4":[10,2,2],"5":[0,81],"6":[81,81],"7":[0,81],"8":[43,38],"9":[84,0],"10":[43,0],"11":[0,7],"12":[6,1],"13":[1,0],"14":[0,1],"15":[1,1],"16":[1,0],"17":[1,1],"18":[1,1],"19":[38,20],"20":[81,41],"21":[81,40],"22":[43,38],"23":[23,20],"24":[23,20],"25":[23,20],"26":[23,20],"27":[43,23],"28":[23,0],"29":[23,0],"30":[23,0],"31":[23,0],"32":[1,0],"33":[23,0],"34":[24,0],"35":[20,19],"36":[19,19],"37":[20,19],"38":[19,19],"39":[19,1],"40":[19,1],"41":[1,0],"42":[19,1],"43":[81,2],"44":[81,2]}}
,"/home/tymur/University/c5s2-pui-lab1/src/views/EngObjectsView.tsx": {"path":"/home/tymur/University/c5s2-pui-lab1/src/views/EngObjectsView.tsx","statementMap":{"0":{"start":{"line":609,"column":0},"end":{"line":609,"column":24}},"1":{"start":{"line":1,"column":0},"end":{"line":1,"column":53}},"2":{"start":{"line":2,"column":0},"end":{"line":2,"column":70}},"3":{"start":{"line":3,"column":0},"end":{"line":3,"column":63}},"4":{"start":{"line":4,"column":0},"end":{"line":4,"column":48}},"5":{"start":{"line":5,"column":0},"end":{"line":5,"column":46}},"6":{"start":{"line":6,"column":0},"end":{"line":6,"column":104}},"7":{"start":{"line":7,"column":0},"end":{"line":7,"column":33}},"8":{"start":{"line":8,"column":0},"end":{"line":8,"column":76}},"9":{"start":{"line":9,"column":0},"end":{"line":9,"column":55}},"10":{"start":{"line":10,"column":0},"end":{"line":10,"column":63}},"11":{"start":{"line":11,"column":0},"end":{"line":11,"column":59}},"12":{"start":{"line":12,"column":0},"end":{"line":12,"column":93}},"13":{"start":{"line":13,"column":0},"end":{"line":13,"column":49}},"14":{"start":{"line":26,"column":1},"end":{"line":26,"column":20}},"15":{"start":{"line":30,"column":19},"end":{"line":30,"column":43}},"16":{"start":{"line":31,"column":1},"end":{"line":31,"column":30}},"17":{"start":{"line":35,"column":1},"end":{"line":35,"column":64}},"18":{"start":{"line":35,"column":33},"end":{"line":35,"column":64}},"19":{"start":{"line":36,"column":19},"end":{"line":38,"column":26}},"20":{"start":{"line":37,"column":17},"end":{"line":37,"column":50}},"21":{"start":{"line":38,"column":14},"end":{"line":38,"column":25}},"22":{"start":{"line":39,"column":1},"end":{"line":39,"column":39}},"23":{"start":{"line":43,"column":25},"end":{"line":43,"column":27}},"24":{"start":{"line":44,"column":1},"end":{"line":44,"column":83}},"25":{"start":{"line":44,"column":30},"end":{"line":44,"column":83}},"26":{"start":{"line":45,"column":1},"end":{"line":45,"column":94}},"27":{"start":{"line":45,"column":28},"end":{"line":45,"column":94}},"28":{"start":{"line":46,"column":1},"end":{"line":46,"column":62}},"29":{"start":{"line":46,"column":32},"end":{"line":46,"column":62}},"30":{"start":{"line":47,"column":16},"end":{"line":47,"column":50}},"31":{"start":{"line":47,"column":38},"end":{"line":47,"column":49}},"32":{"start":{"line":48,"column":16},"end":{"line":48,"column":52}},"33":{"start":{"line":48,"column":40},"end":{"line":48,"column":51}},"34":{"start":{"line":49,"column":15},"end":{"line":49,"column":58}},"35":{"start":{"line":49,"column":37},"end":{"line":49,"column":57}},"36":{"start":{"line":50,"column":17},"end":{"line":50,"column":60}},"37":{"start":{"line":50,"column":39},"end":{"line":50,"column":59}},"38":{"start":{"line":51,"column":1},"end":{"line":51,"column":61}},"39":{"start":{"line":51,"column":19},"end":{"line":51,"column":61}},"40":{"start":{"line":52,"column":1},"end":{"line":52,"column":67}},"41":{"start":{"line":52,"column":21},"end":{"line":52,"column":67}},"42":{"start":{"line":53,"column":1},"end":{"line":53,"column":72}},"43":{"start":{"line":59,"column":62},"end":{"line":63,"column":2}},"44":{"start":{"line":64,"column":62},"end":{"line":68,"column":2}},"45":{"start":{"line":71,"column":1},"end":{"line":75,"column":3}},"46":{"start":{"line":78,"column":62},"end":{"line":81,"column":2}},"47":{"start":{"line":82,"column":62},"end":{"line":85,"column":2}},"48":{"start":{"line":89,"column":2},"end":{"line":91,"column":29}},"49":{"start":{"line":92,"column":1},"end":{"line":96,"column":3}},"50":{"start":{"line":103,"column":1},"end":{"line":114,"column":3}},"51":{"start":{"line":124,"column":25},"end":{"line":124,"column":37}},"52":{"start":{"line":125,"column":23},"end":{"line":125,"column":35}},"53":{"start":{"line":126,"column":27},"end":{"line":126,"column":39}},"54":{"start":{"line":127,"column":1},"end":{"line":147,"column":3}},"55":{"start":{"line":128,"column":41},"end":{"line":128,"column":63}},"56":{"start":{"line":128,"column":52},"end":{"line":128,"column":63}},"57":{"start":{"line":133,"column":61},"end":{"line":133,"column":84}},"58":{"start":{"line":134,"column":75},"end":{"line":134,"column":97}},"59":{"start":{"line":139,"column":20},"end":{"line":139,"column":44}},"60":{"start":{"line":143,"column":53},"end":{"line":143,"column":84}},"61":{"start":{"line":157,"column":25},"end":{"line":157,"column":37}},"62":{"start":{"line":158,"column":33},"end":{"line":158,"column":45}},"63":{"start":{"line":159,"column":1},"end":{"line":181,"column":3}},"64":{"start":{"line":160,"column":41},"end":{"line":160,"column":63}},"65":{"start":{"line":160,"column":52},"end":{"line":160,"column":63}},"66":{"start":{"line":169,"column":20},"end":{"line":169,"column":43}},"67":{"start":{"line":173,"column":56},"end":{"line":173,"column":83}},"68":{"start":{"line":177,"column":53},"end":{"line":177,"column":82}},"69":{"start":{"line":187,"column":44},"end":{"line":187,"column":75}},"70":{"start":{"line":190,"column":1},"end":{"line":195,"column":4}},"71":{"start":{"line":191,"column":13},"end":{"line":191,"column":43}},"72":{"start":{"line":192,"column":13},"end":{"line":192,"column":43}},"73":{"start":{"line":193,"column":2},"end":{"line":193,"column":32}},"74":{"start":{"line":193,"column":17},"end":{"line":193,"column":32}},"75":{"start":{"line":194,"column":2},"end":{"line":194,"column":80}},"76":{"start":{"line":220,"column":50},"end":{"line":270,"column":3}},"77":{"start":{"line":226,"column":23},"end":{"line":226,"column":68}},"78":{"start":{"line":227,"column":4},"end":{"line":241,"column":6}},"79":{"start":{"line":256,"column":15},"end":{"line":256,"column":29}},"80":{"start":{"line":257,"column":22},"end":{"line":262,"column":10}},"81":{"start":{"line":263,"column":4},"end":{"line":267,"column":6}},"82":{"start":{"line":272,"column":1},"end":{"line":280,"column":3}},"83":{"start":{"line":289,"column":25},"end":{"line":289,"column":44}},"84":{"start":{"line":290,"column":33},"end":{"line":290,"column":62}},"85":{"start":{"line":291,"column":29},"end":{"line":291,"column":50}},"86":{"start":{"line":292,"column":35},"end":{"line":292,"column":74}},"87":{"start":{"line":294,"column":1},"end":{"line":349,"column":3}},"88":{"start":{"line":295,"column":41},"end":{"line":295,"column":63}},"89":{"start":{"line":295,"column":52},"end":{"line":295,"column":63}},"90":{"start":{"line":301,"column":22},"end":{"line":301,"column":45}},"91":{"start":{"line":305,"column":58},"end":{"line":305,"column":85}},"92":{"start":{"line":310,"column":22},"end":{"line":310,"column":74}},"93":{"start":{"line":320,"column":7},"end":{"line":320,"column":26}},"94":{"start":{"line":325,"column":10},"end":{"line":328,"column":null}},"95":{"start":{"line":328,"column":39},"end":{"line":328,"column":51}},"96":{"start":{"line":341,"column":21},"end":{"line":341,"column":92}},"97":{"start":{"line":369,"column":37},"end":{"line":369,"column":72}},"98":{"start":{"line":371,"column":1},"end":{"line":373,"column":22}},"99":{"start":{"line":372,"column":2},"end":{"line":372,"column":45}},"100":{"start":{"line":372,"column":23},"end":{"line":372,"column":45}},"101":{"start":{"line":376,"column":21},"end":{"line":381,"column":3}},"102":{"start":{"line":377,"column":13},"end":{"line":377,"column":40}},"103":{"start":{"line":378,"column":13},"end":{"line":378,"column":40}},"104":{"start":{"line":379,"column":2},"end":{"line":379,"column":32}},"105":{"start":{"line":379,"column":17},"end":{"line":379,"column":32}},"106":{"start":{"line":380,"column":2},"end":{"line":380,"column":45}},"107":{"start":{"line":383,"column":22},"end":{"line":383,"column":64}},"108":{"start":{"line":383,"column":40},"end":{"line":383,"column":63}},"109":{"start":{"line":384,"column":22},"end":{"line":386,"column":6}},"110":{"start":{"line":385,"column":27},"end":{"line":385,"column":64}},"111":{"start":{"line":388,"column":54},"end":{"line":412,"column":3}},"112":{"start":{"line":393,"column":4},"end":{"line":399,"column":null}},"113":{"start":{"line":407,"column":4},"end":{"line":408,"column":null}},"114":{"start":{"line":414,"column":1},"end":{"line":474,"column":3}},"115":{"start":{"line":422,"column":28},"end":{"line":422,"column":40}},"116":{"start":{"line":422,"column":41},"end":{"line":422,"column":65}},"117":{"start":{"line":432,"column":22},"end":{"line":432,"column":43}},"118":{"start":{"line":452,"column":9},"end":{"line":452,"column":26}},"119":{"start":{"line":460,"column":23},"end":{"line":460,"column":50}},"120":{"start":{"line":464,"column":23},"end":{"line":464,"column":52}},"121":{"start":{"line":494,"column":37},"end":{"line":494,"column":72}},"122":{"start":{"line":496,"column":1},"end":{"line":498,"column":23}},"123":{"start":{"line":497,"column":2},"end":{"line":497,"column":46}},"124":{"start":{"line":497,"column":24},"end":{"line":497,"column":46}},"125":{"start":{"line":501,"column":23},"end":{"line":501,"column":90}},"126":{"start":{"line":501,"column":51},"end":{"line":501,"column":89}},"127":{"start":{"line":503,"column":23},"end":{"line":503,"column":70}},"128":{"start":{"line":503,"column":44},"end":{"line":503,"column":69}},"129":{"start":{"line":504,"column":21},"end":{"line":506,"column":6}},"130":{"start":{"line":505,"column":24},"end":{"line":505,"column":62}},"131":{"start":{"line":508,"column":55},"end":{"line":535,"column":3}},"132":{"start":{"line":513,"column":4},"end":{"line":517,"column":null}},"133":{"start":{"line":525,"column":18},"end":{"line":525,"column":54}},"134":{"start":{"line":525,"column":46},"end":{"line":525,"column":52}},"135":{"start":{"line":526,"column":4},"end":{"line":532,"column":6}},"136":{"start":{"line":537,"column":1},"end":{"line":603,"column":3}},"137":{"start":{"line":545,"column":29},"end":{"line":545,"column":42}},"138":{"start":{"line":545,"column":43},"end":{"line":545,"column":67}},"139":{"start":{"line":555,"column":22},"end":{"line":555,"column":43}},"140":{"start":{"line":566,"column":9},"end":{"line":566,"column":22}},"141":{"start":{"line":578,"column":9},"end":{"line":578,"column":25}},"142":{"start":{"line":588,"column":24},"end":{"line":588,"column":53}},"143":{"start":{"line":593,"column":23},"end":{"line":593,"column":54}},"144":{"start":{"line":610,"column":25},"end":{"line":610,"column":34}},"145":{"start":{"line":611,"column":1},"end":{"line":611,"column":59}},"146":{"start":{"line":611,"column":19},"end":{"line":611,"column":59}},"147":{"start":{"line":612,"column":70},"end":{"line":612,"column":83}},"148":{"start":{"line":613,"column":18},"end":{"line":613,"column":31}},"149":{"start":{"line":614,"column":18},"end":{"line":614,"column":31}},"150":{"start":{"line":615,"column":37},"end":{"line":616,"column":null}},"151":{"start":{"line":618,"column":39},"end":{"line":619,"column":null}},"152":{"start":{"line":621,"column":45},"end":{"line":621,"column":75}},"153":{"start":{"line":622,"column":47},"end":{"line":622,"column":77}},"154":{"start":{"line":623,"column":43},"end":{"line":623,"column":73}},"155":{"start":{"line":624,"column":45},"end":{"line":624,"column":75}},"156":{"start":{"line":625,"column":37},"end":{"line":625,"column":64}},"157":{"start":{"line":626,"column":31},"end":{"line":626,"column":56}},"158":{"start":{"line":627,"column":35},"end":{"line":627,"column":50}},"159":{"start":{"line":628,"column":27},"end":{"line":628,"column":59}},"160":{"start":{"line":629,"column":43},"end":{"line":629,"column":58}},"161":{"start":{"line":630,"column":49},"end":{"line":630,"column":64}},"162":{"start":{"line":631,"column":45},"end":{"line":631,"column":60}},"163":{"start":{"line":632,"column":47},"end":{"line":632,"column":62}},"164":{"start":{"line":634,"column":53},"end":{"line":634,"column":65}},"165":{"start":{"line":635,"column":45},"end":{"line":635,"column":57}},"166":{"start":{"line":636,"column":43},"end":{"line":636,"column":88}},"167":{"start":{"line":638,"column":13},"end":{"line":638,"column":42}},"168":{"start":{"line":638,"column":27},"end":{"line":638,"column":37}},"169":{"start":{"line":639,"column":17},"end":{"line":641,"column":null}},"170":{"start":{"line":640,"column":8},"end":{"line":640,"column":82}},"171":{"start":{"line":640,"column":47},"end":{"line":640,"column":80}},"172":{"start":{"line":643,"column":18},"end":{"line":643,"column":58}},"173":{"start":{"line":643,"column":38},"end":{"line":643,"column":57}},"174":{"start":{"line":645,"column":21},"end":{"line":647,"column":null}},"175":{"start":{"line":646,"column":2},"end":{"line":647,"column":null}},"176":{"start":{"line":647,"column":3},"end":{"line":647,"column":68}},"177":{"start":{"line":651,"column":2},"end":{"line":651,"column":82}},"178":{"start":{"line":653,"column":19},"end":{"line":654,"column":75}},"179":{"start":{"line":654,"column":2},"end":{"line":654,"column":75}},"180":{"start":{"line":654,"column":21},"end":{"line":654,"column":73}},"181":{"start":{"li
[...]
:345,"column":59},"end":{"line":345,"column":77}}]},"41":{"loc":{"start":{"line":346,"column":7},"end":{"line":346,"column":81}},"type":"cond-expr","locations":[{"start":{"line":346,"column":23},"end":{"line":346,"column":76}},{"start":{"line":346,"column":79},"end":{"line":346,"column":81}}]},"42":{"loc":{"start":{"line":354,"column":27},"end":{"line":356,"column":12}},"type":"cond-expr","locations":[{"start":{"line":355,"column":4},"end":{"line":355,"column":75}},{"start":{"line":356,"column":4},"end":{"line":356,"column":12}}]},"43":{"loc":{"start":{"line":363,"column":23},"end":{"line":363,"column":68}},"type":"binary-expr","locations":[{"start":{"line":363,"column":23},"end":{"line":363,"column":62}},{"start":{"line":363,"column":66},"end":{"line":363,"column":68}}]},"44":{"loc":{"start":{"line":369,"column":8},"end":{"line":369,"column":74}},"type":"binary-expr","locations":[{"start":{"line":369,"column":8},"end":{"line":369,"column":34}},{"start":{"line":369,"column":38},"end":{"line":369,"column":74}}]},"45":{"loc":{"start":{"line":391,"column":35},"end":{"line":391,"column":79}},"type":"binary-expr","locations":[{"start":{"line":391,"column":35},"end":{"line":391,"column":59}},{"start":{"line":391,"column":63},"end":{"line":391,"column":79}}]},"46":{"loc":{"start":{"line":408,"column":36},"end":{"line":408,"column":78}},"type":"binary-expr","locations":[{"start":{"line":408,"column":36},"end":{"line":408,"column":58}},{"start":{"line":408,"column":62},"end":{"line":408,"column":78}}]},"47":{"loc":{"start":{"line":409,"column":5},"end":{"line":600,"column":null}},"type":"cond-expr","locations":[{"start":{"line":410,"column":5},"end":{"line":595,"column":null}},{"start":{"line":598,"column":5},"end":{"line":598,"column":null}}]},"48":{"loc":{"start":{"line":421,"column":10},"end":{"line":428,"column":null}},"type":"cond-expr","locations":[{"start":{"line":422,"column":10},"end":{"line":425,"column":null}},{"start":{"line":428,"column":10},"end":{"line":428,"column":79}}]},"49":{"loc":{"start":{"line":421,"column":10},"end":{"line":421,"column":28}},"type":"binary-expr","locations":[{"start":{"line":421,"column":10},"end":{"line":421,"column":19}},{"start":{"line":421,"column":23},"end":{"line":421,"column":28}}]},"50":{"loc":{"start":{"line":435,"column":19},"end":{"line":435,"column":52}},"type":"cond-expr","locations":[{"start":{"line":435,"column":31},"end":{"line":435,"column":40}},{"start":{"line":435,"column":43},"end":{"line":435,"column":52}}]},"51":{"loc":{"start":{"line":436,"column":21},"end":{"line":436,"column":94}},"type":"cond-expr","locations":[{"start":{"line":436,"column":33},"end":{"line":436,"column":77}},{"start":{"line":436,"column":80},"end":{"line":436,"column":94}}]},"52":{"loc":{"start":{"line":439,"column":11},"end":{"line":439,"column":48}},"type":"cond-expr","locations":[{"start":{"line":439,"column":23},"end":{"line":439,"column":33}},{"start":{"line":439,"column":36},"end":{"line":439,"column":48}}]},"53":{"loc":{"start":{"line":453,"column":8},"end":{"line":464,"column":null}},"type":"cond-expr","locations":[{"start":{"line":454,"column":8},"end":{"line":459,"column":null}},{"start":{"line":462,"column":8},"end":{"line":463,"column":null}}]},"54":{"loc":{"start":{"line":453,"column":8},"end":{"line":453,"column":26}},"type":"binary-expr","locations":[{"start":{"line":453,"column":8},"end":{"line":453,"column":17}},{"start":{"line":453,"column":21},"end":{"line":453,"column":26}}]},"55":{"loc":{"start":{"line":457,"column":17},"end":{"line":457,"column":32}},"type":"binary-expr","locations":[{"start":{"line":457,"column":17},"end":{"line":457,"column":26}},{"start":{"line":457,"column":30},"end":{"line":457,"column":32}}]},"56":{"loc":{"start":{"line":462,"column":8},"end":{"line":463,"column":null}},"type":"binary-expr","locations":[{"start":{"line":462,"column":8},"end":{"line":462,"column":20}},{"start":{"line":463,"column":9},"end":{"line":463,"column":78}}]},"57":{"loc":{"start":{"line":472,"column":9},"end":{"line":550,"column":null}},"type":"cond-expr","locations":[{"start":{"line":473,"column":9},"end":{"line":534,"column":null}},{"start":{"line":537,"column":9},"end":{"line":549,"column":null}}]},"58":{"loc":{"start":{"line":472,"column":9},"end":{"line":472,"column":27}},"type":"binary-expr","locations":[{"start":{"line":472,"column":9},"end":{"line":472,"column":18}},{"start":{"line":472,"column":22},"end":{"line":472,"column":27}}]},"59":{"loc":{"start":{"line":478,"column":20},"end":{"line":478,"column":55}},"type":"binary-expr","locations":[{"start":{"line":478,"column":20},"end":{"line":478,"column":40}},{"start":{"line":478,"column":44},"end":{"line":478,"column":55}}]},"60":{"loc":{"start":{"line":541,"column":18},"end":{"line":541,"column":53}},"type":"binary-expr","locations":[{"start":{"line":541,"column":18},"end":{"line":541,"column":38}},{"start":{"line":541,"column":42},"end":{"line":541,"column":53}}]},"61":{"loc":{"start":{"line":544,"column":13},"end":{"line":546,"column":25}},"type":"cond-expr","locations":[{"start":{"line":545,"column":16},"end":{"line":545,"column":88}},{"start":{"line":546,"column":16},"end":{"line":546,"column":25}}]},"62":{"loc":{"start":{"line":555,"column":8},"end":{"line":572,"column":null}},"type":"cond-expr","locations":[{"start":{"line":556,"column":8},"end":{"line":562,"column":null}},{"start":{"line":565,"column":8},"end":{"line":571,"column":null}}]},"63":{"loc":{"start":{"line":555,"column":8},"end":{"line":555,"column":26}},"type":"binary-expr","locations":[{"start":{"line":555,"column":8},"end":{"line":555,"column":17}},{"start":{"line":555,"column":21},"end":{"line":555,"column":26}}]},"64":{"loc":{"start":{"line":565,"column":8},"end":{"line":571,"column":null}},"type":"binary-expr","locations":[{"start":{"line":565,"column":8},"end":{"line":565,"column":22}},{"start":{"line":566,"column":9},"end":{"line":570,"column":null}}]},"65":{"loc":{"start":{"line":604,"column":4},"end":{"line":609,"column":null}},"type":"binary-expr","locations":[{"start":{"line":604,"column":4},"end":{"line":604,"column":17}},{"start":{"line":605,"column":4},"end":{"line":608,"column":null}}]},"66":{"loc":{"start":{"line":612,"column":4},"end":{"line":616,"column":null}},"type":"binary-expr","locations":[{"start":{"line":612,"column":4},"end":{"line":612,"column":19}},{"start":{"line":613,"column":4},"end":{"line":615,"column":null}}]},"67":{"loc":{"start":{"line":619,"column":4},"end":{"line":623,"column":null}},"type":"binary-expr","locations":[{"start":{"line":619,"column":4},"end":{"line":619,"column":19}},{"start":{"line":620,"column":4},"end":{"line":622,"column":null}}]},"68":{"loc":{"start":{"line":626,"column":4},"end":{"line":635,"column":7}},"type":"binary-expr","locations":[{"start":{"line":626,"column":4},"end":{"line":626,"column":18}},{"start":{"line":626,"column":22},"end":{"line":626,"column":30}},{"start":{"line":626,"column":34},"end":{"line":635,"column":7}}]}},"s":{"0":1,"1":1,"2":1,"3":1,"4":1,"5":1,"6":1,"7":1,"8":1,"9":1,"10":1,"11":1,"12":1,"13":44,"14":2,"15":2,"16":1,"17":2,"18":0,"19":2,"20":0,"21":2,"22":2,"23":2,"24":2,"25":2,"26":2,"27":2,"28":2,"29":2,"30":0,"31":2,"32":0,"33":2,"34":1,"35":1,"36":225,"37":225,"38":42,"39":23,"40":23,"41":23,"42":23,"43":0,"44":0,"45":21,"46":0,"47":0,"48":1,"49":48,"50":48,"51":13,"52":13,"53":48,"54":3,"55":48,"56":50,"57":48,"58":44,"59":44,"60":41,"61":44,"62":48,"63":0,"64":0,"65":0,"66":0,"67":0,"68":0,"69":78,"70":78,"71":0,"72":78,"73":78,"74":78,"75":78,"76":78,"77":78,"78":78,"79":78,"80":78,"81":78,"82":78,"83":78,"84":78,"85":78,"86":78,"87":78,"88":16,"89":78,"90":32,"91":64,"92":78,"93":106,"94":78,"95":13,"96":13,"97":13,"98":13,"99":78,"100":4,"101":0,"102":4,"103":2,"104":2,"105":2,"106":2,"107":2,"108":2,"109":1,"110":1,"111":1,"112":0,"113":1,"114":1,"115":2,"116":2,"117":78,"118":1,"119":0,"120":1,"121":1,"122":1,"123":1,"124":1,"125":0,"126":0,"127":0,"128":0,"129":0,"130":0,"131":0,"132":0,"133":0,"134":0,"135":0,"136":1,"137":1,"138":1,"139":1,"140":1,"141":0,"142":1,"143":1,"144":1,"145":78,"146":0,"147":0,"148":0,"149":0,"150":0,"151":0,"152":0,"153":78,"154":92,"155":92,"156":78,"157":183,"158":183,"159":183,"160":78,"161":2,"162":0,"163":19,"164":2,"165":0,"166":21,"167":0,"168":0,"169":0,"170":63,"171":0,"172":0,"173":23,"174":32,"175":1,"176":0,"177":2,"178":0,"179":1,"180":0,"181":0,"182":0,"183":0,"184":0,"185":0,"186":0},"f":{"0":44,"1":2,"2":2,"3":2,"4":2,"5":2,"6":225,"7":42,"8":23,"9":0,"10":21,"11":0,"12":0,"13":1,"14":48,"15":13,"16":3,"17":50,"18":44,"19":44,"20":41,"21":0,"22":0,"23":0,"24":0,"25":0,"26":78,"27":16,"28":32,"29":64,"30":106,"31":13,"32":4,"33":1,"34":0,"35":0,"36":0,"37":0,"38":1,"39":1,"40":0,"41":92,"42":92,"43":183,"44":183,"45":2,"46":0,"47":19,"48":2,"49":0,"50":21,"51":0,"52":0,"53":0,"54":63,"55":0,"56":0,"57":23,"58":32,"59":1,"60":0,"61":2,"62":0,"63":1,"64":0,"65":0,"66":0,"67":0,"68":0,"69":0},"b":{"0":[1,1],"1":[0,2],"2":[0,0],"3":[0,0],"4":[0,2],"5":[0,2],"6":[0,2],"7":[1,1],"8":[62,163],"9":[225,62],"10":[42,21],"11":[0,0],"12":[13,0],"13":[39,5],"14":[1,43],"15":[1,43],"16":[48,0],"17":[48,48],"18":[0,48],"19":[0,0],"20":[0,0],"21":[0,0],"22":[0,0],"23":[0,0],"24":[0,78],"25":[0,78],"26":[0,4],"27":[2,2],"28":[2,0],"29":[1,1],"30":[0,1],"31":[0,1],"32":[0,0],"33":[0,0],"34":[0,0],"35":[0,0],"36":[1,1],"37":[0,1],"38":[0,0],"39":[0,0],"40":[0,0,0],"41":[0,0],"42":[23,55],"43":[183,1],"44":[183,61],"45":[78,42],"46":[78,36],"47":[43,35],"48":[21,22],"49":[43,21],"50":[21,22],"51":[21,22],"52":[21,22],"53":[21,22],"54":[43,21],"55":[21,0],"56":[22,18],"57":[21,22],"58":[43,21],"59":[21,0],"60":[23,0],"61":[23,0],"62":[21,22],"63":[43,21],"64":[22,21],"65":[78,2],"66":[78,2],"67":[78,2],"68":[78,0,0]}}
,"/home/tymur/University/c5s2-pui-lab1/src/views/LoginView.tsx": {"path":"/home/tymur/University/c5s2-pui-lab1/src/views/LoginView.tsx","statementMap":{"0":{"start":{"line":7,"column":0},"end":{"line":7,"column":24}},"1":{"start":{"line":1,"column":0},"end":{"line":1,"column":33}},"2":{"start":{"line":2,"column":0},"end":{"line":2,"column":48}},"3":{"start":{"line":3,"column":0},"end":{"line":3,"column":46}},"4":{"start":{"line":4,"column":0},"end":{"line":4,"column":53}},"5":{"start":{"line":5,"column":0},"end":{"line":5,"column":36}},"6":{"start":{"line":8,"column":20},"end":{"line":8,"column":29}},"7":{"start":{"line":9,"column":19},"end":{"line":9,"column":32}},"8":{"start":{"line":10,"column":28},"end":{"line":10,"column":40}},"9":{"start":{"line":11,"column":34},"end":{"line":11,"column":46}},"10":{"start":{"line":12,"column":28},"end":{"line":12,"column":40}},"11":{"start":{"line":15,"column":4},"end":{"line":15,"column":23}},"12":{"start":{"line":16,"column":4},"end":{"line":20,"column":5}},"13":{"start":{"line":17,"column":6},"end":{"line":17,"column":27}},"14":{"start":{"line":19,"column":6},"end":{"line":19,"column":45}},"15":{"start":{"line":23,"column":2},"end":{"line":59,"column":4}},"16":{"start":{"line":34,"column":27},"end":{"line":34,"column":51}},"17":{"start":{"line":44,"column":27},"end":{"line":44,"column":54}}},"fnMap":{"0":{"name":"LoginView","decl":{"start":{"line":7,"column":24},"end":{"line":7,"column":33}},"loc":{"start":{"line":7,"column":33},"end":{"line":60,"column":1}}},"1":{"name":"handleSubmit","decl":{"start":{"line":14,"column":11},"end":{"line":14,"column":23}},"loc":{"start":{"line":14,"column":42},"end":{"line":21,"column":3}}},"2":{"name":"(anonymous_2)","decl":{"start":{"line":34,"column":20},"end":{"line":34,"column":21}},"loc":{"start":{"line":34,"column":27},"end":{"line":34,"column":51}}},"3":{"name":"(anonymous_3)","decl":{"start":{"line":44,"column":20},"end":{"line":44,"column":21}},"loc":{"start":{"line":44,"column":27},"end":{"line":44,"column":54}}}},"branchMap":{"0":{"loc":{"start":{"line":16,"column":4},"end":{"line":20,"column":5}},"type":"if","locations":[{"start":{"line":16,"column":4},"end":{"line":20,"column":5}},{"start":{"line":18,"column":11},"end":{"line":20,"column":5}}]},"1":{"loc":{"start":{"line":53,"column":7},"end":{"line":53,"column":67}},"type":"binary-expr","locations":[{"start":{"line":53,"column":7},"end":{"line":53,"column":12}},{"start":{"line":53,"column":16},"end":{"line":53,"column":67}}]}},"s":{"0":1,"1":1,"2":1,"3":1,"4":1,"5":1,"6":49,"7":49,"8":49,"9":49,"10":49,"11":2,"12":2,"13":1,"14":1,"15":49,"16":33,"17":9},"f":{"0":49,"1":2,"2":33,"3":9},"b":{"0":[1,1],"1":[49,1]}}
,"/home/tymur/University/c5s2-pui-lab1/src/views/ProfileView.tsx": {"path":"/home/tymur/University/c5s2-pui-lab1/src/views/ProfileView.tsx","statementMap":{"0":{"start":{"line":15,"column":0},"end":{"line":15,"column":24}},"1":{"start":{"line":1,"column":0},"end":{"line":1,"column":null}},"2":{"start":{"line":7,"column":0},"end":{"line":7,"column":36}},"3":{"start":{"line":10,"column":1},"end":{"line":10,"column":37}},"4":{"start":{"line":10,"column":19},"end":{"line":10,"column":37}},"5":{"start":{"line":11,"column":1},"end":{"line":11,"column":37}},"6":{"start":{"line":11,"column":21},"end":{"line":11,"column":37}},"7":{"start":{"line":12,"column":1},"end":{"line":12,"column":21}},"8":{"start":{"line":16,"column":25},"end":{"line":16,"column":34}},"9":{"start":{"line":18,"column":1},"end":{"line":45,"column":3}}},"fnMap":{"0":{"name":"genderLabel","decl":{"start":{"line":9,"column":9},"end":{"line":9,"column":20}},"loc":{"start":{"line":9,"column":30},"end":{"line":13,"column":1}}},"1":{"name":"ProfileView","decl":{"start":{"line":15,"column":24},"end":{"line":15,"column":35}},"loc":{"start":{"line":15,"column":35},"end":{"line":46,"column":1}}}},"branchMap":{"0":{"loc":{"start":{"line":10,"column":1},"end":{"line":10,"column":37}},"type":"if","locations":[{"start":{"line":10,"column":1},"end":{"line":10,"column":37}},{"start":{},"end":{}}]},"1":{"loc":{"start":{"line":11,"column":1},"end":{"line":11,"column":37}},"type":"if","locations":[{"start":{"line":11,"column":1},"end":{"line":11,"column":37}},{"start":{},"end":{}}]}},"s":{"0":1,"1":1,"2":1,"3":6,"4":1,"5":5,"6":1,"7":4,"8":6,"9":6},"f":{"0":6,"1":6},"b":{"0":[1,5],"1":[1,4]}}
,"/home/tymur/University/c5s2-pui-lab1/src/views/RegisterView.tsx": {"path":"/home/tymur/University/c5s2-pui-lab1/src/views/RegisterView.tsx","statementMap":{"0":{"start":{"line":8,"column":0},"end":{"line":8,"column":24}},"1":{"start":{"line":1,"column":0},"end":{"line":1,"column":33}},"2":{"start":{"line":2,"column":0},"end":{"line":2,"column":48}},"3":{"start":{"line":3,"column":0},"end":{"line":3,"column":46}},"4":{"start":{"line":4,"column":0},"end":{"line":4,"column":53}},"5":{"start":{"line":5,"column":0},"end":{"line":5,"column":36}},"6":{"start":{"line":6,"column":0},"end":{"line":6,"column":33}},"7":{"start":{"line":9,"column":23},"end":{"line":9,"column":32}},"8":{"start":{"line":10,"column":19},"end":{"line":10,"column":32}},"9":{"start":{"line":11,"column":28},"end":{"line":11,"column":40}},"10":{"start":{"line":12,"column":34},"end":{"line":12,"column":46}},"11":{"start":{"line":13,"column":36},"end":{"line":13,"column":48}},"12":{"start":{"line":14,"column":34},"end":{"line":14,"column":46}},"13":{"start":{"line":15,"column":30},"end":{"line":15,"column":42}},"14":{"start":{"line":16,"column":36},"end":{"line":16,"column":48}},"15":{"start":{"line":17,"column":28},"end":{"line":17,"column":40}},"16":{"start":{"line":20,"column":4},"end":{"line":20,"column":23}},"17":{"start":{"line":21,"column":4},"end":{"line":24,"column":5}},"18":{"start":{"line":22,"column":6},"end":{"line":22,"column":61}},"19":{"start":{"line":23,"column":6},"end":{"line":23,"column":13}},"20":{"start":{"line":25,"column":15},"end":{"line":25,"column":105}},"21":{"start":{"line":26,"column":4},"end":{"line":29,"column":5}},"22":{"start":{"line":27,"column":6},"end":{"line":27,"column":50}},"23":{"start":{"line":28,"column":6},"end":{"line":28,"column":13}},"24":{"start":{"line":30,"column":4},"end":{"line":30,"column":25}},"25":{"start":{"line":33,"column":2},"end":{"line":110,"column":4}},"26":{"start":{"line":44,"column":27},"end":{"line":44,"column":51}},"27":{"start":{"line":54,"column":27},"end":{"line":54,"column":54}},"28":{"start":{"line":64,"column":27},"end":{"line":64,"column":55}},"29":{"start":{"line":74,"column":27},"end":{"line":74,"column":54}},"30":{"start":{"line":82,"column":27},"end":{"line":82,"column":52}},"31":{"start":{"line":95,"column":27},"end":{"line":95,"column":55}}},"fnMap":{"0":{"name":"RegisterView","decl":{"start":{"line":8,"column":24},"end":{"line":8,"column":36}},"loc":{"start":{"line":8,"column":36},"end":{"line":111,"column":1}}},"1":{"name":"handleSubmit","decl":{"start":{"line":19,"column":11},"end":{"line":19,"column":23}},"loc":{"start":{"line":19,"column":42},"end":{"line":31,"column":3}}},"2":{"name":"(anonymous_2)","decl":{"start":{"line":44,"column":20},"end":{"line":44,"column":21}},"loc":{"start":{"line":44,"column":27},"end":{"line":44,"column":51}}},"3":{"name":"(anonymous_3)","decl":{"start":{"line":54,"column":20},"end":{"line":54,"column":21}},"loc":{"start":{"line":54,"column":27},"end":{"line":54,"column":54}}},"4":{"name":"(anonymous_4)","decl":{"start":{"line":64,"column":20},"end":{"line":64,"column":21}},"loc":{"start":{"line":64,"column":27},"end":{"line":64,"column":55}}},"5":{"name":"(anonymous_5)","decl":{"start":{"line":74,"column":20},"end":{"line":74,"column":21}},"loc":{"start":{"line":74,"column":27},"end":{"line":74,"column":54}}},"6":{"name":"(anonymous_6)","decl":{"start":{"line":82,"column":20},"end":{"line":82,"column":21}},"loc":{"start":{"line":82,"column":27},"end":{"line":82,"column":52}}},"7":{"name":"(anonymous_7)","decl":{"start":{"line":95,"column":20},"end":{"line":95,"column":21}},"loc":{"start":{"line":95,"column":27},"end":{"line":95,"column":55}}}},"branchMap":{"0":{"loc":{"start":{"line":21,"column":4},"end":{"line":24,"column":5}},"type":"if","locations":[{"start":{"line":21,"column":4},"end":{"line":24,"column":5}},{"start":{},"end":{}}]},"1":{"loc":{"start":{"line":21,"column":8},"end":{"line":21,"column":68}},"type":"binary-expr","locations":[{"start":{"line":21,"column":8},"end":{"line":21,"column":14}},{"start":{"line":21,"column":18},"end":{"line":21,"column":27}},{"start":{"line":21,"column":31},"end":{"line":21,"column":41}},{"start":{"line":21,"column":45},"end":{"line":21,"column":54}},{"start":{"line":21,"column":58},"end":{"line":21,"column":68}}]},"2":{"loc":{"start":{"line":25,"column":72},"end":{"line":25,"column":91}},"type":"binary-expr","locations":[{"start":{"line":25,"column":72},"end":{"line":25,"column":78}},{"start":{"line":25,"column":82},"end":{"line":25,"column":91}}]},"3":{"loc":{"start":{"line":26,"column":4},"end":{"line":29,"column":5}},"type":"if","locations":[{"start":{"line":26,"column":4},"end":{"line":29,"column":5}},{"start":{},"end":{}}]},"4":{"loc":{"start":{"line":83,"column":57},"end":{"line":83,"column":97}},"type":"binary-expr","locations":[{"start":{"line":83,"column":57},"end":{"line":83,"column":70}},{"start":{"line":83,"column":74},"end":{"line":83,"column":97}}]},"5":{"loc":{"start":{"line":96,"column":42},"end":{"line":96,"column":85}},"type":"binary-expr","locations":[{"start":{"line":96,"column":42},"end":{"line":96,"column":58}},{"start":{"line":96,"column":62},"end":{"line":96,"column":85}}]},"6":{"loc":{"start":{"line":104,"column":7},"end":{"line":104,"column":67}},"type":"binary-expr","locations":[{"start":{"line":104,"column":7},"end":{"line":104,"column":12}},{"start":{"line":104,"column":16},"end":{"line":104,"column":67}}]}},"s":{"0":1,"1":1,"2":1,"3":1,"4":1,"5":1,"6":1,"7":82,"8":82,"9":82,"10":82,"11":82,"12":82,"13":82,"14":82,"15":82,"16":3,"17":3,"18":1,"19":1,"20":2,"21":2,"22":1,"23":1,"24":1,"25":82,"26":35,"27":14,"28":8,"29":14,"30":0,"31":2},"f":{"0":82,"1":3,"2":35,"3":14,"4":8,"5":14,"6":0,"7":2},"b":{"0":[1,2],"1":[3,2,2,2,2],"2":[2,2],"3":[1,1],"4":[82,82],"5":[82,78],"6":[82,2]}}
}
