TN:
SF:src/components/ConfirmDialog.tsx
FN:8,ConfirmDialog
FN:14,(anonymous_1)
FNF:2
FNH:1
FNDA:9,ConfirmDialog
FNDA:0,(anonymous_1)
DA:1,4
DA:2,4
DA:8,4
DA:13,9
DA:14,0
LF:5
LH:4
BRDA:14,0,0,0
BRDA:14,0,1,0
BRF:2
BRH:0
end_of_record
TN:
SF:src/components/CreateEventDialog.tsx
FN:12,CreateEventDialog
FN:20,(anonymous_1)
FN:27,(anonymous_2)
FN:33,(anonymous_3)
FN:37,(anonymous_4)
FNF:5
FNH:3
FNDA:72,CreateEventDialog
FNDA:0,(anonymous_1)
FNDA:0,(anonymous_2)
FNDA:62,(anonymous_3)
FNDA:3,(anonymous_4)
DA:1,3
DA:2,3
DA:3,3
DA:4,3
DA:12,3
DA:16,72
DA:17,72
DA:19,72
DA:20,0
DA:27,0
DA:33,62
DA:37,3
LF:12
LH:10
BRDA:20,0,0,0
BRDA:20,0,1,0
BRF:2
BRH:0
end_of_record
TN:
SF:src/components/EditEventDialog.tsx
FN:8,EditEventDialog
FN:24,(anonymous_1)
FN:36,(anonymous_2)
FN:40,(anonymous_3)
FN:45,(anonymous_4)
FN:58,(anonymous_5)
FN:68,(anonymous_6)
FN:68,(anonymous_7)
FN:78,(anonymous_8)
FN:86,(anonymous_9)
FN:91,(anonymous_10)
FN:95,(anonymous_11)
FN:110,(anonymous_12)
FNF:13
FNH:12
FNDA:51,EditEventDialog
FNDA:0,(anonymous_1)
FNDA:16,(anonymous_2)
FNDA:21,(anonymous_3)
FNDA:1,(anonymous_4)
FNDA:16,(anonymous_5)
FNDA:1,(anonymous_6)
FNDA:1,(anonymous_7)
FNDA:1,(anonymous_8)
FNDA:100,(anonymous_9)
FNDA:2,(anonymous_10)
FNDA:1,(anonymous_11)
FNDA:3,(anonymous_12)
DA:1,3
DA:2,3
DA:3,3
DA:4,3
DA:8,3
DA:19,51
DA:20,51
DA:21,51
DA:23,51
DA:24,0
DA:36,16
DA:41,21
DA:46,1
DA:47,1
DA:48,1
DA:49,1
DA:59,16
DA:60,16
DA:61,16
DA:68,1
DA:78,1
DA:87,100
DA:92,2
DA:95,1
DA:110,3
LF:25
LH:24
BRDA:24,0,0,0
BRDA:24,0,1,0
BRDA:83,1,0,51
BRDA:83,1,1,51
BRDA:83,1,2,50
BRDA:93,2,0,1
BRDA:93,2,1,1
BRF:7
BRH:5
end_of_record
TN:
SF:src/components/Navigation.tsx
FN:5,Navigation
FN:9,handleLogout
FN:19,(anonymous_2)
FN:24,(anonymous_3)
FN:29,(anonymous_4)
FN:42,(anonymous_5)
FN:50,(anonymous_6)
FN:59,(anonymous_7)
FN:64,(anonymous_8)
FNF:9
FNH:8
FNDA:8,Navigation
FNDA:0,handleLogout
FNDA:2,(anonymous_2)
FNDA:2,(anonymous_3)
FNDA:2,(anonymous_4)
FNDA:8,(anonymous_5)
FNDA:2,(anonymous_6)
FNDA:6,(anonymous_7)
FNDA:6,(anonymous_8)
DA:1,1
DA:2,1
DA:3,1
DA:5,1
DA:6,8
DA:7,8
DA:10,0
DA:11,0
DA:14,8
DA:20,2
DA:25,2
DA:30,2
DA:43,8
DA:51,2
DA:60,6
DA:65,6
LF:16
LH:14
BRDA:16,0,0,2
BRDA:16,0,1,6
BRDA:20,1,0,0
BRDA:20,1,1,2
BRDA:25,2,0,0
BRDA:25,2,1,2
BRDA:30,3,0,0
BRDA:30,3,1,2
BRDA:43,4,0,0
BRDA:43,4,1,8
BRDA:47,5,0,2
BRDA:47,5,1,6
BRDA:51,6,0,0
BRDA:51,6,1,2
BRDA:60,7,0,0
BRDA:60,7,1,6
BRDA:65,8,0,0
BRDA:65,8,1,6
BRF:18
BRH:11
end_of_record
TN:
SF:src/components/TableList.tsx
FN:19,parseTwWidth
FN:24,parseTwMinWidth
FN:29,withoutW
FN:33,TableList
FN:50,(anonymous_4)
FN:51,(anonymous_5)
FN:58,(anonymous_6)
FN:61,(anonymous_7)
FN:66,(anonymous_8)
FN:66,(anonymous_9)
FN:69,(anonymous_10)
FN:73,(anonymous_11)
FN:79,(anonymous_12)
FN:87,(anonymous_13)
FN:90,(anonymous_14)
FN:91,(anonymous_15)
FN:97,(anonymous_16)
FN:111,(anonymous_17)
FN:135,(anonymous_18)
FN:143,(anonymous_19)
FN:145,(anonymous_20)
FN:158,(anonymous_21)
FN:163,(anonymous_22)
FNF:23
FNH:18
FNDA:245,parseTwWidth
FNDA:0,parseTwMinWidth
FNDA:2931,withoutW
FNDA:408,TableList
FNDA:115,(anonymous_4)
FNDA:245,(anonymous_5)
FNDA:408,(anonymous_6)
FNDA:122,(anonymous_7)
FNDA:0,(anonymous_8)
FNDA:0,(anonymous_9)
FNDA:131,(anonymous_10)
FNDA:308,(anonymous_11)
FNDA:0,(anonymous_12)
FNDA:835,(anonymous_13)
FNDA:835,(anonymous_14)
FNDA:1281,(anonymous_15)
FNDA:835,(anonymous_16)
FNDA:835,(anonymous_17)
FNDA:1019,(anonymous_18)
FNDA:45,(anonymous_19)
FNDA:2096,(anonymous_20)
FNDA:616,(anonymous_21)
FNDA:0,(anonymous_22)
DA:1,3
DA:2,3
DA:3,3
DA:20,245
DA:21,245
DA:25,0
DA:26,0
DA:30,2931
DA:33,3
DA:50,408
DA:51,245
DA:54,408
DA:55,408
DA:56,408
DA:58,408
DA:59,408
DA:61,308
DA:62,122
DA:63,0
DA:64,0
DA:65,0
DA:66,0
DA:69,308
DA:71,308
DA:72,308
DA:73,308
DA:74,308
DA:75,308
DA:79,408
DA:80,0
DA:81,0
DA:82,0
DA:83,0
DA:84,0
DA:87,835
DA:90,408
DA:91,1281
DA:96,408
DA:97,835
DA:101,408
DA:112,835
DA:136,1019
DA:143,45
DA:146,2096
DA:159,616
DA:160,616
DA:163,0
LF:47
LH:35
BRDA:21,0,0,245
BRDA:21,0,1,0
BRDA:26,1,0,0
BRDA:26,1,1,0
BRDA:30,2,0,2931
BRDA:30,2,1,0
BRDA:59,3,0,100
BRDA:59,3,1,308
BRDA:62,4,0,122
BRDA:62,4,1,0
BRDA:66,5,0,0
BRDA:66,5,1,0
BRDA:114,6,0,835
BRDA:114,6,1,194
BRDA:140,7,0,1019
BRDA:140,7,1,133
BRDA:137,8,0,1019
BRDA:137,8,1,0
BRDA:158,9,0,408
BRDA:158,9,1,308
BRDA:164,10,0,616
BRDA:164,10,1,0
BRDA:169,11,0,308
BRDA:169,11,1,308
BRF:24
BRH:15
end_of_record
TN:
SF:src/components/__tests__/nav-test-helper.tsx
FN:5,LoginAndNav
FN:7,(anonymous_2)
FNF:2
FNH:2
FNDA:4,LoginAndNav
FNDA:4,(anonymous_2)
DA:1,1
DA:2,1
DA:3,1
DA:5,1
DA:6,4
DA:7,4
DA:8,4
DA:10,4
LF:8
LH:8
BRF:0
BRH:0
end_of_record
TN:
SF:src/utils/formatters.ts
FN:1,formatContactName
FN:10,formatDisplayValue
FN:29,formatNounNumber
FN:46,pad
FN:50,hhmm
FN:54,yyyymmdd
FN:58,formatTimeDigestible
FN:63,(anonymous_7)
FN:83,formatTimeFull
FNF:9
FNH:9
FNDA:545,formatContactName
FNDA:7,formatDisplayValue
FNDA:14,formatNounNumber
FNDA:2118,pad
FNDA:530,hhmm
FNDA:529,yyyymmdd
FNDA:530,formatTimeDigestible
FNDA:8,(anonymous_7)
FNDA:8,formatTimeFull
DA:1,4
DA:6,545
DA:7,545
DA:10,4
DA:11,7
DA:12,5
DA:17,3
DA:18,2
DA:19,2
DA:20,1
DA:24,1
DA:26,0
DA:29,4
DA:35,14
DA:36,12
DA:38,2
DA:40,14
DA:41,13
DA:42,13
DA:43,9
DA:47,2118
DA:51,530
DA:55,529
DA:58,4
DA:59,530
DA:60,530
DA:61,530
DA:63,530
DA:64,8
DA:65,8
DA:68,530
DA:69,1
DA:71,529
DA:72,2
DA:74,527
DA:75,5
DA:77,522
DA:78,1
DA:80,521
DA:83,4
DA:84,8
LF:41
LH:40
BRDA:7,0,0,544
BRDA:7,0,1,1
BRDA:11,1,0,2
BRDA:11,1,1,5
BRDA:11,2,0,7
BRDA:11,2,1,6
BRDA:12,3,0,3
BRDA:12,3,1,2
BRDA:13,4,0,5
BRDA:13,4,1,4
BRDA:13,4,2,3
BRDA:18,5,0,2
BRDA:18,5,1,0
BRDA:19,6,0,1
BRDA:19,6,1,1
BRDA:19,7,0,2
BRDA:19,7,1,1
BRDA:35,8,0,12
BRDA:35,8,1,2
BRDA:40,9,0,1
BRDA:40,9,1,13
BRDA:42,10,0,4
BRDA:42,10,1,9
BRDA:65,11,0,7
BRDA:65,11,1,1
BRDA:68,12,0,1
BRDA:68,12,1,529
BRDA:71,13,0,2
BRDA:71,13,1,527
BRDA:74,14,0,5
BRDA:74,14,1,522
BRDA:77,15,0,1
BRDA:77,15,1,521
BRF:33
BRH:32
end_of_record
TN:
SF:src/views/AboutView.tsx
FN:1,AboutView
FNF:1
FNH:1
FNDA:3,AboutView
DA:1,1
DA:2,3
LF:2
LH:2
BRF:0
BRH:0
end_of_record
TN:
SF:src/views/ContactsView.tsx
FN:25,KindBadge
FN:43,ObjStatusBadge
FN:70,CreateContactDialog
FN:79,(anonymous_4)
FN:84,(anonymous_5)
FN:85,(anonymous_6)
FN:86,(anonymous_7)
FN:87,(anonymous_8)
FN:94,(anonymous_9)
FN:105,ContactsView
FN:122,(anonymous_11)
FN:126,(anonymous_12)
FN:126,(anonymous_13)
FN:127,(anonymous_14)
FN:130,(anonymous_15)
FN:133,(anonymous_16)
FN:133,(anonymous_17)
FN:134,(anonymous_18)
FN:137,(anonymous_19)
FN:141,handleEditToggle
FN:146,(anonymous_21)
FN:147,(anonymous_22)
FN:156,handleDelete
FN:158,(anonymous_24)
FN:166,handleCreate
FN:183,(anonymous_26)
FN:188,(anonymous_27)
FN:196,(anonymous_28)
FN:206,(anonymous_29)
FN:211,(anonymous_30)
FN:221,(anonymous_31)
FN:226,(anonymous_32)
FN:235,(anonymous_33)
FN:256,(anonymous_34)
FN:275,(anonymous_35)
FN:280,(anonymous_36)
FN:285,(anonymous_37)
FN:295,(anonymous_38)
FN:306,(anonymous_39)
FN:311,(anonymous_40)
FN:321,(anonymous_41)
FN:328,(anonymous_42)
FN:328,(anonymous_43)
FN:334,(anonymous_44)
FN:343,(anonymous_45)
FN:348,(anonymous_46)
FN:358,(anonymous_47)
FN:365,(anonymous_48)
FN:365,(anonymous_49)
FN:371,(anonymous_50)
FN:384,(anonymous_51)
FN:396,(anonymous_52)
FN:410,(anonymous_53)
FN:439,(anonymous_54)
FN:477,(anonymous_55)
FN:484,(anonymous_56)
FNF:56
FNH:41
FNDA:295,KindBadge
FNDA:58,ObjStatusBadge
FNDA:10,CreateContactDialog
FNDA:0,(anonymous_4)
FNDA:8,(anonymous_5)
FNDA:0,(anonymous_6)
FNDA:0,(anonymous_7)
FNDA:0,(anonymous_8)
FNDA:1,(anonymous_9)
FNDA:81,ContactsView
FNDA:127,(anonymous_11)
FNDA:172,(anonymous_12)
FNDA:176,(anonymous_13)
FNDA:84,(anonymous_14)
FNDA:84,(anonymous_15)
FNDA:129,(anonymous_16)
FNDA:171,(anonymous_17)
FNDA:43,(anonymous_18)
FNDA:43,(anonymous_19)
FNDA:7,handleEditToggle
FNDA:6,(anonymous_21)
FNDA:6,(anonymous_22)
FNDA:1,handleDelete
FNDA:2,(anonymous_24)
FNDA:1,handleCreate
FNDA:252,(anonymous_26)
FNDA:252,(anonymous_27)
FNDA:58,(anonymous_28)
FNDA:58,(anonymous_29)
FNDA:58,(anonymous_30)
FNDA:2,(anonymous_31)
FNDA:14,(anonymous_32)
FNDA:0,(anonymous_33)
FNDA:2,(anonymous_34)
FNDA:0,(anonymous_35)
FNDA:0,(anonymous_36)
FNDA:0,(anonymous_37)
FNDA:1,(anonymous_38)
FNDA:23,(anonymous_39)
FNDA:0,(anonymous_40)
FNDA:0,(anonymous_41)
FNDA:1,(anonymous_42)
FNDA:1,(anonymous_43)
FNDA:1,(anonymous_44)
FNDA:24,(anonymous_45)
FNDA:0,(anonymous_46)
FNDA:0,(anonymous_47)
FNDA:0,(anonymous_48)
FNDA:0,(anonymous_49)
FNDA:1,(anonymous_50)
FNDA:13,(anonymous_51)
FNDA:19,(anonymous_52)
FNDA:19,(anonymous_53)
FNDA:1,(anonymous_54)
FNDA:1,(anonymous_55)
FNDA:0,(anonymous_56)
DA:1,1
DA:2,1
DA:3,1
DA:4,1
DA:5,1
DA:6,1
DA:7,1
DA:8,1
DA:9,1
DA:10,1
DA:16,1
DA:20,1
DA:26,295
DA:27,293
DA:34,1
DA:38,1
DA:45,58
DA:48,58
DA:74,10
DA:75,10
DA:76,10
DA:77,10
DA:78,10
DA:79,0
DA:84,8
DA:85,0
DA:86,0
DA:87,0
DA:94,1
DA:105,1
DA:106,81
DA:107,81
DA:108,81
DA:109,81
DA:110,81
DA:111,81
DA:114,81
DA:117,81
DA:118,81
DA:119,81
DA:120,81
DA:122,127
DA:124,81
DA:126,176
DA:127,84
DA:130,84
DA:133,171
DA:134,43
DA:137,43
DA:142,7
DA:143,7
DA:144,6
DA:146,6
DA:147,6
DA:149,6
DA:151,1
DA:152,1
DA:157,1
DA:158,2
DA:159,1
DA:160,1
DA:161,1
DA:162,1
DA:163,1
DA:167,1
DA:174,1
DA:175,1
DA:176,1
DA:179,81
DA:183,252
DA:188,252
DA:192,81
DA:197,58
DA:206,58
DA:211,58
DA:215,81
DA:221,2
DA:226,14
DA:235,0
DA:256,2
DA:275,0
DA:280,0
DA:285,0
DA:295,1
DA:307,23
DA:312,0
DA:313,0
DA:314,0
DA:322,0
DA:323,0
DA:324,0
DA:328,1
DA:334,1
DA:344,24
DA:349,0
DA:350,0
DA:351,0
DA:359,0
DA:360,0
DA:361,0
DA:365,0
DA:371,1
DA:384,13
DA:397,19
DA:411,19
DA:440,1
DA:441,0
DA:477,1
DA:484,0
LF:109
LH:86
BRDA:26,0,0,2
BRDA:26,0,1,293
BRDA:45,1,0,2
BRDA:45,1,1,56
BRDA:45,2,0,58
BRDA:45,2,1,2
BRDA:79,3,0,0
BRDA:79,3,1,0
BRDA:95,4,0,10
BRDA:95,4,1,2
BRDA:95,4,2,2
BRDA:107,5,0,0
BRDA:107,5,1,81
BRDA:112,6,0,81
BRDA:112,6,1,81
BRDA:115,7,0,0
BRDA:115,7,1,81
BRDA:124,8,0,43
BRDA:124,8,1,38
BRDA:130,9,0,84
BRDA:130,9,1,0
BRDA:137,10,0,43
BRDA:137,10,1,0
BRDA:142,11,0,0
BRDA:142,11,1,7
BRDA:143,12,0,6
BRDA:143,12,1,1
BRDA:151,13,0,1
BRDA:151,13,1,0
BRDA:157,14,0,0
BRDA:157,14,1,1
BRDA:169,15,0,1
BRDA:169,15,1,1
BRDA:171,16,0,1
BRDA:171,16,1,0
BRDA:171,17,0,1
BRDA:171,17,1,1
BRDA:171,18,0,1
BRDA:171,18,1,1
BRDA:199,19,0,38
BRDA:199,19,1,20
BRDA:218,20,0,81
BRDA:218,20,1,41
BRDA:230,21,0,81
BRDA:230,21,1,40
BRDA:231,22,0,43
BRDA:231,22,1,38
BRDA:246,23,0,23
BRDA:246,23,1,20
BRDA:247,24,0,23
BRDA:247,24,1,20
BRDA:250,25,0,23
BRDA:250,25,1,20
BRDA:265,26,0,23
BRDA:265,26,1,20
BRDA:265,27,0,43
BRDA:265,27,1,23
BRDA:274,28,0,23
BRDA:274,28,1,0
BRDA:279,29,0,23
BRDA:279,29,1,0
BRDA:284,30,0,23
BRDA:284,30,1,0
BRDA:294,31,0,23
BRDA:294,31,1,0
BRDA:295,32,0,1
BRDA:295,32,1,0
BRDA:310,33,0,23
BRDA:310,33,1,0
BRDA:347,34,0,24
BRDA:347,34,1,0
BRDA:392,35,0,20
BRDA:392,35,1,19
BRDA:398,36,0,19
BRDA:398,36,1,19
BRDA:406,37,0,20
BRDA:406,37,1,19
BRDA:412,38,0,19
BRDA:412,38,1,19
BRDA:423,39,0,19
BRDA:423,39,1,1
BRDA:434,40,0,19
BRDA:434,40,1,1
BRDA:440,41,0,1
BRDA:440,41,1,0
BRDA:454,42,0,19
BRDA:454,42,1,1
BRDA:473,43,0,81
BRDA:473,43,1,2
BRDA:481,44,0,81
BRDA:481,44,1,2
BRF:91
BRH:73
end_of_record
TN:
SF:src/views/EngObjectsView.tsx
FN:25,parseDateTime
FN:29,parseLocalDate
FN:34,timeValue
FN:37,(anonymous_4)
FN:38,(anonymous_5)
FN:42,buildChangeText
FN:47,(anonymous_7)
FN:48,(anonymous_8)
FN:49,(anonymous_9)
FN:50,(anonymous_10)
FN:70,StatusBadge
FN:87,ObjStatusBadge
FN:102,ContactCard
FN:120,CreateObjectDialog
FN:128,(anonymous_15)
FN:133,(anonymous_16)
FN:134,(anonymous_17)
FN:139,(anonymous_18)
FN:143,(anonymous_19)
FN:153,CreateTaskDialog
FN:160,(anonymous_21)
FN:169,(anonymous_22)
FN:173,(anonymous_23)
FN:177,(anonymous_24)
FN:189,sortPeople
FN:190,(anonymous_26)
FN:201,ObjectsList
FN:225,(anonymous_28)
FN:255,(anonymous_29)
FN:283,EditTaskDialog
FN:295,(anonymous_31)
FN:301,(anonymous_32)
FN:305,(anonymous_33)
FN:310,(anonymous_34)
FN:319,(anonymous_35)
FN:324,(anonymous_36)
FN:328,(anonymous_37)
FN:341,(anonymous_38)
FN:352,TasksList
FN:371,(anonymous_40)
FN:376,(anonymous_41)
FN:383,(anonymous_42)
FN:385,(anonymous_43)
FN:392,(anonymous_44)
FN:406,(anonymous_45)
FN:422,(anonymous_46)
FN:432,(anonymous_47)
FN:451,(anonymous_48)
FN:460,(anonymous_49)
FN:464,(anonymous_50)
FN:477,HistoryList
FN:496,(anonymous_52)
FN:501,(anonymous_53)
FN:503,(anonymous_54)
FN:505,(anonymous_55)
FN:512,(anonymous_56)
FN:524,(anonymous_57)
FN:525,(anonymous_58)
FN:545,(anonymous_59)
FN:555,(anonymous_60)
FN:565,(anonymous_61)
FN:577,(anonymous_62)
FN:588,(anonymous_63)
FN:593,(anonymous_64)
FN:609,EngObjectsView
FN:638,(anonymous_66)
FN:640,(anonymous_67)
FN:640,(anonymous_68)
FN:643,(anonymous_69)
FN:645,(anonymous_70)
FN:646,(anonymous_71)
FN:653,(anonymous_72)
FN:654,(anonymous_73)
FN:657,(anonymous_74)
FN:661,(anonymous_75)
FN:667,(anonymous_76)
FN:669,(anonymous_77)
FN:674,(anonymous_78)
FN:676,(anonymous_79)
FN:685,(anonymous_80)
FN:693,(anonymous_81)
FN:728,(anonymous_82)
FN:737,handleUpdateTask
FN:739,(anonymous_84)
FN:743,handleDeleteTask
FN:745,(anonymous_86)
FN:749,handleUpdateEvent
FN:751,(anonymous_88)
FN:755,handleDeleteEvent
FN:757,(anonymous_90)
FN:761,handleCreateObject
FN:772,handleCreateTask
FN:782,handleCreateEvent
FN:792,(anonymous_94)
FN:810,(anonymous_95)
FN:810,(anonymous_96)
FN:818,(anonymous_97)
FN:838,(anonymous_98)
FN:851,(anonymous_99)
FN:871,(anonymous_100)
FN:884,(anonymous_101)
FN:901,(anonymous_102)
FN:911,(anonymous_103)
FN:914,(anonymous_104)
FN:928,(anonymous_105)
FN:931,(anonymous_106)
FN:940,(anonymous_107)
FN:946,(anonymous_108)
FN:965,(anonymous_109)
FN:971,(anonymous_110)
FN:972,(anonymous_111)
FN:988,(anonymous_112)
FN:1011,(anonymous_113)
FN:1017,(anonymous_114)
FN:1029,(anonymous_115)
FN:1035,(anonymous_116)
FN:1052,(anonymous_117)
FN:1059,(anonymous_118)
FN:1066,(anonymous_119)
FN:1073,(anonymous_120)
FN:1077,(anonymous_121)
FN:1078,(anonymous_122)
FN:1083,(anonymous_123)
FN:1084,(anonymous_124)
FN:1089,(anonymous_125)
FN:1090,(anonymous_126)
FN:1095,(anonymous_127)
FN:1096,(anonymous_128)
FNF:128
FNH:80
FNDA:98,parseDateTime
FNDA:388,parseLocalDate
FNDA:314,timeValue
FNDA:397,(anonymous_4)
FNDA:396,(anonymous_5)
FNDA:2,buildChangeText
FNDA:4,(anonymous_7)
FNDA:4,(anonymous_8)
FNDA:4,(anonymous_9)
FNDA:4,(anonymous_10)
FNDA:92,StatusBadge
FNDA:46,ObjStatusBadge
FNDA:89,ContactCard
FNDA:17,CreateObjectDialog
FNDA:0,(anonymous_15)
FNDA:15,(anonymous_16)
FNDA:0,(anonymous_17)
FNDA:0,(anonymous_18)
FNDA:1,(anonymous_19)
FNDA:21,CreateTaskDialog
FNDA:0,(anonymous_21)
FNDA:19,(anonymous_22)
FNDA:0,(anonymous_23)
FNDA:1,(anonymous_24)
FNDA:65,sortPeople
FNDA:63,(anonymous_26)
FNDA:97,ObjectsList
FNDA:300,(anonymous_28)
FNDA:300,(anonymous_29)
FNDA:0,EditTaskDialog
FNDA:0,(anonymous_31)
FNDA:0,(anonymous_32)
FNDA:0,(anonymous_33)
FNDA:0,(anonymous_34)
FNDA:0,(anonymous_35)
FNDA:0,(anonymous_36)
FNDA:0,(anonymous_37)
FNDA:0,(anonymous_38)
FNDA:56,TasksList
FNDA:17,(anonymous_40)
FNDA:55,(anonymous_41)
FNDA:108,(anonymous_42)
FNDA:4,(anonymous_43)
FNDA:90,(anonymous_44)
FNDA:90,(anonymous_45)
FNDA:1,(anonymous_46)
FNDA:0,(anonymous_47)
FNDA:4,(anonymous_48)
FNDA:0,(anonymous_49)
FNDA:0,(anonymous_50)
FNDA:56,HistoryList
FNDA:17,(anonymous_52)
FNDA:57,(anonymous_53)
FNDA:110,(anonymous_54)
FNDA:4,(anonymous_55)
FNDA:92,(anonymous_56)
FNDA:92,(anonymous_57)
FNDA:90,(anonymous_58)
FNDA:1,(anonymous_59)
FNDA:0,(anonymous_60)
FNDA:2,(anonymous_61)
FNDA:2,(anonymous_62)
FNDA:0,(anonymous_63)
FNDA:0,(anonymous_64)
FNDA:97,EngObjectsView
FNDA:21,(anonymous_66)
FNDA:42,(anonymous_67)
FNDA:84,(anonymous_68)
FNDA:172,(anonymous_69)
FNDA:3,(anonymous_70)
FNDA:3,(anonymous_71)
FNDA:3,(anonymous_72)
FNDA:3,(anonymous_73)
FNDA:51,(anonymous_74)
FNDA:8,(anonymous_75)
FNDA:51,(anonymous_76)
FNDA:88,(anonymous_77)
FNDA:54,(anonymous_78)
FNDA:11,(anonymous_79)
FNDA:15,(anonymous_80)
FNDA:4,(anonymous_81)
FNDA:1,(anonymous_82)
FNDA:0,handleUpdateTask
FNDA:0,(anonymous_84)
FNDA:0,handleDeleteTask
FNDA:0,(anonymous_86)
FNDA:0,handleUpdateEvent
FNDA:0,(anonymous_88)
FNDA:0,handleDeleteEvent
FNDA:0,(anonymous_90)
FNDA:1,handleCreateObject
FNDA:1,handleCreateTask
FNDA:1,handleCreateEvent
FNDA:0,(anonymous_94)
FNDA:76,(anonymous_95)
FNDA:133,(anonymous_96)
FNDA:2,(anonymous_97)
FNDA:0,(anonymous_98)
FNDA:15,(anonymous_99)
FNDA:2,(anonymous_100)
FNDA:0,(anonymous_101)
FNDA:34,(anonymous_102)
FNDA:0,(anonymous_103)
FNDA:0,(anonymous_104)
FNDA:0,(anonymous_105)
FNDA:34,(anonymous_106)
FNDA:0,(anonymous_107)
FNDA:0,(anonymous_108)
FNDA:55,(anonymous_109)
FNDA:110,(anonymous_110)
FNDA:1,(anonymous_111)
FNDA:0,(anonymous_112)
FNDA:2,(anonymous_113)
FNDA:1,(anonymous_114)
FNDA:2,(anonymous_115)
FNDA:1,(anonymous_116)
FNDA:1,(anonymous_117)
FNDA:0,(anonymous_118)
FNDA:0,(anonymous_119)
FNDA:0,(anonymous_120)
FNDA:0,(anonymous_121)
FNDA:0,(anonymous_122)
FNDA:0,(anonymous_123)
FNDA:0,(anonymous_124)
FNDA:0,(anonymous_125)
FNDA:0,(anonymous_126)
FNDA:0,(anonymous_127)
FNDA:0,(anonymous_128)
DA:1,1
DA:2,1
DA:3,1
DA:4,1
DA:5,1
DA:6,1
DA:7,1
DA:8,1
DA:9,1
DA:10,1
DA:11,1
DA:12,1
DA:13,1
DA:26,98
DA:30,388
DA:31,388
DA:35,314
DA:36,239
DA:37,397
DA:38,396
DA:39,239
DA:43,2
DA:44,2
DA:45,2
DA:46,2
DA:47,4
DA:48,4
DA:49,4
DA:50,4
DA:51,2
DA:52,2
DA:53,2
DA:59,1
DA:64,1
DA:71,92
DA:78,1
DA:82,1
DA:89,46
DA:92,46
DA:103,89
DA:124,17
DA:125,17
DA:126,17
DA:127,17
DA:128,0
DA:133,15
DA:134,0
DA:139,0
DA:143,1
DA:157,21
DA:158,21
DA:159,21
DA:160,0
DA:169,19
DA:173,0
DA:177,1
DA:187,1
DA:190,65
DA:191,63
DA:192,63
DA:193,63
DA:194,0
DA:220,97
DA:226,300
DA:227,300
DA:256,300
DA:257,300
DA:263,300
DA:272,97
DA:289,0
DA:290,0
DA:291,0
DA:292,0
DA:294,0
DA:295,0
DA:301,0
DA:305,0
DA:310,0
DA:320,0
DA:325,0
DA:328,0
DA:341,0
DA:369,56
DA:371,56
DA:372,17
DA:376,56
DA:377,55
DA:378,55
DA:379,55
DA:380,55
DA:383,108
DA:384,56
DA:385,4
DA:388,56
DA:393,90
DA:407,90
DA:414,56
DA:422,1
DA:432,0
DA:452,4
DA:460,0
DA:464,0
DA:494,56
DA:496,56
DA:497,17
DA:501,57
DA:503,110
DA:504,56
DA:505,4
DA:508,56
DA:513,92
DA:525,92
DA:526,92
DA:537,56
DA:545,1
DA:555,0
DA:566,2
DA:578,2
DA:588,0
DA:593,0
DA:609,1
DA:610,97
DA:611,97
DA:612,97
DA:613,97
DA:614,97
DA:615,97
DA:618,97
DA:621,97
DA:622,97
DA:623,97
DA:624,97
DA:625,97
DA:626,97
DA:627,97
DA:628,97
DA:629,97
DA:630,97
DA:631,97
DA:632,97
DA:634,97
DA:635,97
DA:636,97
DA:638,97
DA:639,97
DA:640,84
DA:643,172
DA:645,97
DA:646,3
DA:647,3
DA:651,97
DA:653,97
DA:654,3
DA:656,97
DA:658,51
DA:661,8
DA:666,97
DA:668,51
DA:669,88
DA:674,97
DA:675,54
DA:676,2
DA:677,11
DA:678,11
DA:679,11
DA:680,7
DA:681,7
DA:685,97
DA:686,15
DA:687,15
DA:688,15
DA:689,15
DA:690,15
DA:693,97
DA:694,4
DA:695,4
DA:696,2
DA:697,2
DA:699,2
DA:700,2
DA:701,2
DA:702,2
DA:703,1
DA:704,1
DA:705,1
DA:706,0
DA:711,1
DA:720,1
DA:722,2
DA:724,2
DA:728,97
DA:729,1
DA:730,1
DA:731,1
DA:732,1
DA:733,1
DA:734,1
DA:738,0
DA:739,0
DA:740,0
DA:744,0
DA:745,0
DA:746,0
DA:750,0
DA:751,0
DA:752,0
DA:756,0
DA:757,0
DA:758,0
DA:762,1
DA:767,1
DA:768,1
DA:769,1
DA:773,1
DA:774,1
DA:778,1
DA:779,1
DA:783,1
DA:784,1
DA:788,1
DA:789,1
DA:792,97
DA:793,0
DA:794,0
DA:799,0
DA:800,0
DA:801,0
DA:802,0
DA:805,97
DA:806,97
DA:809,97
DA:810,133
DA:813,97
DA:818,2
DA:838,0
DA:851,15
DA:871,2
DA:884,0
DA:902,34
DA:912,0
DA:914,0
DA:928,0
DA:932,34
DA:940,0
DA:946,0
DA:966,55
DA:971,110
DA:972,1
DA:988,0
DA:1011,2
DA:1017,1
DA:1029,2
DA:1035,1
DA:1052,1
DA:1059,0
DA:1066,0
DA:1073,0
DA:1078,0
DA:1079,0
DA:1083,0
DA:1084,0
DA:1090,0
DA:1091,0
DA:1095,0
DA:1096,0
LF:265
LH:202
BRDA:35,0,0,75
BRDA:35,0,1,239
BRDA:35,1,0,75
BRDA:35,1,1,0
BRDA:37,2,0,397
BRDA:37,2,1,397
BRDA:39,3,0,239
BRDA:39,3,1,1
BRDA:44,4,0,1
BRDA:44,4,1,1
BRDA:45,5,0,0
BRDA:45,5,1,2
BRDA:45,6,0,0
BRDA:45,6,1,0
BRDA:45,7,0,0
BRDA:45,7,1,0
BRDA:46,8,0,0
BRDA:46,8,1,2
BRDA:51,9,0,0
BRDA:51,9,1,2
BRDA:52,10,0,0
BRDA:52,10,1,2
BRDA:53,11,0,1
BRDA:53,11,1,1
BRDA:89,12,0,1
BRDA:89,12,1,45
BRDA:89,13,0,46
BRDA:89,13,1,1
BRDA:107,14,0,89
BRDA:107,14,1,55
BRDA:128,15,0,0
BRDA:128,15,1,0
BRDA:160,16,0,0
BRDA:160,16,1,0
BRDA:191,17,0,63
BRDA:191,17,1,0
BRDA:191,18,0,63
BRDA:191,18,1,0
BRDA:192,19,0,63
BRDA:192,19,1,0
BRDA:192,20,0,63
BRDA:192,20,1,0
BRDA:193,21,0,63
BRDA:193,21,1,0
BRDA:194,22,0,0
BRDA:194,22,1,0
BRDA:194,23,0,0
BRDA:194,23,1,0
BRDA:222,24,0,97
BRDA:222,24,1,95
BRDA:226,25,0,300
BRDA:226,25,1,1
BRDA:232,26,0,300
BRDA:232,26,1,75
BRDA:248,27,0,97
BRDA:248,27,1,1
BRDA:249,28,0,97
BRDA:249,28,1,1
BRDA:250,29,0,97
BRDA:250,29,1,95
BRDA:257,30,0,299
BRDA:257,30,1,1
BRDA:259,31,0,0
BRDA:259,31,1,299
BRDA:264,32,0,300
BRDA:264,32,1,75
BRDA:290,33,0,0
BRDA:290,33,1,0
BRDA:295,34,0,0
BRDA:295,34,1,0
BRDA:316,35,0,0
BRDA:316,35,1,0
BRDA:326,36,0,0
BRDA:326,36,1,0
BRDA:341,37,0,0
BRDA:341,37,1,0
BRDA:372,38,0,16
BRDA:372,38,1,1
BRDA:377,39,0,0
BRDA:377,39,1,55
BRDA:378,40,0,0
BRDA:378,40,1,55
BRDA:379,41,0,0
BRDA:379,41,1,55
BRDA:384,42,0,2
BRDA:384,42,1,54
BRDA:408,43,0,89
BRDA:408,43,1,1
BRDA:421,44,0,56
BRDA:421,44,1,2
BRDA:426,45,0,56
BRDA:426,45,1,54
BRDA:428,46,0,2
BRDA:428,46,1,54
BRDA:441,47,0,2
BRDA:441,47,1,0
BRDA:443,48,0,2
BRDA:443,48,1,2
BRDA:448,49,0,2
BRDA:448,49,1,2
BRDA:497,50,0,16
BRDA:497,50,1,1
BRDA:504,51,0,2
BRDA:504,51,1,54
BRDA:528,52,0,45
BRDA:528,52,1,47
BRDA:529,53,0,45
BRDA:529,53,1,47
BRDA:530,54,0,0
BRDA:530,54,1,92
BRDA:544,55,0,56
BRDA:544,55,1,2
BRDA:549,56,0,56
BRDA:549,56,1,54
BRDA:551,57,0,2
BRDA:551,57,1,54
BRDA:563,58,0,2
BRDA:563,58,1,2
BRDA:567,59,0,2
BRDA:567,59,1,2
BRDA:568,60,0,2
BRDA:568,60,1,0
BRDA:569,61,0,2
BRDA:569,61,1,0
BRDA:574,62,0,2
BRDA:574,62,1,2
BRDA:586,63,0,2
BRDA:586,63,1,2
BRDA:611,64,0,0
BRDA:611,64,1,97
BRDA:619,65,0,0
BRDA:619,65,1,97
BRDA:647,66,0,1
BRDA:647,66,1,2
BRDA:647,67,0,1
BRDA:647,67,1,1
BRDA:651,68,0,95
BRDA:651,68,1,2
BRDA:651,69,0,1
BRDA:651,69,1,1
BRDA:654,70,0,1
BRDA:654,70,1,2
BRDA:654,71,0,1
BRDA:654,71,1,1
BRDA:658,72,0,49
BRDA:658,72,1,2
BRDA:661,73,0,4
BRDA:661,73,1,4
BRDA:669,74,0,28
BRDA:669,74,1,60
BRDA:669,75,0,2
BRDA:669,75,1,86
BRDA:675,76,0,52
BRDA:675,76,1,2
BRDA:677,77,0,4
BRDA:677,77,1,7
BRDA:678,78,0,0
BRDA:678,78,1,11
BRDA:679,79,0,4
BRDA:679,79,1,7
BRDA:681,80,0,4
BRDA:681,80,1,3
BRDA:681,81,0,5
BRDA:681,81,1,2
BRDA:681,82,0,2
BRDA:681,82,1,0
BRDA:694,83,0,0
BRDA:694,83,1,4
BRDA:695,84,0,2
BRDA:695,84,1,2
BRDA:699,85,0,2
BRDA:699,85,1,0
BRDA:702,86,0,1
BRDA:702,86,1,1
BRDA:705,87,0,0
BRDA:705,87,1,1
BRDA:729,88,0,0
BRDA:729,88,1,1
BRDA:738,89,0,0
BRDA:738,89,1,0
BRDA:739,90,0,0
BRDA:739,90,1,0
BRDA:744,91,0,0
BRDA:744,91,1,0
BRDA:746,92,0,0
BRDA:746,92,1,0
BRDA:750,93,0,0
BRDA:750,93,1,0
BRDA:751,94,0,0
BRDA:751,94,1,0
BRDA:756,95,0,0
BRDA:756,95,1,0
BRDA:758,96,0,0
BRDA:758,96,1,0
BRDA:764,97,0,1
BRDA:764,97,1,1
BRDA:773,98,0,0
BRDA:773,98,1,1
BRDA:776,99,0,0
BRDA:776,99,1,1
BRDA:783,100,0,0
BRDA:783,100,1,1
BRDA:793,101,0,0
BRDA:793,101,1,0
BRDA:793,102,0,0
BRDA:793,102,1,0
BRDA:796,103,0,0
BRDA:796,103,1,0
BRDA:796,103,2,0
BRDA:797,104,0,0
BRDA:797,104,1,0
BRDA:805,105,0,46
BRDA:805,105,1,51
BRDA:806,106,0,19
BRDA:806,106,1,78
BRDA:809,107,0,19
BRDA:809,107,1,78
BRDA:815,108,0,97
BRDA:815,108,1,45
BRDA:833,109,0,97
BRDA:833,109,1,52
BRDA:834,110,0,97
BRDA:834,110,1,46
BRDA:847,111,0,17
BRDA:847,111,1,29
BRDA:847,112,0,46
BRDA:847,112,1,17
BRDA:861,113,0,17
BRDA:861,113,1,29
BRDA:862,114,0,17
BRDA:862,114,1,29
BRDA:865,115,0,17
BRDA:865,115,1,29
BRDA:879,116,0,17
BRDA:879,116,1,29
BRDA:879,117,0,46
BRDA:879,117,1,17
BRDA:883,118,0,17
BRDA:883,118,1,0
BRDA:888,119,0,29
BRDA:888,119,1,28
BRDA:898,120,0,17
BRDA:898,120,1,29
BRDA:898,121,0,46
BRDA:898,121,1,17
BRDA:904,122,0,34
BRDA:904,122,1,0
BRDA:968,123,0,55
BRDA:968,123,1,0
BRDA:971,124,0,55
BRDA:971,124,1,0
BRDA:982,125,0,17
BRDA:982,125,1,29
BRDA:982,126,0,46
BRDA:982,126,1,17
BRDA:992,127,0,29
BRDA:992,127,1,28
BRDA:1048,128,0,97
BRDA:1048,128,1,2
BRDA:1056,129,0,97
BRDA:1056,129,1,2
BRDA:1063,130,0,97
BRDA:1063,130,1,2
BRDA:1070,131,0,97
BRDA:1070,131,1,2
BRDA:1077,132,0,97
BRDA:1077,132,1,0
BRDA:1077,132,2,0
BRDA:1089,133,0,97
BRDA:1089,133,1,0
BRDA:1089,133,2,0
BRF:271
BRH:187
end_of_record
TN:
SF:src/views/ExtratasksView.tsx
FN:18,parseDateTime
FN:22,buildChangeText
FN:27,(anonymous_3)
FN:28,(anonymous_4)
FN:29,(anonymous_5)
FN:30,(anonymous_6)
FN:48,StatusBadge
FN:63,ContactCard
FN:81,CreateExtraDialog
FN:89,(anonymous_10)
FN:94,(anonymous_11)
FN:95,(anonymous_12)
FN:100,(anonymous_13)
FN:104,(anonymous_14)
FN:114,HistoryList
FN:131,(anonymous_16)
FN:135,(anonymous_17)
FN:136,(anonymous_18)
FN:142,(anonymous_19)
FN:154,(anonymous_20)
FN:155,(anonymous_21)
FN:175,(anonymous_22)
FN:185,(anonymous_23)
FN:195,(anonymous_24)
FN:207,(anonymous_25)
FN:212,(anonymous_26)
FN:228,ExtratasksView
FN:251,(anonymous_28)
FN:253,(anonymous_29)
FN:253,(anonymous_30)
FN:256,(anonymous_31)
FN:258,(anonymous_32)
FN:265,(anonymous_33)
FN:300,(anonymous_34)
FN:309,handleUpdateEvent
FN:311,(anonymous_36)
FN:315,handleDeleteEvent
FN:317,(anonymous_38)
FN:321,handleCreateExtra
FN:331,handleCreateEvent
FN:341,(anonymous_41)
FN:355,(anonymous_42)
FN:355,(anonymous_43)
FN:362,(anonymous_44)
FN:384,(anonymous_45)
FN:394,(anonymous_46)
FN:413,(anonymous_47)
FN:425,(anonymous_48)
FN:445,(anonymous_49)
FN:458,(anonymous_50)
FN:475,(anonymous_51)
FN:485,(anonymous_52)
FN:488,(anonymous_53)
FN:501,(anonymous_54)
FN:504,(anonymous_55)
FN:513,(anonymous_56)
FN:519,(anonymous_57)
FN:538,(anonymous_58)
FN:544,(anonymous_59)
FN:545,(anonymous_60)
FN:561,(anonymous_61)
FN:582,(anonymous_62)
FN:588,(anonymous_63)
FN:608,(anonymous_64)
FN:615,(anonymous_65)
FN:622,(anonymous_66)
FN:626,(anonymous_67)
FN:627,(anonymous_68)
FN:631,(anonymous_69)
FN:632,(anonymous_70)
FNF:70
FNH:42
FNDA:44,parseDateTime
FNDA:2,buildChangeText
FNDA:2,(anonymous_3)
FNDA:2,(anonymous_4)
FNDA:2,(anonymous_5)
FNDA:2,(anonymous_6)
FNDA:225,StatusBadge
FNDA:42,ContactCard
FNDA:23,CreateExtraDialog
FNDA:0,(anonymous_10)
FNDA:21,(anonymous_11)
FNDA:0,(anonymous_12)
FNDA:0,(anonymous_13)
FNDA:1,(anonymous_14)
FNDA:48,HistoryList
FNDA:13,(anonymous_16)
FNDA:3,(anonymous_17)
FNDA:50,(anonymous_18)
FNDA:44,(anonymous_19)
FNDA:44,(anonymous_20)
FNDA:41,(anonymous_21)
FNDA:0,(anonymous_22)
FNDA:0,(anonymous_23)
FNDA:0,(anonymous_24)
FNDA:0,(anonymous_25)
FNDA:0,(anonymous_26)
FNDA:78,ExtratasksView
FNDA:16,(anonymous_28)
FNDA:32,(anonymous_29)
FNDA:64,(anonymous_30)
FNDA:106,(anonymous_31)
FNDA:13,(anonymous_32)
FNDA:4,(anonymous_33)
FNDA:1,(anonymous_34)
FNDA:0,handleUpdateEvent
FNDA:0,(anonymous_36)
FNDA:0,handleDeleteEvent
FNDA:0,(anonymous_38)
FNDA:1,handleCreateExtra
FNDA:1,handleCreateEvent
FNDA:0,(anonymous_41)
FNDA:92,(anonymous_42)
FNDA:92,(anonymous_43)
FNDA:183,(anonymous_44)
FNDA:183,(anonymous_45)
FNDA:2,(anonymous_46)
FNDA:0,(anonymous_47)
FNDA:19,(anonymous_48)
FNDA:2,(anonymous_49)
FNDA:0,(anonymous_50)
FNDA:21,(anonymous_51)
FNDA:0,(anonymous_52)
FNDA:0,(anonymous_53)
FNDA:0,(anonymous_54)
FNDA:63,(anonymous_55)
FNDA:0,(anonymous_56)
FNDA:0,(anonymous_57)
FNDA:23,(anonymous_58)
FNDA:32,(anonymous_59)
FNDA:1,(anonymous_60)
FNDA:0,(anonymous_61)
FNDA:2,(anonymous_62)
FNDA:0,(anonymous_63)
FNDA:1,(anonymous_64)
FNDA:0,(anonymous_65)
FNDA:0,(anonymous_66)
FNDA:0,(anonymous_67)
FNDA:0,(anonymous_68)
FNDA:0,(anonymous_69)
FNDA:0,(anonymous_70)
DA:1,1
DA:2,1
DA:3,1
DA:4,1
DA:5,1
DA:6,1
DA:7,1
DA:8,1
DA:9,1
DA:10,1
DA:11,1
DA:12,1
DA:19,44
DA:23,2
DA:24,2
DA:25,2
DA:26,2
DA:27,2
DA:28,2
DA:29,2
DA:30,2
DA:31,2
DA:32,2
DA:33,2
DA:39,1
DA:43,1
DA:50,225
DA:53,225
DA:64,42
DA:85,23
DA:86,23
DA:87,23
DA:88,23
DA:89,0
DA:94,21
DA:95,0
DA:100,0
DA:104,1
DA:129,48
DA:131,48
DA:132,13
DA:135,48
DA:136,50
DA:138,48
DA:143,44
DA:155,44
DA:156,44
DA:167,48
DA:175,0
DA:185,0
DA:196,0
DA:207,0
DA:212,0
DA:228,1
DA:229,78
DA:230,78
DA:231,78
DA:232,78
DA:233,78
DA:234,78
DA:237,78
DA:240,78
DA:241,78
DA:242,78
DA:243,78
DA:244,78
DA:245,78
DA:246,78
DA:247,78
DA:248,78
DA:249,78
DA:251,78
DA:252,78
DA:253,64
DA:256,106
DA:258,78
DA:259,13
DA:260,13
DA:261,13
DA:262,13
DA:265,78
DA:266,4
DA:267,4
DA:268,2
DA:269,2
DA:271,2
DA:272,2
DA:273,2
DA:274,2
DA:275,1
DA:276,1
DA:277,1
DA:278,0
DA:283,1
DA:292,1
DA:294,2
DA:296,2
DA:300,78
DA:301,1
DA:302,1
DA:303,1
DA:304,1
DA:305,1
DA:306,1
DA:310,0
DA:311,0
DA:312,0
DA:316,0
DA:317,0
DA:318,0
DA:322,1
DA:326,1
DA:327,1
DA:328,1
DA:332,1
DA:333,1
DA:337,1
DA:338,1
DA:341,78
DA:342,0
DA:343,0
DA:348,0
DA:349,0
DA:350,0
DA:351,0
DA:354,78
DA:355,92
DA:358,78
DA:363,183
DA:364,183
DA:384,183
DA:388,78
DA:394,2
DA:413,0
DA:425,19
DA:445,2
DA:458,0
DA:476,21
DA:486,0
DA:488,0
DA:501,0
DA:505,63
DA:513,0
DA:519,0
DA:539,23
DA:544,32
DA:545,1
DA:561,0
DA:582,2
DA:588,0
DA:608,1
DA:615,0
DA:622,0
DA:627,0
DA:628,0
DA:631,0
DA:632,0
LF:157
LH:121
BRDA:24,0,0,1
BRDA:24,0,1,1
BRDA:25,1,0,0
BRDA:25,1,1,2
BRDA:25,2,0,0
BRDA:25,2,1,0
BRDA:25,3,0,0
BRDA:25,3,1,0
BRDA:26,4,0,0
BRDA:26,4,1,2
BRDA:31,5,0,0
BRDA:31,5,1,2
BRDA:32,6,0,0
BRDA:32,6,1,2
BRDA:33,7,0,1
BRDA:33,7,1,1
BRDA:50,8,0,62
BRDA:50,8,1,163
BRDA:50,9,0,225
BRDA:50,9,1,62
BRDA:68,10,0,42
BRDA:68,10,1,21
BRDA:89,11,0,0
BRDA:89,11,1,0
BRDA:132,12,0,13
BRDA:132,12,1,0
BRDA:158,13,0,39
BRDA:158,13,1,5
BRDA:159,14,0,1
BRDA:159,14,1,43
BRDA:160,15,0,1
BRDA:160,15,1,43
BRDA:174,16,0,48
BRDA:174,16,1,0
BRDA:179,17,0,48
BRDA:179,17,1,48
BRDA:181,18,0,0
BRDA:181,18,1,48
BRDA:193,19,0,0
BRDA:193,19,1,0
BRDA:197,20,0,0
BRDA:197,20,1,0
BRDA:198,21,0,0
BRDA:198,21,1,0
BRDA:199,22,0,0
BRDA:199,22,1,0
BRDA:205,23,0,0
BRDA:205,23,1,0
BRDA:230,24,0,0
BRDA:230,24,1,78
BRDA:238,25,0,0
BRDA:238,25,1,78
BRDA:266,26,0,0
BRDA:266,26,1,4
BRDA:267,27,0,2
BRDA:267,27,1,2
BRDA:271,28,0,2
BRDA:271,28,1,0
BRDA:274,29,0,1
BRDA:274,29,1,1
BRDA:277,30,0,0
BRDA:277,30,1,1
BRDA:301,31,0,0
BRDA:301,31,1,1
BRDA:310,32,0,0
BRDA:310,32,1,0
BRDA:311,33,0,0
BRDA:311,33,1,0
BRDA:316,34,0,0
BRDA:316,34,1,0
BRDA:318,35,0,0
BRDA:318,35,1,0
BRDA:324,36,0,1
BRDA:324,36,1,1
BRDA:332,37,0,0
BRDA:332,37,1,1
BRDA:342,38,0,0
BRDA:342,38,1,0
BRDA:342,39,0,0
BRDA:342,39,1,0
BRDA:345,40,0,0
BRDA:345,40,1,0
BRDA:345,40,2,0
BRDA:346,41,0,0
BRDA:346,41,1,0
BRDA:354,42,0,23
BRDA:354,42,1,55
BRDA:363,43,0,183
BRDA:363,43,1,1
BRDA:369,44,0,183
BRDA:369,44,1,61
BRDA:391,45,0,78
BRDA:391,45,1,42
BRDA:408,46,0,78
BRDA:408,46,1,36
BRDA:409,47,0,43
BRDA:409,47,1,35
BRDA:421,48,0,21
BRDA:421,48,1,22
BRDA:421,49,0,43
BRDA:421,49,1,21
BRDA:435,50,0,21
BRDA:435,50,1,22
BRDA:436,51,0,21
BRDA:436,51,1,22
BRDA:439,52,0,21
BRDA:439,52,1,22
BRDA:453,53,0,21
BRDA:453,53,1,22
BRDA:453,54,0,43
BRDA:453,54,1,21
BRDA:457,55,0,21
BRDA:457,55,1,0
BRDA:462,56,0,22
BRDA:462,56,1,18
BRDA:472,57,0,21
BRDA:472,57,1,22
BRDA:472,58,0,43
BRDA:472,58,1,21
BRDA:478,59,0,21
BRDA:478,59,1,0
BRDA:541,60,0,23
BRDA:541,60,1,0
BRDA:544,61,0,23
BRDA:544,61,1,0
BRDA:555,62,0,21
BRDA:555,62,1,22
BRDA:555,63,0,43
BRDA:555,63,1,21
BRDA:565,64,0,22
BRDA:565,64,1,21
BRDA:604,65,0,78
BRDA:604,65,1,2
BRDA:612,66,0,78
BRDA:612,66,1,2
BRDA:619,67,0,78
BRDA:619,67,1,2
BRDA:626,68,0,78
BRDA:626,68,1,0
BRDA:626,68,2,0
BRF:140
BRH:87
end_of_record
TN:
SF:src/views/LoginView.tsx
FN:7,LoginView
FN:14,handleSubmit
FN:34,(anonymous_2)
FN:44,(anonymous_3)
FNF:4
FNH:4
FNDA:49,LoginView
FNDA:2,handleSubmit
FNDA:33,(anonymous_2)
FNDA:9,(anonymous_3)
DA:1,1
DA:2,1
DA:3,1
DA:4,1
DA:5,1
DA:7,1
DA:8,49
DA:9,49
DA:10,49
DA:11,49
DA:12,49
DA:15,2
DA:16,2
DA:17,1
DA:19,1
DA:23,49
DA:34,33
DA:44,9
LF:18
LH:18
BRDA:16,0,0,1
BRDA:16,0,1,1
BRDA:53,1,0,49
BRDA:53,1,1,1
BRF:4
BRH:4
end_of_record
TN:
SF:src/views/ProfileView.tsx
FN:9,genderLabel
FN:15,ProfileView
FNF:2
FNH:2
FNDA:6,genderLabel
FNDA:6,ProfileView
DA:1,1
DA:7,1
DA:10,6
DA:11,5
DA:12,4
DA:15,1
DA:16,6
DA:18,6
LF:8
LH:8
BRDA:10,0,0,1
BRDA:10,0,1,5
BRDA:11,1,0,1
BRDA:11,1,1,4
BRF:4
BRH:4
end_of_record
TN:
SF:src/views/RegisterView.tsx
FN:8,RegisterView
FN:19,handleSubmit
FN:44,(anonymous_2)
FN:54,(anonymous_3)
FN:64,(anonymous_4)
FN:74,(anonymous_5)
FN:82,(anonymous_6)
FN:95,(anonymous_7)
FNF:8
FNH:7
FNDA:82,RegisterView
FNDA:3,handleSubmit
FNDA:35,(anonymous_2)
FNDA:14,(anonymous_3)
FNDA:8,(anonymous_4)
FNDA:14,(anonymous_5)
FNDA:0,(anonymous_6)
FNDA:2,(anonymous_7)
DA:1,1
DA:2,1
DA:3,1
DA:4,1
DA:5,1
DA:6,1
DA:8,1
DA:9,82
DA:10,82
DA:11,82
DA:12,82
DA:13,82
DA:14,82
DA:15,82
DA:16,82
DA:17,82
DA:20,3
DA:21,3
DA:22,1
DA:23,1
DA:25,2
DA:26,2
DA:27,1
DA:28,1
DA:30,1
DA:33,82
DA:44,35
DA:54,14
DA:64,8
DA:74,14
DA:82,0
DA:95,2
LF:32
LH:31
BRDA:21,0,0,1
BRDA:21,0,1,2
BRDA:21,1,0,3
BRDA:21,1,1,2
BRDA:21,1,2,2
BRDA:21,1,3,2
BRDA:21,1,4,2
BRDA:25,2,0,2
BRDA:25,2,1,2
BRDA:26,3,0,1
BRDA:26,3,1,1
BRDA:83,4,0,82
BRDA:83,4,1,82
BRDA:96,5,0,82
BRDA:96,5,1,78
BRDA:104,6,0,82
BRDA:104,6,1,2
BRF:17
BRH:17
end_of_record
